#! /usr/local/iverilog/bin/vvp
:ivl_version "11.0 (devel)" "(s20150603-642-g3bdb50da)";
:ivl_delay_selection "TYPICAL";
:vpi_time_precision + 0;
:vpi_module "system";
:vpi_module "vhdl_sys";
:vpi_module "vhdl_textio";
:vpi_module "v2005_math";
:vpi_module "va_math";
S_0000000001146520 .scope module, "CPU" "CPU" 2 16;
 .timescale 0 0;
    .port_info 0 /INPUT 1 "CLK";
    .port_info 1 /INPUT 1 "rst";
    .port_info 2 /OUTPUT 32 "out_ALU";
    .port_info 3 /OUTPUT 32 "R_data1";
    .port_info 4 /OUTPUT 32 "R_data2";
    .port_info 5 /OUTPUT 32 "Address_in_PC";
    .port_info 6 /OUTPUT 32 "Address_out_PC";
    .port_info 7 /OUTPUT 32 "Address_Add_PC";
    .port_info 8 /OUTPUT 32 "Inst";
    .port_info 9 /OUTPUT 32 "R_data";
    .port_info 10 /OUTPUT 32 "Inst_Left";
    .port_info 11 /OUTPUT 1 "zero";
v00000000011fc7e0_0 .net "ALUCtrl", 2 0, v00000000011f6e60_0;  1 drivers
v00000000011fb200_0 .net "ALUOp", 1 0, L_00000000015a1c50;  1 drivers
v00000000011fb3e0_0 .net "ALUSrc", 0 0, L_00000000015a3370;  1 drivers
v00000000011fc100_0 .net "ALU_B", 31 0, L_00000000015a37d0;  1 drivers
v00000000011fb840_0 .net "Add2B", 31 0, v00000000011fbb60_0;  1 drivers
v00000000011fb480_0 .net "Address_Add_PC", 31 0, L_00000000011fc420;  1 drivers
v00000000011fb5c0_0 .net "Address_in_PC", 31 0, L_00000000015a2010;  1 drivers
v00000000011fcf60_0 .net "Address_out_PC", 31 0, v00000000011f8ee0_0;  1 drivers
v00000000011fcc40_0 .net "Branch", 0 0, L_00000000015a2d30;  1 drivers
v00000000011fcce0_0 .net "Branch_or_normal", 31 0, L_00000000015a1f70;  1 drivers
o00000000011ae798 .functor BUFZ 1, C4<z>; HiZ drive
v00000000011fc880_0 .net "CLK", 0 0, o00000000011ae798;  0 drivers
v00000000011fc920_0 .net "Inst", 31 0, v00000000011f6c80_0;  1 drivers
v00000000011fc1a0_0 .net "Inst_Left", 31 0, v00000000011f5600_0;  1 drivers
v00000000011fb520_0 .net "Jump", 0 0, L_00000000015a2150;  1 drivers
v00000000011fcd80_0 .net "MemRd", 0 0, L_00000000015a3410;  1 drivers
v00000000011fb8e0_0 .net "MemWr", 0 0, L_00000000015a34b0;  1 drivers
v00000000011fce20_0 .net "MemtoReg", 0 0, L_00000000015a3550;  1 drivers
v00000000011fba20_0 .net "Mux32_3_select", 0 0, L_0000000001167c70;  1 drivers
v00000000011fcec0_0 .net "R_data", 31 0, L_00000000015a21f0;  1 drivers
v00000000011fbc00_0 .net "R_data1", 31 0, L_0000000001167b20;  1 drivers
v00000000011fc240_0 .net "R_data2", 31 0, L_0000000001167dc0;  1 drivers
v00000000011fb160_0 .net "RegDst", 0 0, L_00000000011fc4c0;  1 drivers
v00000000011fbe80_0 .net "RegWr", 0 0, L_00000000015a2a10;  1 drivers
v00000000011fb700_0 .net "W_Reg", 4 0, L_00000000015a35f0;  1 drivers
v00000000011fb7a0_0 .net "W_data", 31 0, L_00000000015a2510;  1 drivers
v00000000011fb2a0_0 .net "outAdd2", 31 0, L_00000000015a1d90;  1 drivers
v00000000011fc2e0_0 .net "out_ALU", 31 0, L_00000000015a1a70;  1 drivers
v00000000011fb980_0 .net "outsig", 31 0, v00000000011fc740_0;  1 drivers
v00000000011fbd40_0 .net "overflow", 0 0, L_00000000015a3190;  1 drivers
o00000000011ae7c8 .functor BUFZ 1, C4<z>; HiZ drive
v00000000011fbde0_0 .net "rst", 0 0, o00000000011ae7c8;  0 drivers
v00000000011fc380_0 .net "zero", 0 0, L_00000000015a1bb0;  1 drivers
L_00000000015a3050 .part v00000000011f6c80_0, 26, 6;
L_00000000015a2ab0 .part v00000000011f6c80_0, 16, 5;
L_00000000015a1930 .part v00000000011f6c80_0, 11, 5;
L_00000000015a2dd0 .part v00000000011f6c80_0, 21, 5;
L_00000000015a2290 .part v00000000011f6c80_0, 16, 5;
L_00000000015a3230 .part v00000000011f6c80_0, 0, 16;
L_00000000015a30f0 .part v00000000011f6c80_0, 0, 6;
L_00000000015a2650 .part v00000000011f6c80_0, 0, 26;
L_00000000015a26f0 .part L_00000000011fc420, 28, 4;
S_0000000001143c50 .scope module, "MUX32_2" "MUX32" 2 47, 3 1 0, S_0000000001146520;
 .timescale 0 0;
    .port_info 0 /INPUT 32 "A";
    .port_info 1 /INPUT 32 "B";
    .port_info 2 /INPUT 1 "Select";
    .port_info 3 /OUTPUT 32 "S";
v000000000118a270_0 .net "A", 31 0, L_00000000015a1a70;  alias, 1 drivers
v00000000011f6640_0 .net "B", 31 0, L_00000000015a21f0;  alias, 1 drivers
v00000000011f6460_0 .net "S", 31 0, L_00000000015a2510;  alias, 1 drivers
v00000000011f60a0_0 .net "Select", 0 0, L_00000000015a3550;  alias, 1 drivers
v00000000011f5240_0 .net *"_s0", 31 0, L_00000000015a2830;  1 drivers
L_0000000001549be0 .functor BUFT 1, C4<0000000000000000000000000000000>, C4<0>, C4<0>, C4<0>;
v00000000011f6500_0 .net *"_s3", 30 0, L_0000000001549be0;  1 drivers
L_0000000001549c28 .functor BUFT 1, C4<00000000000000000000000000000000>, C4<0>, C4<0>, C4<0>;
v00000000011f5060_0 .net/2u *"_s4", 31 0, L_0000000001549c28;  1 drivers
v00000000011f5b00_0 .net *"_s6", 0 0, L_00000000015a2f10;  1 drivers
L_00000000015a2830 .concat [ 1 31 0 0], L_00000000015a3550, L_0000000001549be0;
L_00000000015a2f10 .cmp/eq 32, L_00000000015a2830, L_0000000001549c28;
L_00000000015a2510 .functor MUXZ 32, L_00000000015a21f0, L_00000000015a1a70, L_00000000015a2f10, C4<>;
S_00000000011817d0 .scope module, "add2" "Add1" 2 49, 4 1 0, S_0000000001146520;
 .timescale 0 0;
    .port_info 0 /INPUT 32 "A";
    .port_info 1 /INPUT 32 "B";
    .port_info 2 /OUTPUT 32 "C";
v00000000011f6140_0 .net "A", 31 0, L_00000000011fc420;  alias, 1 drivers
v00000000011f6d20_0 .net "B", 31 0, v00000000011fbb60_0;  alias, 1 drivers
v00000000011f66e0_0 .net "C", 31 0, L_00000000015a1d90;  alias, 1 drivers
L_00000000015a1d90 .arith/sum 32, L_00000000011fc420, v00000000011fbb60_0;
S_0000000001181960 .scope module, "alu" "ALU" 2 45, 5 1 0, S_0000000001146520;
 .timescale 0 0;
    .port_info 0 /INPUT 32 "A";
    .port_info 1 /INPUT 32 "B";
    .port_info 2 /INPUT 3 "Mod";
    .port_info 3 /OUTPUT 32 "C";
    .port_info 4 /OUTPUT 1 "Z";
    .port_info 5 /OUTPUT 1 "O";
P_0000000001166810 .param/l "Add" 0 5 9, C4<100>;
P_0000000001166848 .param/l "Addu" 0 5 11, C4<100>;
P_0000000001166880 .param/l "And" 0 5 12, C4<000>;
P_00000000011668b8 .param/l "Or" 0 5 13, C4<001>;
P_00000000011668f0 .param/l "Slt" 0 5 14, C4<011>;
P_0000000001166928 .param/l "Sub" 0 5 10, C4<110>;
P_0000000001166960 .param/l "bits" 0 5 16, +C4<00000000000000000000000000011111>;
L_0000000001167c00 .functor BUFZ 32, L_00000000015a37d0, C4<00000000000000000000000000000000>, C4<00000000000000000000000000000000>, C4<00000000000000000000000000000000>;
L_0000000001167e30 .functor BUFZ 32, L_0000000001167b20, C4<00000000000000000000000000000000>, C4<00000000000000000000000000000000>, C4<00000000000000000000000000000000>;
v00000000011f52e0_0 .net "A", 31 0, L_0000000001167b20;  alias, 1 drivers
v00000000011f63c0_0 .net "B", 31 0, L_00000000015a37d0;  alias, 1 drivers
v00000000011f6b40_0 .net "C", 31 0, L_00000000015a1a70;  alias, 1 drivers
v00000000011f6a00_0 .net "Mod", 2 0, v00000000011f6e60_0;  alias, 1 drivers
v00000000011f6780_0 .net "O", 0 0, L_00000000015a3190;  alias, 1 drivers
v00000000011f61e0_0 .net/s "SA", 31 0, L_0000000001167e30;  1 drivers
v00000000011f5d80_0 .net/s "SB", 31 0, L_0000000001167c00;  1 drivers
v00000000011f5420_0 .net "Z", 0 0, L_00000000015a1bb0;  alias, 1 drivers
L_0000000001549b08 .functor BUFT 1, C4<01>, C4<0>, C4<0>, C4<0>;
v00000000011f54c0_0 .net/2s *"_s10", 1 0, L_0000000001549b08;  1 drivers
L_0000000001549b50 .functor BUFT 1, C4<00>, C4<0>, C4<0>, C4<0>;
v00000000011f5380_0 .net/2s *"_s12", 1 0, L_0000000001549b50;  1 drivers
v00000000011f57e0_0 .net *"_s14", 1 0, L_00000000015a1cf0;  1 drivers
L_0000000001549ac0 .functor BUFT 1, C4<00000000000000000000000000000000>, C4<0>, C4<0>, C4<0>;
v00000000011f6dc0_0 .net/2u *"_s6", 31 0, L_0000000001549ac0;  1 drivers
v00000000011f6aa0_0 .net *"_s8", 0 0, L_00000000015a1b10;  1 drivers
v00000000011f65a0_0 .var "result", 32 0;
E_0000000001191890/0 .event edge, v00000000011f6a00_0, v00000000011f52e0_0, v00000000011f63c0_0, v00000000011f61e0_0;
E_0000000001191890/1 .event edge, v00000000011f5d80_0;
E_0000000001191890 .event/or E_0000000001191890/0, E_0000000001191890/1;
L_00000000015a1a70 .part v00000000011f65a0_0, 0, 32;
L_00000000015a1b10 .cmp/eq 32, L_00000000015a1a70, L_0000000001549ac0;
L_00000000015a1cf0 .functor MUXZ 2, L_0000000001549b50, L_0000000001549b08, L_00000000015a1b10, C4<>;
L_00000000015a1bb0 .part L_00000000015a1cf0, 0, 1;
L_00000000015a3190 .part v00000000011f65a0_0, 32, 1;
S_00000000011669a0 .scope module, "alucu" "ALUCU" 2 44, 6 1 0, S_0000000001146520;
 .timescale 0 0;
    .port_info 0 /INPUT 6 "funct";
    .port_info 1 /INPUT 2 "ALUOp";
    .port_info 2 /OUTPUT 3 "ALUCtrl";
v00000000011f6e60_0 .var "ALUCtrl", 2 0;
v00000000011f5f60_0 .net "ALUOp", 1 0, L_00000000015a1c50;  alias, 1 drivers
v00000000011f6280_0 .net "funct", 5 0, L_00000000015a30f0;  1 drivers
E_0000000001191c10 .event edge, v00000000011f5f60_0, v00000000011f6280_0;
S_00000000011653e0 .scope module, "andgate" "AndGate" 2 50, 7 1 0, S_0000000001146520;
 .timescale 0 0;
    .port_info 0 /OUTPUT 1 "R";
    .port_info 1 /INPUT 1 "A";
    .port_info 2 /INPUT 1 "B";
L_0000000001167c70 .functor AND 1, L_00000000015a2d30, L_00000000015a1bb0, C4<1>, C4<1>;
v00000000011f56a0_0 .net "A", 0 0, L_00000000015a2d30;  alias, 1 drivers
v00000000011f5100_0 .net "B", 0 0, L_00000000015a1bb0;  alias, 1 drivers
v00000000011f5740_0 .net "R", 0 0, L_0000000001167c70;  alias, 1 drivers
S_0000000001165570 .scope module, "coderam" "CodeRam" 2 38, 8 1 0, S_0000000001146520;
 .timescale 0 0;
    .port_info 0 /INPUT 32 "Addr";
    .port_info 1 /OUTPUT 32 "Inst";
v00000000011f5920_0 .net "Addr", 31 0, v00000000011f8ee0_0;  alias, 1 drivers
v00000000011f6c80_0 .var "Inst", 31 0;
v00000000011f6820 .array "mem", 255 0, 31 0;
v00000000011f59c0_0 .var "tempaddr", 7 0;
v00000000011f6820_0 .array/port v00000000011f6820, 0;
v00000000011f6820_1 .array/port v00000000011f6820, 1;
E_0000000001191c50/0 .event edge, v00000000011f5920_0, v00000000011f59c0_0, v00000000011f6820_0, v00000000011f6820_1;
v00000000011f6820_2 .array/port v00000000011f6820, 2;
v00000000011f6820_3 .array/port v00000000011f6820, 3;
v00000000011f6820_4 .array/port v00000000011f6820, 4;
v00000000011f6820_5 .array/port v00000000011f6820, 5;
E_0000000001191c50/1 .event edge, v00000000011f6820_2, v00000000011f6820_3, v00000000011f6820_4, v00000000011f6820_5;
v00000000011f6820_6 .array/port v00000000011f6820, 6;
v00000000011f6820_7 .array/port v00000000011f6820, 7;
v00000000011f6820_8 .array/port v00000000011f6820, 8;
v00000000011f6820_9 .array/port v00000000011f6820, 9;
E_0000000001191c50/2 .event edge, v00000000011f6820_6, v00000000011f6820_7, v00000000011f6820_8, v00000000011f6820_9;
v00000000011f6820_10 .array/port v00000000011f6820, 10;
v00000000011f6820_11 .array/port v00000000011f6820, 11;
v00000000011f6820_12 .array/port v00000000011f6820, 12;
v00000000011f6820_13 .array/port v00000000011f6820, 13;
E_0000000001191c50/3 .event edge, v00000000011f6820_10, v00000000011f6820_11, v00000000011f6820_12, v00000000011f6820_13;
v00000000011f6820_14 .array/port v00000000011f6820, 14;
v00000000011f6820_15 .array/port v00000000011f6820, 15;
v00000000011f6820_16 .array/port v00000000011f6820, 16;
v00000000011f6820_17 .array/port v00000000011f6820, 17;
E_0000000001191c50/4 .event edge, v00000000011f6820_14, v00000000011f6820_15, v00000000011f6820_16, v00000000011f6820_17;
v00000000011f6820_18 .array/port v00000000011f6820, 18;
v00000000011f6820_19 .array/port v00000000011f6820, 19;
v00000000011f6820_20 .array/port v00000000011f6820, 20;
v00000000011f6820_21 .array/port v00000000011f6820, 21;
E_0000000001191c50/5 .event edge, v00000000011f6820_18, v00000000011f6820_19, v00000000011f6820_20, v00000000011f6820_21;
v00000000011f6820_22 .array/port v00000000011f6820, 22;
v00000000011f6820_23 .array/port v00000000011f6820, 23;
v00000000011f6820_24 .array/port v00000000011f6820, 24;
v00000000011f6820_25 .array/port v00000000011f6820, 25;
E_0000000001191c50/6 .event edge, v00000000011f6820_22, v00000000011f6820_23, v00000000011f6820_24, v00000000011f6820_25;
v00000000011f6820_26 .array/port v00000000011f6820, 26;
v00000000011f6820_27 .array/port v00000000011f6820, 27;
v00000000011f6820_28 .array/port v00000000011f6820, 28;
v00000000011f6820_29 .array/port v00000000011f6820, 29;
E_0000000001191c50/7 .event edge, v00000000011f6820_26, v00000000011f6820_27, v00000000011f6820_28, v00000000011f6820_29;
v00000000011f6820_30 .array/port v00000000011f6820, 30;
v00000000011f6820_31 .array/port v00000000011f6820, 31;
v00000000011f6820_32 .array/port v00000000011f6820, 32;
v00000000011f6820_33 .array/port v00000000011f6820, 33;
E_0000000001191c50/8 .event edge, v00000000011f6820_30, v00000000011f6820_31, v00000000011f6820_32, v00000000011f6820_33;
v00000000011f6820_34 .array/port v00000000011f6820, 34;
v00000000011f6820_35 .array/port v00000000011f6820, 35;
v00000000011f6820_36 .array/port v00000000011f6820, 36;
v00000000011f6820_37 .array/port v00000000011f6820, 37;
E_0000000001191c50/9 .event edge, v00000000011f6820_34, v00000000011f6820_35, v00000000011f6820_36, v00000000011f6820_37;
v00000000011f6820_38 .array/port v00000000011f6820, 38;
v00000000011f6820_39 .array/port v00000000011f6820, 39;
v00000000011f6820_40 .array/port v00000000011f6820, 40;
v00000000011f6820_41 .array/port v00000000011f6820, 41;
E_0000000001191c50/10 .event edge, v00000000011f6820_38, v00000000011f6820_39, v00000000011f6820_40, v00000000011f6820_41;
v00000000011f6820_42 .array/port v00000000011f6820, 42;
v00000000011f6820_43 .array/port v00000000011f6820, 43;
v00000000011f6820_44 .array/port v00000000011f6820, 44;
v00000000011f6820_45 .array/port v00000000011f6820, 45;
E_0000000001191c50/11 .event edge, v00000000011f6820_42, v00000000011f6820_43, v00000000011f6820_44, v00000000011f6820_45;
v00000000011f6820_46 .array/port v00000000011f6820, 46;
v00000000011f6820_47 .array/port v00000000011f6820, 47;
v00000000011f6820_48 .array/port v00000000011f6820, 48;
v00000000011f6820_49 .array/port v00000000011f6820, 49;
E_0000000001191c50/12 .event edge, v00000000011f6820_46, v00000000011f6820_47, v00000000011f6820_48, v00000000011f6820_49;
v00000000011f6820_50 .array/port v00000000011f6820, 50;
v00000000011f6820_51 .array/port v00000000011f6820, 51;
v00000000011f6820_52 .array/port v00000000011f6820, 52;
v00000000011f6820_53 .array/port v00000000011f6820, 53;
E_0000000001191c50/13 .event edge, v00000000011f6820_50, v00000000011f6820_51, v00000000011f6820_52, v00000000011f6820_53;
v00000000011f6820_54 .array/port v00000000011f6820, 54;
v00000000011f6820_55 .array/port v00000000011f6820, 55;
v00000000011f6820_56 .array/port v00000000011f6820, 56;
v00000000011f6820_57 .array/port v00000000011f6820, 57;
E_0000000001191c50/14 .event edge, v00000000011f6820_54, v00000000011f6820_55, v00000000011f6820_56, v00000000011f6820_57;
v00000000011f6820_58 .array/port v00000000011f6820, 58;
v00000000011f6820_59 .array/port v00000000011f6820, 59;
v00000000011f6820_60 .array/port v00000000011f6820, 60;
v00000000011f6820_61 .array/port v00000000011f6820, 61;
E_0000000001191c50/15 .event edge, v00000000011f6820_58, v00000000011f6820_59, v00000000011f6820_60, v00000000011f6820_61;
v00000000011f6820_62 .array/port v00000000011f6820, 62;
v00000000011f6820_63 .array/port v00000000011f6820, 63;
v00000000011f6820_64 .array/port v00000000011f6820, 64;
v00000000011f6820_65 .array/port v00000000011f6820, 65;
E_0000000001191c50/16 .event edge, v00000000011f6820_62, v00000000011f6820_63, v00000000011f6820_64, v00000000011f6820_65;
v00000000011f6820_66 .array/port v00000000011f6820, 66;
v00000000011f6820_67 .array/port v00000000011f6820, 67;
v00000000011f6820_68 .array/port v00000000011f6820, 68;
v00000000011f6820_69 .array/port v00000000011f6820, 69;
E_0000000001191c50/17 .event edge, v00000000011f6820_66, v00000000011f6820_67, v00000000011f6820_68, v00000000011f6820_69;
v00000000011f6820_70 .array/port v00000000011f6820, 70;
v00000000011f6820_71 .array/port v00000000011f6820, 71;
v00000000011f6820_72 .array/port v00000000011f6820, 72;
v00000000011f6820_73 .array/port v00000000011f6820, 73;
E_0000000001191c50/18 .event edge, v00000000011f6820_70, v00000000011f6820_71, v00000000011f6820_72, v00000000011f6820_73;
v00000000011f6820_74 .array/port v00000000011f6820, 74;
v00000000011f6820_75 .array/port v00000000011f6820, 75;
v00000000011f6820_76 .array/port v00000000011f6820, 76;
v00000000011f6820_77 .array/port v00000000011f6820, 77;
E_0000000001191c50/19 .event edge, v00000000011f6820_74, v00000000011f6820_75, v00000000011f6820_76, v00000000011f6820_77;
v00000000011f6820_78 .array/port v00000000011f6820, 78;
v00000000011f6820_79 .array/port v00000000011f6820, 79;
v00000000011f6820_80 .array/port v00000000011f6820, 80;
v00000000011f6820_81 .array/port v00000000011f6820, 81;
E_0000000001191c50/20 .event edge, v00000000011f6820_78, v00000000011f6820_79, v00000000011f6820_80, v00000000011f6820_81;
v00000000011f6820_82 .array/port v00000000011f6820, 82;
v00000000011f6820_83 .array/port v00000000011f6820, 83;
v00000000011f6820_84 .array/port v00000000011f6820, 84;
v00000000011f6820_85 .array/port v00000000011f6820, 85;
E_0000000001191c50/21 .event edge, v00000000011f6820_82, v00000000011f6820_83, v00000000011f6820_84, v00000000011f6820_85;
v00000000011f6820_86 .array/port v00000000011f6820, 86;
v00000000011f6820_87 .array/port v00000000011f6820, 87;
v00000000011f6820_88 .array/port v00000000011f6820, 88;
v00000000011f6820_89 .array/port v00000000011f6820, 89;
E_0000000001191c50/22 .event edge, v00000000011f6820_86, v00000000011f6820_87, v00000000011f6820_88, v00000000011f6820_89;
v00000000011f6820_90 .array/port v00000000011f6820, 90;
v00000000011f6820_91 .array/port v00000000011f6820, 91;
v00000000011f6820_92 .array/port v00000000011f6820, 92;
v00000000011f6820_93 .array/port v00000000011f6820, 93;
E_0000000001191c50/23 .event edge, v00000000011f6820_90, v00000000011f6820_91, v00000000011f6820_92, v00000000011f6820_93;
v00000000011f6820_94 .array/port v00000000011f6820, 94;
v00000000011f6820_95 .array/port v00000000011f6820, 95;
v00000000011f6820_96 .array/port v00000000011f6820, 96;
v00000000011f6820_97 .array/port v00000000011f6820, 97;
E_0000000001191c50/24 .event edge, v00000000011f6820_94, v00000000011f6820_95, v00000000011f6820_96, v00000000011f6820_97;
v00000000011f6820_98 .array/port v00000000011f6820, 98;
v00000000011f6820_99 .array/port v00000000011f6820, 99;
v00000000011f6820_100 .array/port v00000000011f6820, 100;
v00000000011f6820_101 .array/port v00000000011f6820, 101;
E_0000000001191c50/25 .event edge, v00000000011f6820_98, v00000000011f6820_99, v00000000011f6820_100, v00000000011f6820_101;
v00000000011f6820_102 .array/port v00000000011f6820, 102;
v00000000011f6820_103 .array/port v00000000011f6820, 103;
v00000000011f6820_104 .array/port v00000000011f6820, 104;
v00000000011f6820_105 .array/port v00000000011f6820, 105;
E_0000000001191c50/26 .event edge, v00000000011f6820_102, v00000000011f6820_103, v00000000011f6820_104, v00000000011f6820_105;
v00000000011f6820_106 .array/port v00000000011f6820, 106;
v00000000011f6820_107 .array/port v00000000011f6820, 107;
v00000000011f6820_108 .array/port v00000000011f6820, 108;
v00000000011f6820_109 .array/port v00000000011f6820, 109;
E_0000000001191c50/27 .event edge, v00000000011f6820_106, v00000000011f6820_107, v00000000011f6820_108, v00000000011f6820_109;
v00000000011f6820_110 .array/port v00000000011f6820, 110;
v00000000011f6820_111 .array/port v00000000011f6820, 111;
v00000000011f6820_112 .array/port v00000000011f6820, 112;
v00000000011f6820_113 .array/port v00000000011f6820, 113;
E_0000000001191c50/28 .event edge, v00000000011f6820_110, v00000000011f6820_111, v00000000011f6820_112, v00000000011f6820_113;
v00000000011f6820_114 .array/port v00000000011f6820, 114;
v00000000011f6820_115 .array/port v00000000011f6820, 115;
v00000000011f6820_116 .array/port v00000000011f6820, 116;
v00000000011f6820_117 .array/port v00000000011f6820, 117;
E_0000000001191c50/29 .event edge, v00000000011f6820_114, v00000000011f6820_115, v00000000011f6820_116, v00000000011f6820_117;
v00000000011f6820_118 .array/port v00000000011f6820, 118;
v00000000011f6820_119 .array/port v00000000011f6820, 119;
v00000000011f6820_120 .array/port v00000000011f6820, 120;
v00000000011f6820_121 .array/port v00000000011f6820, 121;
E_0000000001191c50/30 .event edge, v00000000011f6820_118, v00000000011f6820_119, v00000000011f6820_120, v00000000011f6820_121;
v00000000011f6820_122 .array/port v00000000011f6820, 122;
v00000000011f6820_123 .array/port v00000000011f6820, 123;
v00000000011f6820_124 .array/port v00000000011f6820, 124;
v00000000011f6820_125 .array/port v00000000011f6820, 125;
E_0000000001191c50/31 .event edge, v00000000011f6820_122, v00000000011f6820_123, v00000000011f6820_124, v00000000011f6820_125;
v00000000011f6820_126 .array/port v00000000011f6820, 126;
v00000000011f6820_127 .array/port v00000000011f6820, 127;
v00000000011f6820_128 .array/port v00000000011f6820, 128;
v00000000011f6820_129 .array/port v00000000011f6820, 129;
E_0000000001191c50/32 .event edge, v00000000011f6820_126, v00000000011f6820_127, v00000000011f6820_128, v00000000011f6820_129;
v00000000011f6820_130 .array/port v00000000011f6820, 130;
v00000000011f6820_131 .array/port v00000000011f6820, 131;
v00000000011f6820_132 .array/port v00000000011f6820, 132;
v00000000011f6820_133 .array/port v00000000011f6820, 133;
E_0000000001191c50/33 .event edge, v00000000011f6820_130, v00000000011f6820_131, v00000000011f6820_132, v00000000011f6820_133;
v00000000011f6820_134 .array/port v00000000011f6820, 134;
v00000000011f6820_135 .array/port v00000000011f6820, 135;
v00000000011f6820_136 .array/port v00000000011f6820, 136;
v00000000011f6820_137 .array/port v00000000011f6820, 137;
E_0000000001191c50/34 .event edge, v00000000011f6820_134, v00000000011f6820_135, v00000000011f6820_136, v00000000011f6820_137;
v00000000011f6820_138 .array/port v00000000011f6820, 138;
v00000000011f6820_139 .array/port v00000000011f6820, 139;
v00000000011f6820_140 .array/port v00000000011f6820, 140;
v00000000011f6820_141 .array/port v00000000011f6820, 141;
E_0000000001191c50/35 .event edge, v00000000011f6820_138, v00000000011f6820_139, v00000000011f6820_140, v00000000011f6820_141;
v00000000011f6820_142 .array/port v00000000011f6820, 142;
v00000000011f6820_143 .array/port v00000000011f6820, 143;
v00000000011f6820_144 .array/port v00000000011f6820, 144;
v00000000011f6820_145 .array/port v00000000011f6820, 145;
E_0000000001191c50/36 .event edge, v00000000011f6820_142, v00000000011f6820_143, v00000000011f6820_144, v00000000011f6820_145;
v00000000011f6820_146 .array/port v00000000011f6820, 146;
v00000000011f6820_147 .array/port v00000000011f6820, 147;
v00000000011f6820_148 .array/port v00000000011f6820, 148;
v00000000011f6820_149 .array/port v00000000011f6820, 149;
E_0000000001191c50/37 .event edge, v00000000011f6820_146, v00000000011f6820_147, v00000000011f6820_148, v00000000011f6820_149;
v00000000011f6820_150 .array/port v00000000011f6820, 150;
v00000000011f6820_151 .array/port v00000000011f6820, 151;
v00000000011f6820_152 .array/port v00000000011f6820, 152;
v00000000011f6820_153 .array/port v00000000011f6820, 153;
E_0000000001191c50/38 .event edge, v00000000011f6820_150, v00000000011f6820_151, v00000000011f6820_152, v00000000011f6820_153;
v00000000011f6820_154 .array/port v00000000011f6820, 154;
v00000000011f6820_155 .array/port v00000000011f6820, 155;
v00000000011f6820_156 .array/port v00000000011f6820, 156;
v00000000011f6820_157 .array/port v00000000011f6820, 157;
E_0000000001191c50/39 .event edge, v00000000011f6820_154, v00000000011f6820_155, v00000000011f6820_156, v00000000011f6820_157;
v00000000011f6820_158 .array/port v00000000011f6820, 158;
v00000000011f6820_159 .array/port v00000000011f6820, 159;
v00000000011f6820_160 .array/port v00000000011f6820, 160;
v00000000011f6820_161 .array/port v00000000011f6820, 161;
E_0000000001191c50/40 .event edge, v00000000011f6820_158, v00000000011f6820_159, v00000000011f6820_160, v00000000011f6820_161;
v00000000011f6820_162 .array/port v00000000011f6820, 162;
v00000000011f6820_163 .array/port v00000000011f6820, 163;
v00000000011f6820_164 .array/port v00000000011f6820, 164;
v00000000011f6820_165 .array/port v00000000011f6820, 165;
E_0000000001191c50/41 .event edge, v00000000011f6820_162, v00000000011f6820_163, v00000000011f6820_164, v00000000011f6820_165;
v00000000011f6820_166 .array/port v00000000011f6820, 166;
v00000000011f6820_167 .array/port v00000000011f6820, 167;
v00000000011f6820_168 .array/port v00000000011f6820, 168;
v00000000011f6820_169 .array/port v00000000011f6820, 169;
E_0000000001191c50/42 .event edge, v00000000011f6820_166, v00000000011f6820_167, v00000000011f6820_168, v00000000011f6820_169;
v00000000011f6820_170 .array/port v00000000011f6820, 170;
v00000000011f6820_171 .array/port v00000000011f6820, 171;
v00000000011f6820_172 .array/port v00000000011f6820, 172;
v00000000011f6820_173 .array/port v00000000011f6820, 173;
E_0000000001191c50/43 .event edge, v00000000011f6820_170, v00000000011f6820_171, v00000000011f6820_172, v00000000011f6820_173;
v00000000011f6820_174 .array/port v00000000011f6820, 174;
v00000000011f6820_175 .array/port v00000000011f6820, 175;
v00000000011f6820_176 .array/port v00000000011f6820, 176;
v00000000011f6820_177 .array/port v00000000011f6820, 177;
E_0000000001191c50/44 .event edge, v00000000011f6820_174, v00000000011f6820_175, v00000000011f6820_176, v00000000011f6820_177;
v00000000011f6820_178 .array/port v00000000011f6820, 178;
v00000000011f6820_179 .array/port v00000000011f6820, 179;
v00000000011f6820_180 .array/port v00000000011f6820, 180;
v00000000011f6820_181 .array/port v00000000011f6820, 181;
E_0000000001191c50/45 .event edge, v00000000011f6820_178, v00000000011f6820_179, v00000000011f6820_180, v00000000011f6820_181;
v00000000011f6820_182 .array/port v00000000011f6820, 182;
v00000000011f6820_183 .array/port v00000000011f6820, 183;
v00000000011f6820_184 .array/port v00000000011f6820, 184;
v00000000011f6820_185 .array/port v00000000011f6820, 185;
E_0000000001191c50/46 .event edge, v00000000011f6820_182, v00000000011f6820_183, v00000000011f6820_184, v00000000011f6820_185;
v00000000011f6820_186 .array/port v00000000011f6820, 186;
v00000000011f6820_187 .array/port v00000000011f6820, 187;
v00000000011f6820_188 .array/port v00000000011f6820, 188;
v00000000011f6820_189 .array/port v00000000011f6820, 189;
E_0000000001191c50/47 .event edge, v00000000011f6820_186, v00000000011f6820_187, v00000000011f6820_188, v00000000011f6820_189;
v00000000011f6820_190 .array/port v00000000011f6820, 190;
v00000000011f6820_191 .array/port v00000000011f6820, 191;
v00000000011f6820_192 .array/port v00000000011f6820, 192;
v00000000011f6820_193 .array/port v00000000011f6820, 193;
E_0000000001191c50/48 .event edge, v00000000011f6820_190, v00000000011f6820_191, v00000000011f6820_192, v00000000011f6820_193;
v00000000011f6820_194 .array/port v00000000011f6820, 194;
v00000000011f6820_195 .array/port v00000000011f6820, 195;
v00000000011f6820_196 .array/port v00000000011f6820, 196;
v00000000011f6820_197 .array/port v00000000011f6820, 197;
E_0000000001191c50/49 .event edge, v00000000011f6820_194, v00000000011f6820_195, v00000000011f6820_196, v00000000011f6820_197;
v00000000011f6820_198 .array/port v00000000011f6820, 198;
v00000000011f6820_199 .array/port v00000000011f6820, 199;
v00000000011f6820_200 .array/port v00000000011f6820, 200;
v00000000011f6820_201 .array/port v00000000011f6820, 201;
E_0000000001191c50/50 .event edge, v00000000011f6820_198, v00000000011f6820_199, v00000000011f6820_200, v00000000011f6820_201;
v00000000011f6820_202 .array/port v00000000011f6820, 202;
v00000000011f6820_203 .array/port v00000000011f6820, 203;
v00000000011f6820_204 .array/port v00000000011f6820, 204;
v00000000011f6820_205 .array/port v00000000011f6820, 205;
E_0000000001191c50/51 .event edge, v00000000011f6820_202, v00000000011f6820_203, v00000000011f6820_204, v00000000011f6820_205;
v00000000011f6820_206 .array/port v00000000011f6820, 206;
v00000000011f6820_207 .array/port v00000000011f6820, 207;
v00000000011f6820_208 .array/port v00000000011f6820, 208;
v00000000011f6820_209 .array/port v00000000011f6820, 209;
E_0000000001191c50/52 .event edge, v00000000011f6820_206, v00000000011f6820_207, v00000000011f6820_208, v00000000011f6820_209;
v00000000011f6820_210 .array/port v00000000011f6820, 210;
v00000000011f6820_211 .array/port v00000000011f6820, 211;
v00000000011f6820_212 .array/port v00000000011f6820, 212;
v00000000011f6820_213 .array/port v00000000011f6820, 213;
E_0000000001191c50/53 .event edge, v00000000011f6820_210, v00000000011f6820_211, v00000000011f6820_212, v00000000011f6820_213;
v00000000011f6820_214 .array/port v00000000011f6820, 214;
v00000000011f6820_215 .array/port v00000000011f6820, 215;
v00000000011f6820_216 .array/port v00000000011f6820, 216;
v00000000011f6820_217 .array/port v00000000011f6820, 217;
E_0000000001191c50/54 .event edge, v00000000011f6820_214, v00000000011f6820_215, v00000000011f6820_216, v00000000011f6820_217;
v00000000011f6820_218 .array/port v00000000011f6820, 218;
v00000000011f6820_219 .array/port v00000000011f6820, 219;
v00000000011f6820_220 .array/port v00000000011f6820, 220;
v00000000011f6820_221 .array/port v00000000011f6820, 221;
E_0000000001191c50/55 .event edge, v00000000011f6820_218, v00000000011f6820_219, v00000000011f6820_220, v00000000011f6820_221;
v00000000011f6820_222 .array/port v00000000011f6820, 222;
v00000000011f6820_223 .array/port v00000000011f6820, 223;
v00000000011f6820_224 .array/port v00000000011f6820, 224;
v00000000011f6820_225 .array/port v00000000011f6820, 225;
E_0000000001191c50/56 .event edge, v00000000011f6820_222, v00000000011f6820_223, v00000000011f6820_224, v00000000011f6820_225;
v00000000011f6820_226 .array/port v00000000011f6820, 226;
v00000000011f6820_227 .array/port v00000000011f6820, 227;
v00000000011f6820_228 .array/port v00000000011f6820, 228;
v00000000011f6820_229 .array/port v00000000011f6820, 229;
E_0000000001191c50/57 .event edge, v00000000011f6820_226, v00000000011f6820_227, v00000000011f6820_228, v00000000011f6820_229;
v00000000011f6820_230 .array/port v00000000011f6820, 230;
v00000000011f6820_231 .array/port v00000000011f6820, 231;
v00000000011f6820_232 .array/port v00000000011f6820, 232;
v00000000011f6820_233 .array/port v00000000011f6820, 233;
E_0000000001191c50/58 .event edge, v00000000011f6820_230, v00000000011f6820_231, v00000000011f6820_232, v00000000011f6820_233;
v00000000011f6820_234 .array/port v00000000011f6820, 234;
v00000000011f6820_235 .array/port v00000000011f6820, 235;
v00000000011f6820_236 .array/port v00000000011f6820, 236;
v00000000011f6820_237 .array/port v00000000011f6820, 237;
E_0000000001191c50/59 .event edge, v00000000011f6820_234, v00000000011f6820_235, v00000000011f6820_236, v00000000011f6820_237;
v00000000011f6820_238 .array/port v00000000011f6820, 238;
v00000000011f6820_239 .array/port v00000000011f6820, 239;
v00000000011f6820_240 .array/port v00000000011f6820, 240;
v00000000011f6820_241 .array/port v00000000011f6820, 241;
E_0000000001191c50/60 .event edge, v00000000011f6820_238, v00000000011f6820_239, v00000000011f6820_240, v00000000011f6820_241;
v00000000011f6820_242 .array/port v00000000011f6820, 242;
v00000000011f6820_243 .array/port v00000000011f6820, 243;
v00000000011f6820_244 .array/port v00000000011f6820, 244;
v00000000011f6820_245 .array/port v00000000011f6820, 245;
E_0000000001191c50/61 .event edge, v00000000011f6820_242, v00000000011f6820_243, v00000000011f6820_244, v00000000011f6820_245;
v00000000011f6820_246 .array/port v00000000011f6820, 246;
v00000000011f6820_247 .array/port v00000000011f6820, 247;
v00000000011f6820_248 .array/port v00000000011f6820, 248;
v00000000011f6820_249 .array/port v00000000011f6820, 249;
E_0000000001191c50/62 .event edge, v00000000011f6820_246, v00000000011f6820_247, v00000000011f6820_248, v00000000011f6820_249;
v00000000011f6820_250 .array/port v00000000011f6820, 250;
v00000000011f6820_251 .array/port v00000000011f6820, 251;
v00000000011f6820_252 .array/port v00000000011f6820, 252;
v00000000011f6820_253 .array/port v00000000011f6820, 253;
E_0000000001191c50/63 .event edge, v00000000011f6820_250, v00000000011f6820_251, v00000000011f6820_252, v00000000011f6820_253;
v00000000011f6820_254 .array/port v00000000011f6820, 254;
v00000000011f6820_255 .array/port v00000000011f6820, 255;
E_0000000001191c50/64 .event edge, v00000000011f6820_254, v00000000011f6820_255;
E_0000000001191c50 .event/or E_0000000001191c50/0, E_0000000001191c50/1, E_0000000001191c50/2, E_0000000001191c50/3, E_0000000001191c50/4, E_0000000001191c50/5, E_0000000001191c50/6, E_0000000001191c50/7, E_0000000001191c50/8, E_0000000001191c50/9, E_0000000001191c50/10, E_0000000001191c50/11, E_0000000001191c50/12, E_0000000001191c50/13, E_0000000001191c50/14, E_0000000001191c50/15, E_0000000001191c50/16, E_0000000001191c50/17, E_0000000001191c50/18, E_0000000001191c50/19, E_0000000001191c50/20, E_0000000001191c50/21, E_0000000001191c50/22, E_0000000001191c50/23, E_0000000001191c50/24, E_0000000001191c50/25, E_0000000001191c50/26, E_0000000001191c50/27, E_0000000001191c50/28, E_0000000001191c50/29, E_0000000001191c50/30, E_0000000001191c50/31, E_0000000001191c50/32, E_0000000001191c50/33, E_0000000001191c50/34, E_0000000001191c50/35, E_0000000001191c50/36, E_0000000001191c50/37, E_0000000001191c50/38, E_0000000001191c50/39, E_0000000001191c50/40, E_0000000001191c50/41, E_0000000001191c50/42, E_0000000001191c50/43, E_0000000001191c50/44, E_0000000001191c50/45, E_0000000001191c50/46, E_0000000001191c50/47, E_0000000001191c50/48, E_0000000001191c50/49, E_0000000001191c50/50, E_0000000001191c50/51, E_0000000001191c50/52, E_0000000001191c50/53, E_0000000001191c50/54, E_0000000001191c50/55, E_0000000001191c50/56, E_0000000001191c50/57, E_0000000001191c50/58, E_0000000001191c50/59, E_0000000001191c50/60, E_0000000001191c50/61, E_0000000001191c50/62, E_0000000001191c50/63, E_0000000001191c50/64;
S_0000000001161380 .scope module, "left2_26" "SHL2_26" 2 52, 9 1 0, S_0000000001146520;
 .timescale 0 0;
    .port_info 0 /INPUT 26 "data";
    .port_info 1 /INPUT 4 "data1";
    .port_info 2 /OUTPUT 32 "odata";
v00000000011f6be0_0 .net "data", 25 0, L_00000000015a2650;  1 drivers
v00000000011f5560_0 .net "data1", 3 0, L_00000000015a26f0;  1 drivers
v00000000011f5600_0 .var "odata", 31 0;
E_0000000001191ad0 .event edge, v00000000011f5560_0, v00000000011f6be0_0;
S_0000000001161510 .scope module, "mcu" "MCU" 2 39, 10 1 0, S_0000000001146520;
 .timescale 0 0;
    .port_info 0 /INPUT 6 "op";
    .port_info 1 /OUTPUT 1 "MemtoReg";
    .port_info 2 /OUTPUT 1 "MemWr";
    .port_info 3 /OUTPUT 1 "MemRd";
    .port_info 4 /OUTPUT 1 "Branch";
    .port_info 5 /OUTPUT 1 "ALUSrc";
    .port_info 6 /OUTPUT 1 "RegDst";
    .port_info 7 /OUTPUT 1 "RegWr";
    .port_info 8 /OUTPUT 1 "Jump";
    .port_info 9 /OUTPUT 2 "ALUOp";
v00000000011f5880_0 .net "ALUOp", 1 0, L_00000000015a1c50;  alias, 1 drivers
v00000000011f6f00_0 .net "ALUSrc", 0 0, L_00000000015a3370;  alias, 1 drivers
v00000000011f6000_0 .net "Branch", 0 0, L_00000000015a2d30;  alias, 1 drivers
v00000000011f5a60_0 .net "Jump", 0 0, L_00000000015a2150;  alias, 1 drivers
v00000000011f5ba0_0 .net "MemRd", 0 0, L_00000000015a3410;  alias, 1 drivers
v00000000011f51a0_0 .net "MemWr", 0 0, L_00000000015a34b0;  alias, 1 drivers
v00000000011f5c40_0 .net "MemtoReg", 0 0, L_00000000015a3550;  alias, 1 drivers
v00000000011f5ce0_0 .net "RegDst", 0 0, L_00000000011fc4c0;  alias, 1 drivers
v00000000011f68c0_0 .net "RegWr", 0 0, L_00000000015a2a10;  alias, 1 drivers
v00000000011f5e20_0 .net *"_s11", 9 0, v00000000011f5ec0_0;  1 drivers
v00000000011f5ec0_0 .var "controls", 9 0;
v00000000011f6320_0 .net "op", 5 0, L_00000000015a3050;  1 drivers
E_0000000001191dd0 .event edge, v00000000011f6320_0;
L_00000000011fc4c0 .part v00000000011f5ec0_0, 9, 1;
L_00000000015a2a10 .part v00000000011f5ec0_0, 8, 1;
L_00000000015a3370 .part v00000000011f5ec0_0, 7, 1;
L_00000000015a3410 .part v00000000011f5ec0_0, 6, 1;
L_00000000015a34b0 .part v00000000011f5ec0_0, 5, 1;
L_00000000015a3550 .part v00000000011f5ec0_0, 4, 1;
L_00000000015a2d30 .part v00000000011f5ec0_0, 3, 1;
L_00000000015a2150 .part v00000000011f5ec0_0, 2, 1;
L_00000000015a1c50 .part v00000000011f5ec0_0, 0, 2;
S_000000000115db10 .scope module, "mux32_1" "MUX32" 2 43, 3 1 0, S_0000000001146520;
 .timescale 0 0;
    .port_info 0 /INPUT 32 "A";
    .port_info 1 /INPUT 32 "B";
    .port_info 2 /INPUT 1 "Select";
    .port_info 3 /OUTPUT 32 "S";
v00000000011f6960_0 .net "A", 31 0, L_0000000001167dc0;  alias, 1 drivers
v00000000011f98e0_0 .net "B", 31 0, v00000000011fc740_0;  alias, 1 drivers
v00000000011f9480_0 .net "S", 31 0, L_00000000015a37d0;  alias, 1 drivers
v00000000011fa2e0_0 .net "Select", 0 0, L_00000000015a3370;  alias, 1 drivers
v00000000011f8d00_0 .net *"_s0", 31 0, L_00000000015a32d0;  1 drivers
L_0000000001549a30 .functor BUFT 1, C4<0000000000000000000000000000000>, C4<0>, C4<0>, C4<0>;
v00000000011f9660_0 .net *"_s3", 30 0, L_0000000001549a30;  1 drivers
L_0000000001549a78 .functor BUFT 1, C4<00000000000000000000000000000000>, C4<0>, C4<0>, C4<0>;
v00000000011fa4c0_0 .net/2u *"_s4", 31 0, L_0000000001549a78;  1 drivers
v00000000011f95c0_0 .net *"_s6", 0 0, L_00000000015a19d0;  1 drivers
L_00000000015a32d0 .concat [ 1 31 0 0], L_00000000015a3370, L_0000000001549a30;
L_00000000015a19d0 .cmp/eq 32, L_00000000015a32d0, L_0000000001549a78;
L_00000000015a37d0 .functor MUXZ 32, v00000000011fc740_0, L_0000000001167dc0, L_00000000015a19d0, C4<>;
S_000000000115dca0 .scope module, "mux32_3" "MUX32" 2 51, 3 1 0, S_0000000001146520;
 .timescale 0 0;
    .port_info 0 /INPUT 32 "A";
    .port_info 1 /INPUT 32 "B";
    .port_info 2 /INPUT 1 "Select";
    .port_info 3 /OUTPUT 32 "S";
v00000000011f9980_0 .net "A", 31 0, L_00000000011fc420;  alias, 1 drivers
v00000000011f8c60_0 .net "B", 31 0, L_00000000015a1d90;  alias, 1 drivers
v00000000011f9160_0 .net "S", 31 0, L_00000000015a1f70;  alias, 1 drivers
v00000000011f9200_0 .net "Select", 0 0, L_0000000001167c70;  alias, 1 drivers
v00000000011f9700_0 .net *"_s0", 31 0, L_00000000015a1e30;  1 drivers
L_0000000001549c70 .functor BUFT 1, C4<0000000000000000000000000000000>, C4<0>, C4<0>, C4<0>;
v00000000011fa380_0 .net *"_s3", 30 0, L_0000000001549c70;  1 drivers
L_0000000001549cb8 .functor BUFT 1, C4<00000000000000000000000000000000>, C4<0>, C4<0>, C4<0>;
v00000000011f92a0_0 .net/2u *"_s4", 31 0, L_0000000001549cb8;  1 drivers
v00000000011fa420_0 .net *"_s6", 0 0, L_00000000015a1ed0;  1 drivers
L_00000000015a1e30 .concat [ 1 31 0 0], L_0000000001167c70, L_0000000001549c70;
L_00000000015a1ed0 .cmp/eq 32, L_00000000015a1e30, L_0000000001549cb8;
L_00000000015a1f70 .functor MUXZ 32, L_00000000015a1d90, L_00000000011fc420, L_00000000015a1ed0, C4<>;
S_000000000115b070 .scope module, "mux32_4" "MUX32" 2 53, 3 1 0, S_0000000001146520;
 .timescale 0 0;
    .port_info 0 /INPUT 32 "A";
    .port_info 1 /INPUT 32 "B";
    .port_info 2 /INPUT 1 "Select";
    .port_info 3 /OUTPUT 32 "S";
v00000000011f8da0_0 .net "A", 31 0, L_00000000015a1f70;  alias, 1 drivers
v00000000011f8bc0_0 .net "B", 31 0, v00000000011f5600_0;  alias, 1 drivers
v00000000011f9520_0 .net "S", 31 0, L_00000000015a2010;  alias, 1 drivers
v00000000011f9ca0_0 .net "Select", 0 0, L_00000000015a2150;  alias, 1 drivers
v00000000011f97a0_0 .net *"_s0", 31 0, L_00000000015a2bf0;  1 drivers
L_0000000001549d00 .functor BUFT 1, C4<0000000000000000000000000000000>, C4<0>, C4<0>, C4<0>;
v00000000011f9c00_0 .net *"_s3", 30 0, L_0000000001549d00;  1 drivers
L_0000000001549d48 .functor BUFT 1, C4<00000000000000000000000000000000>, C4<0>, C4<0>, C4<0>;
v00000000011fa560_0 .net/2u *"_s4", 31 0, L_0000000001549d48;  1 drivers
v00000000011f93e0_0 .net *"_s6", 0 0, L_00000000015a2fb0;  1 drivers
L_00000000015a2bf0 .concat [ 1 31 0 0], L_00000000015a2150, L_0000000001549d00;
L_00000000015a2fb0 .cmp/eq 32, L_00000000015a2bf0, L_0000000001549d48;
L_00000000015a2010 .functor MUXZ 32, v00000000011f5600_0, L_00000000015a1f70, L_00000000015a2fb0, C4<>;
S_000000000115b200 .scope module, "mux5" "MUX5" 2 40, 11 1 0, S_0000000001146520;
 .timescale 0 0;
    .port_info 0 /INPUT 5 "A";
    .port_info 1 /INPUT 5 "B";
    .port_info 2 /INPUT 1 "RegDst";
    .port_info 3 /OUTPUT 5 "S";
v00000000011f9840_0 .net "A", 4 0, L_00000000015a2ab0;  1 drivers
v00000000011fa100_0 .net "B", 4 0, L_00000000015a1930;  1 drivers
v00000000011f8e40_0 .net "RegDst", 0 0, L_00000000011fc4c0;  alias, 1 drivers
v00000000011f8940_0 .net "S", 4 0, L_00000000015a35f0;  alias, 1 drivers
v00000000011fa740_0 .net *"_s0", 31 0, L_00000000015a25b0;  1 drivers
L_0000000001549910 .functor BUFT 1, C4<0000000000000000000000000000000>, C4<0>, C4<0>, C4<0>;
v00000000011f9340_0 .net *"_s3", 30 0, L_0000000001549910;  1 drivers
L_0000000001549958 .functor BUFT 1, C4<00000000000000000000000000000000>, C4<0>, C4<0>, C4<0>;
v00000000011fa240_0 .net/2u *"_s4", 31 0, L_0000000001549958;  1 drivers
v00000000011f9a20_0 .net *"_s6", 0 0, L_00000000015a2470;  1 drivers
L_00000000015a25b0 .concat [ 1 31 0 0], L_00000000011fc4c0, L_0000000001549910;
L_00000000015a2470 .cmp/eq 32, L_00000000015a25b0, L_0000000001549958;
L_00000000015a35f0 .functor MUXZ 5, L_00000000015a1930, L_00000000015a2ab0, L_00000000015a2470, C4<>;
S_00000000011545a0 .scope module, "pc" "PC" 2 36, 12 1 0, S_0000000001146520;
 .timescale 0 0;
    .port_info 0 /INPUT 1 "clk";
    .port_info 1 /INPUT 1 "reset";
    .port_info 2 /INPUT 32 "d";
    .port_info 3 /OUTPUT 32 "q";
P_0000000001191f10 .param/l "WIDTH" 0 12 1, +C4<00000000000000000000000000100000>;
v00000000011f88a0_0 .net "clk", 0 0, o00000000011ae798;  alias, 0 drivers
v00000000011f8b20_0 .net "d", 31 0, L_00000000015a2010;  alias, 1 drivers
v00000000011f8ee0_0 .var "q", 31 0;
v00000000011f8f80_0 .net "reset", 0 0, o00000000011ae7c8;  alias, 0 drivers
E_0000000001192210 .event posedge, v00000000011f8f80_0, v00000000011f88a0_0;
S_0000000001154730 .scope module, "pc_adder" "Add1" 2 37, 4 1 0, S_0000000001146520;
 .timescale 0 0;
    .port_info 0 /INPUT 32 "A";
    .port_info 1 /INPUT 32 "B";
    .port_info 2 /OUTPUT 32 "C";
L_00000000015498c8 .functor BUFT 1, C4<00000000000000000000000000000001>, C4<0>, C4<0>, C4<0>;
v00000000011f9ac0_0 .net "A", 31 0, L_00000000015498c8;  1 drivers
v00000000011fa6a0_0 .net "B", 31 0, v00000000011f8ee0_0;  alias, 1 drivers
v00000000011f9e80_0 .net "C", 31 0, L_00000000011fc420;  alias, 1 drivers
L_00000000011fc420 .arith/sum 32, L_00000000015498c8, v00000000011f8ee0_0;
S_00000000011572d0 .scope module, "ram" "RAM" 2 46, 13 1 0, S_0000000001146520;
 .timescale 0 0;
    .port_info 0 /INPUT 32 "Addr";
    .port_info 1 /OUTPUT 32 "R_data";
    .port_info 2 /INPUT 1 "R";
    .port_info 3 /INPUT 1 "W";
    .port_info 4 /INPUT 32 "W_data";
P_0000000001181af0 .param/l "AddrWidth" 0 13 5, +C4<00000000000000000000000000100000>;
P_0000000001181b28 .param/l "DataDepth" 0 13 6, +C4<00000000000000000000000100000000>;
P_0000000001181b60 .param/l "DataWidth" 0 13 4, +C4<00000000000000000000000000100000>;
v00000000011f9b60_0 .net "Addr", 31 0, L_00000000015a1a70;  alias, 1 drivers
o00000000011ae978 .functor BUFZ 1, C4<z>; HiZ drive
v00000000011f9d40_0 .net "CLK", 0 0, o00000000011ae978;  0 drivers
v00000000011f9020_0 .net "R", 0 0, L_00000000015a3410;  alias, 1 drivers
v00000000011f9de0_0 .net "R_data", 31 0, L_00000000015a21f0;  alias, 1 drivers
v00000000011f90c0_0 .net "W", 0 0, L_00000000015a34b0;  alias, 1 drivers
v00000000011f9f20_0 .net "W_data", 31 0, L_0000000001167dc0;  alias, 1 drivers
L_0000000001549b98 .functor BUFT 1, C4<000000000000000000000000zzzzzzzz>, C4<0>, C4<0>, C4<0>;
v00000000011f8a80_0 .net *"_s0", 31 0, L_0000000001549b98;  1 drivers
v00000000011f9fc0_0 .var "data_out", 31 0;
v00000000011fa600 .array "mem", 255 0, 31 0;
v00000000011fa600_0 .array/port v00000000011fa600, 0;
v00000000011fa600_1 .array/port v00000000011fa600, 1;
E_0000000001192010/0 .event edge, v00000000011f5ba0_0, v000000000118a270_0, v00000000011fa600_0, v00000000011fa600_1;
v00000000011fa600_2 .array/port v00000000011fa600, 2;
v00000000011fa600_3 .array/port v00000000011fa600, 3;
v00000000011fa600_4 .array/port v00000000011fa600, 4;
v00000000011fa600_5 .array/port v00000000011fa600, 5;
E_0000000001192010/1 .event edge, v00000000011fa600_2, v00000000011fa600_3, v00000000011fa600_4, v00000000011fa600_5;
v00000000011fa600_6 .array/port v00000000011fa600, 6;
v00000000011fa600_7 .array/port v00000000011fa600, 7;
v00000000011fa600_8 .array/port v00000000011fa600, 8;
v00000000011fa600_9 .array/port v00000000011fa600, 9;
E_0000000001192010/2 .event edge, v00000000011fa600_6, v00000000011fa600_7, v00000000011fa600_8, v00000000011fa600_9;
v00000000011fa600_10 .array/port v00000000011fa600, 10;
v00000000011fa600_11 .array/port v00000000011fa600, 11;
v00000000011fa600_12 .array/port v00000000011fa600, 12;
v00000000011fa600_13 .array/port v00000000011fa600, 13;
E_0000000001192010/3 .event edge, v00000000011fa600_10, v00000000011fa600_11, v00000000011fa600_12, v00000000011fa600_13;
v00000000011fa600_14 .array/port v00000000011fa600, 14;
v00000000011fa600_15 .array/port v00000000011fa600, 15;
v00000000011fa600_16 .array/port v00000000011fa600, 16;
v00000000011fa600_17 .array/port v00000000011fa600, 17;
E_0000000001192010/4 .event edge, v00000000011fa600_14, v00000000011fa600_15, v00000000011fa600_16, v00000000011fa600_17;
v00000000011fa600_18 .array/port v00000000011fa600, 18;
v00000000011fa600_19 .array/port v00000000011fa600, 19;
v00000000011fa600_20 .array/port v00000000011fa600, 20;
v00000000011fa600_21 .array/port v00000000011fa600, 21;
E_0000000001192010/5 .event edge, v00000000011fa600_18, v00000000011fa600_19, v00000000011fa600_20, v00000000011fa600_21;
v00000000011fa600_22 .array/port v00000000011fa600, 22;
v00000000011fa600_23 .array/port v00000000011fa600, 23;
v00000000011fa600_24 .array/port v00000000011fa600, 24;
v00000000011fa600_25 .array/port v00000000011fa600, 25;
E_0000000001192010/6 .event edge, v00000000011fa600_22, v00000000011fa600_23, v00000000011fa600_24, v00000000011fa600_25;
v00000000011fa600_26 .array/port v00000000011fa600, 26;
v00000000011fa600_27 .array/port v00000000011fa600, 27;
v00000000011fa600_28 .array/port v00000000011fa600, 28;
v00000000011fa600_29 .array/port v00000000011fa600, 29;
E_0000000001192010/7 .event edge, v00000000011fa600_26, v00000000011fa600_27, v00000000011fa600_28, v00000000011fa600_29;
v00000000011fa600_30 .array/port v00000000011fa600, 30;
v00000000011fa600_31 .array/port v00000000011fa600, 31;
v00000000011fa600_32 .array/port v00000000011fa600, 32;
v00000000011fa600_33 .array/port v00000000011fa600, 33;
E_0000000001192010/8 .event edge, v00000000011fa600_30, v00000000011fa600_31, v00000000011fa600_32, v00000000011fa600_33;
v00000000011fa600_34 .array/port v00000000011fa600, 34;
v00000000011fa600_35 .array/port v00000000011fa600, 35;
v00000000011fa600_36 .array/port v00000000011fa600, 36;
v00000000011fa600_37 .array/port v00000000011fa600, 37;
E_0000000001192010/9 .event edge, v00000000011fa600_34, v00000000011fa600_35, v00000000011fa600_36, v00000000011fa600_37;
v00000000011fa600_38 .array/port v00000000011fa600, 38;
v00000000011fa600_39 .array/port v00000000011fa600, 39;
v00000000011fa600_40 .array/port v00000000011fa600, 40;
v00000000011fa600_41 .array/port v00000000011fa600, 41;
E_0000000001192010/10 .event edge, v00000000011fa600_38, v00000000011fa600_39, v00000000011fa600_40, v00000000011fa600_41;
v00000000011fa600_42 .array/port v00000000011fa600, 42;
v00000000011fa600_43 .array/port v00000000011fa600, 43;
v00000000011fa600_44 .array/port v00000000011fa600, 44;
v00000000011fa600_45 .array/port v00000000011fa600, 45;
E_0000000001192010/11 .event edge, v00000000011fa600_42, v00000000011fa600_43, v00000000011fa600_44, v00000000011fa600_45;
v00000000011fa600_46 .array/port v00000000011fa600, 46;
v00000000011fa600_47 .array/port v00000000011fa600, 47;
v00000000011fa600_48 .array/port v00000000011fa600, 48;
v00000000011fa600_49 .array/port v00000000011fa600, 49;
E_0000000001192010/12 .event edge, v00000000011fa600_46, v00000000011fa600_47, v00000000011fa600_48, v00000000011fa600_49;
v00000000011fa600_50 .array/port v00000000011fa600, 50;
v00000000011fa600_51 .array/port v00000000011fa600, 51;
v00000000011fa600_52 .array/port v00000000011fa600, 52;
v00000000011fa600_53 .array/port v00000000011fa600, 53;
E_0000000001192010/13 .event edge, v00000000011fa600_50, v00000000011fa600_51, v00000000011fa600_52, v00000000011fa600_53;
v00000000011fa600_54 .array/port v00000000011fa600, 54;
v00000000011fa600_55 .array/port v00000000011fa600, 55;
v00000000011fa600_56 .array/port v00000000011fa600, 56;
v00000000011fa600_57 .array/port v00000000011fa600, 57;
E_0000000001192010/14 .event edge, v00000000011fa600_54, v00000000011fa600_55, v00000000011fa600_56, v00000000011fa600_57;
v00000000011fa600_58 .array/port v00000000011fa600, 58;
v00000000011fa600_59 .array/port v00000000011fa600, 59;
v00000000011fa600_60 .array/port v00000000011fa600, 60;
v00000000011fa600_61 .array/port v00000000011fa600, 61;
E_0000000001192010/15 .event edge, v00000000011fa600_58, v00000000011fa600_59, v00000000011fa600_60, v00000000011fa600_61;
v00000000011fa600_62 .array/port v00000000011fa600, 62;
v00000000011fa600_63 .array/port v00000000011fa600, 63;
v00000000011fa600_64 .array/port v00000000011fa600, 64;
v00000000011fa600_65 .array/port v00000000011fa600, 65;
E_0000000001192010/16 .event edge, v00000000011fa600_62, v00000000011fa600_63, v00000000011fa600_64, v00000000011fa600_65;
v00000000011fa600_66 .array/port v00000000011fa600, 66;
v00000000011fa600_67 .array/port v00000000011fa600, 67;
v00000000011fa600_68 .array/port v00000000011fa600, 68;
v00000000011fa600_69 .array/port v00000000011fa600, 69;
E_0000000001192010/17 .event edge, v00000000011fa600_66, v00000000011fa600_67, v00000000011fa600_68, v00000000011fa600_69;
v00000000011fa600_70 .array/port v00000000011fa600, 70;
v00000000011fa600_71 .array/port v00000000011fa600, 71;
v00000000011fa600_72 .array/port v00000000011fa600, 72;
v00000000011fa600_73 .array/port v00000000011fa600, 73;
E_0000000001192010/18 .event edge, v00000000011fa600_70, v00000000011fa600_71, v00000000011fa600_72, v00000000011fa600_73;
v00000000011fa600_74 .array/port v00000000011fa600, 74;
v00000000011fa600_75 .array/port v00000000011fa600, 75;
v00000000011fa600_76 .array/port v00000000011fa600, 76;
v00000000011fa600_77 .array/port v00000000011fa600, 77;
E_0000000001192010/19 .event edge, v00000000011fa600_74, v00000000011fa600_75, v00000000011fa600_76, v00000000011fa600_77;
v00000000011fa600_78 .array/port v00000000011fa600, 78;
v00000000011fa600_79 .array/port v00000000011fa600, 79;
v00000000011fa600_80 .array/port v00000000011fa600, 80;
v00000000011fa600_81 .array/port v00000000011fa600, 81;
E_0000000001192010/20 .event edge, v00000000011fa600_78, v00000000011fa600_79, v00000000011fa600_80, v00000000011fa600_81;
v00000000011fa600_82 .array/port v00000000011fa600, 82;
v00000000011fa600_83 .array/port v00000000011fa600, 83;
v00000000011fa600_84 .array/port v00000000011fa600, 84;
v00000000011fa600_85 .array/port v00000000011fa600, 85;
E_0000000001192010/21 .event edge, v00000000011fa600_82, v00000000011fa600_83, v00000000011fa600_84, v00000000011fa600_85;
v00000000011fa600_86 .array/port v00000000011fa600, 86;
v00000000011fa600_87 .array/port v00000000011fa600, 87;
v00000000011fa600_88 .array/port v00000000011fa600, 88;
v00000000011fa600_89 .array/port v00000000011fa600, 89;
E_0000000001192010/22 .event edge, v00000000011fa600_86, v00000000011fa600_87, v00000000011fa600_88, v00000000011fa600_89;
v00000000011fa600_90 .array/port v00000000011fa600, 90;
v00000000011fa600_91 .array/port v00000000011fa600, 91;
v00000000011fa600_92 .array/port v00000000011fa600, 92;
v00000000011fa600_93 .array/port v00000000011fa600, 93;
E_0000000001192010/23 .event edge, v00000000011fa600_90, v00000000011fa600_91, v00000000011fa600_92, v00000000011fa600_93;
v00000000011fa600_94 .array/port v00000000011fa600, 94;
v00000000011fa600_95 .array/port v00000000011fa600, 95;
v00000000011fa600_96 .array/port v00000000011fa600, 96;
v00000000011fa600_97 .array/port v00000000011fa600, 97;
E_0000000001192010/24 .event edge, v00000000011fa600_94, v00000000011fa600_95, v00000000011fa600_96, v00000000011fa600_97;
v00000000011fa600_98 .array/port v00000000011fa600, 98;
v00000000011fa600_99 .array/port v00000000011fa600, 99;
v00000000011fa600_100 .array/port v00000000011fa600, 100;
v00000000011fa600_101 .array/port v00000000011fa600, 101;
E_0000000001192010/25 .event edge, v00000000011fa600_98, v00000000011fa600_99, v00000000011fa600_100, v00000000011fa600_101;
v00000000011fa600_102 .array/port v00000000011fa600, 102;
v00000000011fa600_103 .array/port v00000000011fa600, 103;
v00000000011fa600_104 .array/port v00000000011fa600, 104;
v00000000011fa600_105 .array/port v00000000011fa600, 105;
E_0000000001192010/26 .event edge, v00000000011fa600_102, v00000000011fa600_103, v00000000011fa600_104, v00000000011fa600_105;
v00000000011fa600_106 .array/port v00000000011fa600, 106;
v00000000011fa600_107 .array/port v00000000011fa600, 107;
v00000000011fa600_108 .array/port v00000000011fa600, 108;
v00000000011fa600_109 .array/port v00000000011fa600, 109;
E_0000000001192010/27 .event edge, v00000000011fa600_106, v00000000011fa600_107, v00000000011fa600_108, v00000000011fa600_109;
v00000000011fa600_110 .array/port v00000000011fa600, 110;
v00000000011fa600_111 .array/port v00000000011fa600, 111;
v00000000011fa600_112 .array/port v00000000011fa600, 112;
v00000000011fa600_113 .array/port v00000000011fa600, 113;
E_0000000001192010/28 .event edge, v00000000011fa600_110, v00000000011fa600_111, v00000000011fa600_112, v00000000011fa600_113;
v00000000011fa600_114 .array/port v00000000011fa600, 114;
v00000000011fa600_115 .array/port v00000000011fa600, 115;
v00000000011fa600_116 .array/port v00000000011fa600, 116;
v00000000011fa600_117 .array/port v00000000011fa600, 117;
E_0000000001192010/29 .event edge, v00000000011fa600_114, v00000000011fa600_115, v00000000011fa600_116, v00000000011fa600_117;
v00000000011fa600_118 .array/port v00000000011fa600, 118;
v00000000011fa600_119 .array/port v00000000011fa600, 119;
v00000000011fa600_120 .array/port v00000000011fa600, 120;
v00000000011fa600_121 .array/port v00000000011fa600, 121;
E_0000000001192010/30 .event edge, v00000000011fa600_118, v00000000011fa600_119, v00000000011fa600_120, v00000000011fa600_121;
v00000000011fa600_122 .array/port v00000000011fa600, 122;
v00000000011fa600_123 .array/port v00000000011fa600, 123;
v00000000011fa600_124 .array/port v00000000011fa600, 124;
v00000000011fa600_125 .array/port v00000000011fa600, 125;
E_0000000001192010/31 .event edge, v00000000011fa600_122, v00000000011fa600_123, v00000000011fa600_124, v00000000011fa600_125;
v00000000011fa600_126 .array/port v00000000011fa600, 126;
v00000000011fa600_127 .array/port v00000000011fa600, 127;
v00000000011fa600_128 .array/port v00000000011fa600, 128;
v00000000011fa600_129 .array/port v00000000011fa600, 129;
E_0000000001192010/32 .event edge, v00000000011fa600_126, v00000000011fa600_127, v00000000011fa600_128, v00000000011fa600_129;
v00000000011fa600_130 .array/port v00000000011fa600, 130;
v00000000011fa600_131 .array/port v00000000011fa600, 131;
v00000000011fa600_132 .array/port v00000000011fa600, 132;
v00000000011fa600_133 .array/port v00000000011fa600, 133;
E_0000000001192010/33 .event edge, v00000000011fa600_130, v00000000011fa600_131, v00000000011fa600_132, v00000000011fa600_133;
v00000000011fa600_134 .array/port v00000000011fa600, 134;
v00000000011fa600_135 .array/port v00000000011fa600, 135;
v00000000011fa600_136 .array/port v00000000011fa600, 136;
v00000000011fa600_137 .array/port v00000000011fa600, 137;
E_0000000001192010/34 .event edge, v00000000011fa600_134, v00000000011fa600_135, v00000000011fa600_136, v00000000011fa600_137;
v00000000011fa600_138 .array/port v00000000011fa600, 138;
v00000000011fa600_139 .array/port v00000000011fa600, 139;
v00000000011fa600_140 .array/port v00000000011fa600, 140;
v00000000011fa600_141 .array/port v00000000011fa600, 141;
E_0000000001192010/35 .event edge, v00000000011fa600_138, v00000000011fa600_139, v00000000011fa600_140, v00000000011fa600_141;
v00000000011fa600_142 .array/port v00000000011fa600, 142;
v00000000011fa600_143 .array/port v00000000011fa600, 143;
v00000000011fa600_144 .array/port v00000000011fa600, 144;
v00000000011fa600_145 .array/port v00000000011fa600, 145;
E_0000000001192010/36 .event edge, v00000000011fa600_142, v00000000011fa600_143, v00000000011fa600_144, v00000000011fa600_145;
v00000000011fa600_146 .array/port v00000000011fa600, 146;
v00000000011fa600_147 .array/port v00000000011fa600, 147;
v00000000011fa600_148 .array/port v00000000011fa600, 148;
v00000000011fa600_149 .array/port v00000000011fa600, 149;
E_0000000001192010/37 .event edge, v00000000011fa600_146, v00000000011fa600_147, v00000000011fa600_148, v00000000011fa600_149;
v00000000011fa600_150 .array/port v00000000011fa600, 150;
v00000000011fa600_151 .array/port v00000000011fa600, 151;
v00000000011fa600_152 .array/port v00000000011fa600, 152;
v00000000011fa600_153 .array/port v00000000011fa600, 153;
E_0000000001192010/38 .event edge, v00000000011fa600_150, v00000000011fa600_151, v00000000011fa600_152, v00000000011fa600_153;
v00000000011fa600_154 .array/port v00000000011fa600, 154;
v00000000011fa600_155 .array/port v00000000011fa600, 155;
v00000000011fa600_156 .array/port v00000000011fa600, 156;
v00000000011fa600_157 .array/port v00000000011fa600, 157;
E_0000000001192010/39 .event edge, v00000000011fa600_154, v00000000011fa600_155, v00000000011fa600_156, v00000000011fa600_157;
v00000000011fa600_158 .array/port v00000000011fa600, 158;
v00000000011fa600_159 .array/port v00000000011fa600, 159;
v00000000011fa600_160 .array/port v00000000011fa600, 160;
v00000000011fa600_161 .array/port v00000000011fa600, 161;
E_0000000001192010/40 .event edge, v00000000011fa600_158, v00000000011fa600_159, v00000000011fa600_160, v00000000011fa600_161;
v00000000011fa600_162 .array/port v00000000011fa600, 162;
v00000000011fa600_163 .array/port v00000000011fa600, 163;
v00000000011fa600_164 .array/port v00000000011fa600, 164;
v00000000011fa600_165 .array/port v00000000011fa600, 165;
E_0000000001192010/41 .event edge, v00000000011fa600_162, v00000000011fa600_163, v00000000011fa600_164, v00000000011fa600_165;
v00000000011fa600_166 .array/port v00000000011fa600, 166;
v00000000011fa600_167 .array/port v00000000011fa600, 167;
v00000000011fa600_168 .array/port v00000000011fa600, 168;
v00000000011fa600_169 .array/port v00000000011fa600, 169;
E_0000000001192010/42 .event edge, v00000000011fa600_166, v00000000011fa600_167, v00000000011fa600_168, v00000000011fa600_169;
v00000000011fa600_170 .array/port v00000000011fa600, 170;
v00000000011fa600_171 .array/port v00000000011fa600, 171;
v00000000011fa600_172 .array/port v00000000011fa600, 172;
v00000000011fa600_173 .array/port v00000000011fa600, 173;
E_0000000001192010/43 .event edge, v00000000011fa600_170, v00000000011fa600_171, v00000000011fa600_172, v00000000011fa600_173;
v00000000011fa600_174 .array/port v00000000011fa600, 174;
v00000000011fa600_175 .array/port v00000000011fa600, 175;
v00000000011fa600_176 .array/port v00000000011fa600, 176;
v00000000011fa600_177 .array/port v00000000011fa600, 177;
E_0000000001192010/44 .event edge, v00000000011fa600_174, v00000000011fa600_175, v00000000011fa600_176, v00000000011fa600_177;
v00000000011fa600_178 .array/port v00000000011fa600, 178;
v00000000011fa600_179 .array/port v00000000011fa600, 179;
v00000000011fa600_180 .array/port v00000000011fa600, 180;
v00000000011fa600_181 .array/port v00000000011fa600, 181;
E_0000000001192010/45 .event edge, v00000000011fa600_178, v00000000011fa600_179, v00000000011fa600_180, v00000000011fa600_181;
v00000000011fa600_182 .array/port v00000000011fa600, 182;
v00000000011fa600_183 .array/port v00000000011fa600, 183;
v00000000011fa600_184 .array/port v00000000011fa600, 184;
v00000000011fa600_185 .array/port v00000000011fa600, 185;
E_0000000001192010/46 .event edge, v00000000011fa600_182, v00000000011fa600_183, v00000000011fa600_184, v00000000011fa600_185;
v00000000011fa600_186 .array/port v00000000011fa600, 186;
v00000000011fa600_187 .array/port v00000000011fa600, 187;
v00000000011fa600_188 .array/port v00000000011fa600, 188;
v00000000011fa600_189 .array/port v00000000011fa600, 189;
E_0000000001192010/47 .event edge, v00000000011fa600_186, v00000000011fa600_187, v00000000011fa600_188, v00000000011fa600_189;
v00000000011fa600_190 .array/port v00000000011fa600, 190;
v00000000011fa600_191 .array/port v00000000011fa600, 191;
v00000000011fa600_192 .array/port v00000000011fa600, 192;
v00000000011fa600_193 .array/port v00000000011fa600, 193;
E_0000000001192010/48 .event edge, v00000000011fa600_190, v00000000011fa600_191, v00000000011fa600_192, v00000000011fa600_193;
v00000000011fa600_194 .array/port v00000000011fa600, 194;
v00000000011fa600_195 .array/port v00000000011fa600, 195;
v00000000011fa600_196 .array/port v00000000011fa600, 196;
v00000000011fa600_197 .array/port v00000000011fa600, 197;
E_0000000001192010/49 .event edge, v00000000011fa600_194, v00000000011fa600_195, v00000000011fa600_196, v00000000011fa600_197;
v00000000011fa600_198 .array/port v00000000011fa600, 198;
v00000000011fa600_199 .array/port v00000000011fa600, 199;
v00000000011fa600_200 .array/port v00000000011fa600, 200;
v00000000011fa600_201 .array/port v00000000011fa600, 201;
E_0000000001192010/50 .event edge, v00000000011fa600_198, v00000000011fa600_199, v00000000011fa600_200, v00000000011fa600_201;
v00000000011fa600_202 .array/port v00000000011fa600, 202;
v00000000011fa600_203 .array/port v00000000011fa600, 203;
v00000000011fa600_204 .array/port v00000000011fa600, 204;
v00000000011fa600_205 .array/port v00000000011fa600, 205;
E_0000000001192010/51 .event edge, v00000000011fa600_202, v00000000011fa600_203, v00000000011fa600_204, v00000000011fa600_205;
v00000000011fa600_206 .array/port v00000000011fa600, 206;
v00000000011fa600_207 .array/port v00000000011fa600, 207;
v00000000011fa600_208 .array/port v00000000011fa600, 208;
v00000000011fa600_209 .array/port v00000000011fa600, 209;
E_0000000001192010/52 .event edge, v00000000011fa600_206, v00000000011fa600_207, v00000000011fa600_208, v00000000011fa600_209;
v00000000011fa600_210 .array/port v00000000011fa600, 210;
v00000000011fa600_211 .array/port v00000000011fa600, 211;
v00000000011fa600_212 .array/port v00000000011fa600, 212;
v00000000011fa600_213 .array/port v00000000011fa600, 213;
E_0000000001192010/53 .event edge, v00000000011fa600_210, v00000000011fa600_211, v00000000011fa600_212, v00000000011fa600_213;
v00000000011fa600_214 .array/port v00000000011fa600, 214;
v00000000011fa600_215 .array/port v00000000011fa600, 215;
v00000000011fa600_216 .array/port v00000000011fa600, 216;
v00000000011fa600_217 .array/port v00000000011fa600, 217;
E_0000000001192010/54 .event edge, v00000000011fa600_214, v00000000011fa600_215, v00000000011fa600_216, v00000000011fa600_217;
v00000000011fa600_218 .array/port v00000000011fa600, 218;
v00000000011fa600_219 .array/port v00000000011fa600, 219;
v00000000011fa600_220 .array/port v00000000011fa600, 220;
v00000000011fa600_221 .array/port v00000000011fa600, 221;
E_0000000001192010/55 .event edge, v00000000011fa600_218, v00000000011fa600_219, v00000000011fa600_220, v00000000011fa600_221;
v00000000011fa600_222 .array/port v00000000011fa600, 222;
v00000000011fa600_223 .array/port v00000000011fa600, 223;
v00000000011fa600_224 .array/port v00000000011fa600, 224;
v00000000011fa600_225 .array/port v00000000011fa600, 225;
E_0000000001192010/56 .event edge, v00000000011fa600_222, v00000000011fa600_223, v00000000011fa600_224, v00000000011fa600_225;
v00000000011fa600_226 .array/port v00000000011fa600, 226;
v00000000011fa600_227 .array/port v00000000011fa600, 227;
v00000000011fa600_228 .array/port v00000000011fa600, 228;
v00000000011fa600_229 .array/port v00000000011fa600, 229;
E_0000000001192010/57 .event edge, v00000000011fa600_226, v00000000011fa600_227, v00000000011fa600_228, v00000000011fa600_229;
v00000000011fa600_230 .array/port v00000000011fa600, 230;
v00000000011fa600_231 .array/port v00000000011fa600, 231;
v00000000011fa600_232 .array/port v00000000011fa600, 232;
v00000000011fa600_233 .array/port v00000000011fa600, 233;
E_0000000001192010/58 .event edge, v00000000011fa600_230, v00000000011fa600_231, v00000000011fa600_232, v00000000011fa600_233;
v00000000011fa600_234 .array/port v00000000011fa600, 234;
v00000000011fa600_235 .array/port v00000000011fa600, 235;
v00000000011fa600_236 .array/port v00000000011fa600, 236;
v00000000011fa600_237 .array/port v00000000011fa600, 237;
E_0000000001192010/59 .event edge, v00000000011fa600_234, v00000000011fa600_235, v00000000011fa600_236, v00000000011fa600_237;
v00000000011fa600_238 .array/port v00000000011fa600, 238;
v00000000011fa600_239 .array/port v00000000011fa600, 239;
v00000000011fa600_240 .array/port v00000000011fa600, 240;
v00000000011fa600_241 .array/port v00000000011fa600, 241;
E_0000000001192010/60 .event edge, v00000000011fa600_238, v00000000011fa600_239, v00000000011fa600_240, v00000000011fa600_241;
v00000000011fa600_242 .array/port v00000000011fa600, 242;
v00000000011fa600_243 .array/port v00000000011fa600, 243;
v00000000011fa600_244 .array/port v00000000011fa600, 244;
v00000000011fa600_245 .array/port v00000000011fa600, 245;
E_0000000001192010/61 .event edge, v00000000011fa600_242, v00000000011fa600_243, v00000000011fa600_244, v00000000011fa600_245;
v00000000011fa600_246 .array/port v00000000011fa600, 246;
v00000000011fa600_247 .array/port v00000000011fa600, 247;
v00000000011fa600_248 .array/port v00000000011fa600, 248;
v00000000011fa600_249 .array/port v00000000011fa600, 249;
E_0000000001192010/62 .event edge, v00000000011fa600_246, v00000000011fa600_247, v00000000011fa600_248, v00000000011fa600_249;
v00000000011fa600_250 .array/port v00000000011fa600, 250;
v00000000011fa600_251 .array/port v00000000011fa600, 251;
v00000000011fa600_252 .array/port v00000000011fa600, 252;
v00000000011fa600_253 .array/port v00000000011fa600, 253;
E_0000000001192010/63 .event edge, v00000000011fa600_250, v00000000011fa600_251, v00000000011fa600_252, v00000000011fa600_253;
v00000000011fa600_254 .array/port v00000000011fa600, 254;
v00000000011fa600_255 .array/port v00000000011fa600, 255;
E_0000000001192010/64 .event edge, v00000000011fa600_254, v00000000011fa600_255;
E_0000000001192010 .event/or E_0000000001192010/0, E_0000000001192010/1, E_0000000001192010/2, E_0000000001192010/3, E_0000000001192010/4, E_0000000001192010/5, E_0000000001192010/6, E_0000000001192010/7, E_0000000001192010/8, E_0000000001192010/9, E_0000000001192010/10, E_0000000001192010/11, E_0000000001192010/12, E_0000000001192010/13, E_0000000001192010/14, E_0000000001192010/15, E_0000000001192010/16, E_0000000001192010/17, E_0000000001192010/18, E_0000000001192010/19, E_0000000001192010/20, E_0000000001192010/21, E_0000000001192010/22, E_0000000001192010/23, E_0000000001192010/24, E_0000000001192010/25, E_0000000001192010/26, E_0000000001192010/27, E_0000000001192010/28, E_0000000001192010/29, E_0000000001192010/30, E_0000000001192010/31, E_0000000001192010/32, E_0000000001192010/33, E_0000000001192010/34, E_0000000001192010/35, E_0000000001192010/36, E_0000000001192010/37, E_0000000001192010/38, E_0000000001192010/39, E_0000000001192010/40, E_0000000001192010/41, E_0000000001192010/42, E_0000000001192010/43, E_0000000001192010/44, E_0000000001192010/45, E_0000000001192010/46, E_0000000001192010/47, E_0000000001192010/48, E_0000000001192010/49, E_0000000001192010/50, E_0000000001192010/51, E_0000000001192010/52, E_0000000001192010/53, E_0000000001192010/54, E_0000000001192010/55, E_0000000001192010/56, E_0000000001192010/57, E_0000000001192010/58, E_0000000001192010/59, E_0000000001192010/60, E_0000000001192010/61, E_0000000001192010/62, E_0000000001192010/63, E_0000000001192010/64;
E_0000000001192090 .event edge, v00000000011f51a0_0, v00000000011f6960_0, v000000000118a270_0;
L_00000000015a21f0 .functor MUXZ 32, L_0000000001549b98, v00000000011f9fc0_0, L_00000000015a3410, C4<>;
S_0000000001548f40 .scope begin, "MEM_READ" "MEM_READ" 13 25, 13 25 0, S_00000000011572d0;
 .timescale 0 0;
S_0000000001548a90 .scope begin, "MEM_WRITE" "MEM_WRITE" 13 18, 13 18 0, S_00000000011572d0;
 .timescale 0 0;
S_0000000001549260 .scope module, "rf" "RF" 2 41, 14 1 0, S_0000000001146520;
 .timescale 0 0;
    .port_info 0 /INPUT 1 "CLK";
    .port_info 1 /INPUT 32 "W_data";
    .port_info 2 /INPUT 5 "R_Reg1";
    .port_info 3 /INPUT 5 "R_Reg2";
    .port_info 4 /INPUT 5 "W_Reg";
    .port_info 5 /OUTPUT 32 "R_data1";
    .port_info 6 /OUTPUT 32 "R_data2";
    .port_info 7 /INPUT 1 "W";
P_00000000011548c0 .param/l "AddrWidth" 0 14 5, +C4<00000000000000000000000000000101>;
P_00000000011548f8 .param/l "DataDepth" 0 14 6, +C4<0000000000000000000000000000000100000>;
P_0000000001154930 .param/l "DataWidth" 0 14 4, +C4<00000000000000000000000000100000>;
L_0000000001167b20 .functor BUFZ 32, L_00000000015a2e70, C4<00000000000000000000000000000000>, C4<00000000000000000000000000000000>, C4<00000000000000000000000000000000>;
L_0000000001167dc0 .functor BUFZ 32, L_00000000015a3690, C4<00000000000000000000000000000000>, C4<00000000000000000000000000000000>, C4<00000000000000000000000000000000>;
v00000000011fa060_0 .net "CLK", 0 0, o00000000011ae798;  alias, 0 drivers
v00000000011fa1a0_0 .net "R_Reg1", 4 0, L_00000000015a2dd0;  1 drivers
v00000000011f89e0_0 .net "R_Reg2", 4 0, L_00000000015a2290;  1 drivers
v00000000011fb660_0 .net "R_data1", 31 0, L_0000000001167b20;  alias, 1 drivers
v00000000011fc560_0 .net "R_data2", 31 0, L_0000000001167dc0;  alias, 1 drivers
v00000000011fc6a0_0 .net "W", 0 0, L_00000000015a2a10;  alias, 1 drivers
v00000000011fbfc0_0 .net "W_Reg", 4 0, L_00000000015a35f0;  alias, 1 drivers
v00000000011fc9c0_0 .net "W_data", 31 0, L_00000000015a2510;  alias, 1 drivers
v00000000011fbac0_0 .net *"_s0", 31 0, L_00000000015a2e70;  1 drivers
v00000000011fca60_0 .net *"_s10", 6 0, L_00000000015a3730;  1 drivers
L_00000000015499e8 .functor BUFT 1, C4<00>, C4<0>, C4<0>, C4<0>;
v00000000011fb0c0_0 .net *"_s13", 1 0, L_00000000015499e8;  1 drivers
v00000000011fcb00_0 .net *"_s2", 6 0, L_00000000015a23d0;  1 drivers
L_00000000015499a0 .functor BUFT 1, C4<00>, C4<0>, C4<0>, C4<0>;
v00000000011fc060_0 .net *"_s5", 1 0, L_00000000015499a0;  1 drivers
v00000000011fcba0_0 .net *"_s8", 31 0, L_00000000015a3690;  1 drivers
v00000000011fbf20_0 .var/i "i", 31 0;
v00000000011fb340 .array "rf", 0 31, 31 0;
E_0000000001191ed0 .event posedge, v00000000011f88a0_0;
L_00000000015a2e70 .array/port v00000000011fb340, L_00000000015a23d0;
L_00000000015a23d0 .concat [ 5 2 0 0], L_00000000015a2dd0, L_00000000015499a0;
L_00000000015a3690 .array/port v00000000011fb340, L_00000000015a3730;
L_00000000015a3730 .concat [ 5 2 0 0], L_00000000015a2290, L_00000000015499e8;
S_00000000015493f0 .scope begin, "MEM_WRITE" "MEM_WRITE" 14 17, 14 17 0, S_0000000001549260;
 .timescale 0 0;
S_0000000001549580 .scope module, "shl2_32" "SHL2_32" 2 48, 15 1 0, S_0000000001146520;
 .timescale 0 0;
    .port_info 0 /INPUT 32 "data";
    .port_info 1 /OUTPUT 32 "odata";
v00000000011fc600_0 .net "data", 31 0, v00000000011fc740_0;  alias, 1 drivers
v00000000011fbb60_0 .var "odata", 31 0;
E_00000000011920d0 .event edge, v00000000011f98e0_0;
S_0000000001548db0 .scope module, "sigexit16_32" "SigExit16_32" 2 42, 16 1 0, S_0000000001146520;
 .timescale 0 0;
    .port_info 0 /INPUT 16 "Inst";
    .port_info 1 /OUTPUT 32 "Addr";
v00000000011fc740_0 .var "Addr", 31 0;
v00000000011fbca0_0 .net "Inst", 15 0, L_00000000015a3230;  1 drivers
E_0000000001192390 .event edge, v00000000011fbca0_0;
    .scope S_00000000011545a0;
T_0 ;
    %wait E_0000000001192210;
    %load/vec4 v00000000011f8f80_0;
    %flag_set/vec4 8;
    %jmp/0xz  T_0.0, 8;
    %pushi/vec4 0, 0, 32;
    %assign/vec4 v00000000011f8ee0_0, 0;
    %jmp T_0.1;
T_0.0 ;
    %load/vec4 v00000000011f8b20_0;
    %assign/vec4 v00000000011f8ee0_0, 0;
T_0.1 ;
    %jmp T_0;
    .thread T_0;
    .scope S_0000000001165570;
T_1 ;
    %pushi/vec4 69664, 0, 32;
    %ix/load 4, 0, 0;
    %flag_set/imm 4, 0;
    %store/vec4a v00000000011f6820, 4, 0;
    %pushi/vec4 137250, 0, 32;
    %ix/load 4, 1, 0;
    %flag_set/imm 4, 0;
    %store/vec4a v00000000011f6820, 4, 0;
    %pushi/vec4 6428705, 0, 32;
    %ix/load 4, 2, 0;
    %flag_set/imm 4, 0;
    %store/vec4a v00000000011f6820, 4, 0;
    %pushi/vec4 8724517, 0, 32;
    %ix/load 4, 3, 0;
    %flag_set/imm 4, 0;
    %store/vec4a v00000000011f6820, 4, 0;
    %pushi/vec4 4263978, 0, 32;
    %ix/load 4, 4, 0;
    %flag_set/imm 4, 0;
    %store/vec4a v00000000011f6820, 4, 0;
    %end;
    .thread T_1;
    .scope S_0000000001165570;
T_2 ;
    %wait E_0000000001191c50;
    %load/vec4 v00000000011f5920_0;
    %parti/s 8, 0, 2;
    %store/vec4 v00000000011f59c0_0, 0, 8;
    %load/vec4 v00000000011f59c0_0;
    %pad/u 10;
    %ix/vec4 4;
    %load/vec4a v00000000011f6820, 4;
    %store/vec4 v00000000011f6c80_0, 0, 32;
    %jmp T_2;
    .thread T_2, $push;
    .scope S_0000000001161510;
T_3 ;
    %wait E_0000000001191dd0;
    %load/vec4 v00000000011f6320_0;
    %dup/vec4;
    %pushi/vec4 0, 0, 6;
    %cmp/u;
    %jmp/1 T_3.0, 6;
    %dup/vec4;
    %pushi/vec4 35, 0, 6;
    %cmp/u;
    %jmp/1 T_3.1, 6;
    %dup/vec4;
    %pushi/vec4 43, 0, 6;
    %cmp/u;
    %jmp/1 T_3.2, 6;
    %dup/vec4;
    %pushi/vec4 4, 0, 6;
    %cmp/u;
    %jmp/1 T_3.3, 6;
    %dup/vec4;
    %pushi/vec4 2, 0, 6;
    %cmp/u;
    %jmp/1 T_3.4, 6;
    %jmp T_3.5;
T_3.0 ;
    %pushi/vec4 770, 0, 10;
    %assign/vec4 v00000000011f5ec0_0, 0;
    %jmp T_3.5;
T_3.1 ;
    %pushi/vec4 464, 0, 10;
    %assign/vec4 v00000000011f5ec0_0, 0;
    %jmp T_3.5;
T_3.2 ;
    %pushi/vec4 688, 528, 10;
    %assign/vec4 v00000000011f5ec0_0, 0;
    %jmp T_3.5;
T_3.3 ;
    %pushi/vec4 537, 528, 10;
    %assign/vec4 v00000000011f5ec0_0, 0;
    %jmp T_3.5;
T_3.4 ;
    %pushi/vec4 663, 659, 10;
    %assign/vec4 v00000000011f5ec0_0, 0;
    %jmp T_3.5;
T_3.5 ;
    %pop/vec4 1;
    %jmp T_3;
    .thread T_3, $push;
    .scope S_0000000001549260;
T_4 ;
    %wait E_0000000001191ed0;
    %fork t_1, S_00000000015493f0;
    %jmp t_0;
    .scope S_00000000015493f0;
t_1 ;
    %load/vec4 v00000000011fc6a0_0;
    %flag_set/vec4 8;
    %jmp/0xz  T_4.0, 8;
    %load/vec4 v00000000011fc9c0_0;
    %load/vec4 v00000000011fbfc0_0;
    %pad/u 7;
    %ix/vec4 4;
    %store/vec4a v00000000011fb340, 4, 0;
T_4.0 ;
    %end;
    .scope S_0000000001549260;
t_0 %join;
    %jmp T_4;
    .thread T_4;
    .scope S_0000000001549260;
T_5 ;
    %pushi/vec4 0, 0, 32;
    %store/vec4 v00000000011fbf20_0, 0, 32;
T_5.0 ;
    %load/vec4 v00000000011fbf20_0;
    %pad/s 37;
    %cmpi/ne 32, 0, 37;
    %jmp/0xz T_5.1, 4;
    %load/vec4 v00000000011fbf20_0;
    %ix/getv/s 4, v00000000011fbf20_0;
    %store/vec4a v00000000011fb340, 4, 0;
    %load/vec4 v00000000011fbf20_0;
    %addi 1, 0, 32;
    %store/vec4 v00000000011fbf20_0, 0, 32;
    %jmp T_5.0;
T_5.1 ;
    %end;
    .thread T_5;
    .scope S_0000000001548db0;
T_6 ;
    %wait E_0000000001192390;
    %load/vec4 v00000000011fbca0_0;
    %parti/s 1, 15, 5;
    %pad/u 32;
    %cmpi/e 1, 0, 32;
    %jmp/0xz  T_6.0, 4;
    %pushi/vec4 65535, 0, 16;
    %ix/load 4, 16, 0;
    %flag_set/imm 4, 0;
    %store/vec4 v00000000011fc740_0, 4, 16;
    %jmp T_6.1;
T_6.0 ;
    %pushi/vec4 0, 0, 16;
    %ix/load 4, 16, 0;
    %flag_set/imm 4, 0;
    %store/vec4 v00000000011fc740_0, 4, 16;
T_6.1 ;
    %load/vec4 v00000000011fbca0_0;
    %ix/load 4, 0, 0;
    %flag_set/imm 4, 0;
    %store/vec4 v00000000011fc740_0, 4, 16;
    %jmp T_6;
    .thread T_6, $push;
    .scope S_00000000011669a0;
T_7 ;
    %wait E_0000000001191c10;
    %load/vec4 v00000000011f5f60_0;
    %dup/vec4;
    %pushi/vec4 0, 0, 2;
    %cmp/u;
    %jmp/1 T_7.0, 6;
    %dup/vec4;
    %pushi/vec4 1, 0, 2;
    %cmp/u;
    %jmp/1 T_7.1, 6;
    %load/vec4 v00000000011f6280_0;
    %dup/vec4;
    %pushi/vec4 32, 0, 6;
    %cmp/u;
    %jmp/1 T_7.4, 6;
    %dup/vec4;
    %pushi/vec4 33, 0, 6;
    %cmp/u;
    %jmp/1 T_7.5, 6;
    %dup/vec4;
    %pushi/vec4 34, 0, 6;
    %cmp/u;
    %jmp/1 T_7.6, 6;
    %dup/vec4;
    %pushi/vec4 36, 0, 6;
    %cmp/u;
    %jmp/1 T_7.7, 6;
    %dup/vec4;
    %pushi/vec4 37, 0, 6;
    %cmp/u;
    %jmp/1 T_7.8, 6;
    %dup/vec4;
    %pushi/vec4 42, 0, 6;
    %cmp/u;
    %jmp/1 T_7.9, 6;
    %pushi/vec4 7, 7, 3;
    %assign/vec4 v00000000011f6e60_0, 0;
    %jmp T_7.11;
T_7.4 ;
    %pushi/vec4 4, 0, 3;
    %assign/vec4 v00000000011f6e60_0, 0;
    %jmp T_7.11;
T_7.5 ;
    %pushi/vec4 5, 0, 3;
    %assign/vec4 v00000000011f6e60_0, 0;
    %jmp T_7.11;
T_7.6 ;
    %pushi/vec4 6, 0, 3;
    %assign/vec4 v00000000011f6e60_0, 0;
    %jmp T_7.11;
T_7.7 ;
    %pushi/vec4 0, 0, 3;
    %assign/vec4 v00000000011f6e60_0, 0;
    %jmp T_7.11;
T_7.8 ;
    %pushi/vec4 1, 0, 3;
    %assign/vec4 v00000000011f6e60_0, 0;
    %jmp T_7.11;
T_7.9 ;
    %pushi/vec4 3, 0, 3;
    %assign/vec4 v00000000011f6e60_0, 0;
    %jmp T_7.11;
T_7.11 ;
    %pop/vec4 1;
    %jmp T_7.3;
T_7.0 ;
    %pushi/vec4 4, 0, 3;
    %assign/vec4 v00000000011f6e60_0, 0;
    %jmp T_7.3;
T_7.1 ;
    %pushi/vec4 6, 0, 3;
    %assign/vec4 v00000000011f6e60_0, 0;
    %jmp T_7.3;
T_7.3 ;
    %pop/vec4 1;
    %jmp T_7;
    .thread T_7, $push;
    .scope S_0000000001181960;
T_8 ;
    %wait E_0000000001191890;
    %load/vec4 v00000000011f6a00_0;
    %dup/vec4;
    %pushi/vec4 4, 0, 3;
    %cmp/u;
    %jmp/1 T_8.0, 6;
    %dup/vec4;
    %pushi/vec4 4, 0, 3;
    %cmp/u;
    %jmp/1 T_8.1, 6;
    %dup/vec4;
    %pushi/vec4 6, 0, 3;
    %cmp/u;
    %jmp/1 T_8.2, 6;
    %dup/vec4;
    %pushi/vec4 0, 0, 3;
    %cmp/u;
    %jmp/1 T_8.3, 6;
    %dup/vec4;
    %pushi/vec4 1, 0, 3;
    %cmp/u;
    %jmp/1 T_8.4, 6;
    %dup/vec4;
    %pushi/vec4 3, 0, 3;
    %cmp/u;
    %jmp/1 T_8.5, 6;
    %load/vec4 v00000000011f52e0_0;
    %pad/u 33;
    %load/vec4 v00000000011f63c0_0;
    %pad/u 33;
    %add;
    %store/vec4 v00000000011f65a0_0, 0, 33;
    %jmp T_8.7;
T_8.0 ;
    %load/vec4 v00000000011f52e0_0;
    %pad/u 33;
    %load/vec4 v00000000011f63c0_0;
    %pad/u 33;
    %add;
    %store/vec4 v00000000011f65a0_0, 0, 33;
    %jmp T_8.7;
T_8.1 ;
    %load/vec4 v00000000011f61e0_0;
    %pad/s 33;
    %load/vec4 v00000000011f5d80_0;
    %pad/s 33;
    %add;
    %store/vec4 v00000000011f65a0_0, 0, 33;
    %jmp T_8.7;
T_8.2 ;
    %load/vec4 v00000000011f61e0_0;
    %pad/s 33;
    %load/vec4 v00000000011f5d80_0;
    %pad/s 33;
    %sub;
    %store/vec4 v00000000011f65a0_0, 0, 33;
    %jmp T_8.7;
T_8.3 ;
    %load/vec4 v00000000011f52e0_0;
    %pad/u 33;
    %load/vec4 v00000000011f63c0_0;
    %pad/u 33;
    %and;
    %store/vec4 v00000000011f65a0_0, 0, 33;
    %jmp T_8.7;
T_8.4 ;
    %load/vec4 v00000000011f52e0_0;
    %pad/u 33;
    %load/vec4 v00000000011f63c0_0;
    %pad/u 33;
    %or;
    %store/vec4 v00000000011f65a0_0, 0, 33;
    %jmp T_8.7;
T_8.5 ;
    %load/vec4 v00000000011f61e0_0;
    %load/vec4 v00000000011f5d80_0;
    %cmp/s;
    %flag_mov 8, 5;
    %jmp/0 T_8.8, 8;
    %pushi/vec4 1, 0, 33;
    %jmp/1 T_8.9, 8;
T_8.8 ; End of true expr.
    %pushi/vec4 0, 0, 33;
    %jmp/0 T_8.9, 8;
 ; End of false expr.
    %blend;
T_8.9;
    %store/vec4 v00000000011f65a0_0, 0, 33;
    %jmp T_8.7;
T_8.7 ;
    %pop/vec4 1;
    %jmp T_8;
    .thread T_8, $push;
    .scope S_00000000011572d0;
T_9 ;
    %wait E_0000000001192090;
    %fork t_3, S_0000000001548a90;
    %jmp t_2;
    .scope S_0000000001548a90;
t_3 ;
    %load/vec4 v00000000011f90c0_0;
    %flag_set/vec4 8;
    %jmp/0xz  T_9.0, 8;
    %load/vec4 v00000000011f9f20_0;
    %load/vec4 v00000000011f9b60_0;
    %parti/s 8, 0, 2;
    %pad/u 10;
    %ix/vec4 4;
    %store/vec4a v00000000011fa600, 4, 0;
T_9.0 ;
    %end;
    .scope S_00000000011572d0;
t_2 %join;
    %jmp T_9;
    .thread T_9, $push;
    .scope S_00000000011572d0;
T_10 ;
    %wait E_0000000001192010;
    %fork t_5, S_0000000001548f40;
    %jmp t_4;
    .scope S_0000000001548f40;
t_5 ;
    %load/vec4 v00000000011f9020_0;
    %flag_set/vec4 8;
    %jmp/0xz  T_10.0, 8;
    %load/vec4 v00000000011f9b60_0;
    %parti/s 8, 0, 2;
    %pad/u 10;
    %ix/vec4 4;
    %load/vec4a v00000000011fa600, 4;
    %store/vec4 v00000000011f9fc0_0, 0, 32;
T_10.0 ;
    %end;
    .scope S_00000000011572d0;
t_4 %join;
    %jmp T_10;
    .thread T_10, $push;
    .scope S_0000000001549580;
T_11 ;
    %wait E_00000000011920d0;
    %load/vec4 v00000000011fc600_0;
    %parti/s 30, 0, 2;
    %ix/load 4, 2, 0;
    %ix/load 5, 0, 0;
    %flag_set/imm 4, 0;
    %assign/vec4/off/d v00000000011fbb60_0, 4, 5;
    %pushi/vec4 0, 0, 2;
    %ix/load 4, 0, 0;
    %ix/load 5, 0, 0;
    %flag_set/imm 4, 0;
    %assign/vec4/off/d v00000000011fbb60_0, 4, 5;
    %jmp T_11;
    .thread T_11, $push;
    .scope S_0000000001161380;
T_12 ;
    %wait E_0000000001191ad0;
    %load/vec4 v00000000011f6be0_0;
    %ix/load 4, 2, 0;
    %ix/load 5, 0, 0;
    %flag_set/imm 4, 0;
    %assign/vec4/off/d v00000000011f5600_0, 4, 5;
    %pushi/vec4 0, 0, 2;
    %ix/load 4, 0, 0;
    %ix/load 5, 0, 0;
    %flag_set/imm 4, 0;
    %assign/vec4/off/d v00000000011f5600_0, 4, 5;
    %load/vec4 v00000000011f5560_0;
    %ix/load 4, 28, 0;
    %ix/load 5, 0, 0;
    %flag_set/imm 4, 0;
    %assign/vec4/off/d v00000000011f5600_0, 4, 5;
    %jmp T_12;
    .thread T_12, $push;
# The file index is used to find the file name in the following table.
:file_names 17;
    "N/A";
    "<interactive>";
    "CPU.v";
    "./MUX32.v";
    "./Add1.v";
    "./ALU.v";
    "./ALUCU.v";
    "./AndGate.v";
    "./CodeRam.v";
    "./SHL2_26.v";
    "./MCU.v";
    "./MUX5.v";
    "./PC.v";
    "./RAM.v";
    "./RF.v";
    "./SHL2_32.v";
    "./SigExit16_32.v";
