#! /usr/local/iverilog/bin/vvp
:ivl_version "11.0 (devel)" "(s20150603-642-g3bdb50da)";
:ivl_delay_selection "TYPICAL";
:vpi_time_precision + 0;
:vpi_module "system";
:vpi_module "vhdl_sys";
:vpi_module "vhdl_textio";
:vpi_module "v2005_math";
:vpi_module "va_math";
S_0000000000966940 .scope module, "PC" "PC" 2 1;
 .timescale 0 0;
    .port_info 0 /INPUT 1 "CLK";
    .port_info 1 /INPUT 32 "D";
    .port_info 2 /OUTPUT 32 "Q";
P_0000000001174640 .param/l "WIDTH" 0 2 6, +C4<00000000000000000000000000100000>;
o0000000001176fa8 .functor BUFZ 1, C4<z>; HiZ drive
v0000000000966ad0_0 .net "CLK", 0 0, o0000000001176fa8;  0 drivers
o0000000001176fd8 .functor BUFZ 32, C4<zzzzzzzzzzzzzzzzzzzzzzzzzzzzzzzz>; HiZ drive
v0000000000966b70_0 .net "D", 31 0, o0000000001176fd8;  0 drivers
v000000000096e060_0 .var "PC_Reg", 31 0;
v000000000096e100_0 .var "Q", 31 0;
E_0000000001174840 .event posedge, v0000000000966ad0_0;
    .scope S_0000000000966940;
T_0 ;
    %pushi/vec4 0, 0, 32;
    %store/vec4 v000000000096e060_0, 0, 32;
    %end;
    .thread T_0;
    .scope S_0000000000966940;
T_1 ;
    %wait E_0000000001174840;
    %load/vec4 v000000000096e060_0;
    %store/vec4 v000000000096e100_0, 0, 32;
    %load/vec4 v0000000000966b70_0;
    %store/vec4 v000000000096e060_0, 0, 32;
    %jmp T_1;
    .thread T_1;
# The file index is used to find the file name in the following table.
:file_names 3;
    "N/A";
    "<interactive>";
    "PC.v";
