#! /usr/local/iverilog/bin/vvp
:ivl_version "11.0 (devel)" "(s20150603-642-g3bdb50da)";
:ivl_delay_selection "TYPICAL";
:vpi_time_precision + 0;
:vpi_module "system";
:vpi_module "vhdl_sys";
:vpi_module "vhdl_textio";
:vpi_module "v2005_math";
:vpi_module "va_math";
S_00000000010e6290 .scope module, "CPU" "CPU" 2 20;
 .timescale 0 0;
    .port_info 0 /INPUT 1 "CLK";
    .port_info 1 /INPUT 1 "Rst";
v0000000001501270_0 .net "ALUA", 31 0, L_0000000001507f10;  1 drivers
v0000000001502170_0 .net "ALUB", 31 0, v00000000014fd280_0;  1 drivers
v0000000001502b70_0 .net "ALUC", 31 0, L_0000000001508370;  1 drivers
v0000000001502c10_0 .net "ALUCtrl", 2 0, v00000000014feb10_0;  1 drivers
v0000000001502a30_0 .net "ALUOp", 1 0, v00000000014fef70_0;  1 drivers
v00000000015013b0_0 .net "ALUSrcA", 0 0, v00000000014ff330_0;  1 drivers
v0000000001502850_0 .net "ALUSrcASel1", 31 0, v00000000014fd820_0;  1 drivers
v00000000015018b0_0 .net "ALUSrcB", 1 0, v00000000014ffa10_0;  1 drivers
v0000000001502cb0_0 .net "ALUSrcBSel0", 31 0, v00000000014fda00_0;  1 drivers
v0000000001502350_0 .net "ALUSrcBSel3", 31 0, v0000000001501310_0;  1 drivers
v0000000001502df0_0 .net "Addr", 31 0, L_0000000001508550;  1 drivers
v0000000001502d50_0 .net "AddrOutPC", 31 0, v00000000014fe750_0;  1 drivers
v0000000001502710_0 .net "BeqAddr", 31 0, v0000000001502210_0;  1 drivers
o0000000001166fd8 .functor BUFZ 1, C4<z>; HiZ drive
v0000000001501590_0 .net "CLK", 0 0, o0000000001166fd8;  0 drivers
v00000000015019f0_0 .net "IRWr", 0 0, v00000000014fe250_0;  1 drivers
v0000000001502490_0 .net "Inst", 25 0, L_0000000001508cd0;  1 drivers
v0000000001502530_0 .net "IorD", 0 0, v00000000014fe430_0;  1 drivers
v00000000015025d0_0 .net "MemRd", 0 0, v00000000014ff790_0;  1 drivers
v0000000001502670_0 .net "MemWr", 0 0, v00000000014ffab0_0;  1 drivers
v00000000015028f0_0 .net "MemtoReg", 0 0, v00000000014ff150_0;  1 drivers
v0000000001508e10_0 .net "NS", 3 0, v00000000014fe930_0;  1 drivers
v0000000001509450_0 .net "OUTMDR", 31 0, v00000000014fe390_0;  1 drivers
v0000000001508230_0 .net "Op", 5 0, L_0000000001508870;  1 drivers
v0000000001509130_0 .net "OutALUOut", 31 0, v0000000001150910_0;  1 drivers
v00000000015084b0_0 .net "OutAndGate", 0 0, L_0000000001144490;  1 drivers
v0000000001508690_0 .net "OutPCSrcSel", 31 0, v00000000014fd000_0;  1 drivers
v0000000001508af0_0 .net "OutSig", 31 0, v00000000014fdf00_0;  1 drivers
v0000000001508c30_0 .net "PCSrc", 1 0, v00000000014fe9d0_0;  1 drivers
v00000000015085f0_0 .net "PCW", 0 0, L_0000000001144570;  1 drivers
v00000000015094f0_0 .net "PCWr", 0 0, v00000000014fe2f0_0;  1 drivers
v0000000001509590_0 .net "PCWrCond", 0 0, v00000000014ff0b0_0;  1 drivers
o0000000001168d18 .functor BUFZ 32, C4<zzzzzzzzzzzzzzzzzzzzzzzzzzzzzzzz>; HiZ drive
v0000000001507a10_0 .net "RAMW_data", 31 0, o0000000001168d18;  0 drivers
v0000000001509630_0 .net "RFW_data", 31 0, L_0000000001508d70;  1 drivers
v0000000001508730_0 .net "R_data", 31 0, L_0000000001508910;  1 drivers
v00000000015080f0_0 .net "R_data1", 31 0, L_00000000011443b0;  1 drivers
v00000000015096d0_0 .net "R_data2", 31 0, L_0000000001144260;  1 drivers
v0000000001509770_0 .net "RegDst", 0 0, v00000000014fe110_0;  1 drivers
v00000000015091d0_0 .net "RegWr", 0 0, v00000000014ff830_0;  1 drivers
o0000000001168bc8 .functor BUFZ 1, C4<z>; HiZ drive
v00000000015087d0_0 .net "Rst", 0 0, o0000000001168bc8;  0 drivers
v0000000001507ab0_0 .net "S", 3 0, v00000000015027b0_0;  1 drivers
v00000000015078d0_0 .net "W_Reg", 4 0, L_0000000001509310;  1 drivers
v0000000001508ff0_0 .net "overflow", 0 0, L_00000000015626c0;  1 drivers
v0000000001509270_0 .net "zero", 0 0, L_0000000001562120;  1 drivers
L_0000000001508870 .part v00000000014fe7f0_0, 26, 6;
L_0000000001508cd0 .part v00000000014fe7f0_0, 0, 26;
L_0000000001507bf0 .part L_0000000001508cd0, 16, 5;
L_0000000001508b90 .part L_0000000001508cd0, 11, 5;
L_0000000001509090 .part L_0000000001508cd0, 21, 5;
L_0000000001507c90 .part L_0000000001508cd0, 16, 5;
L_0000000001507fb0 .part L_0000000001508cd0, 0, 16;
L_0000000001508190 .part L_0000000001508cd0, 0, 6;
L_00000000015621c0 .part v00000000014fe750_0, 28, 4;
S_0000000001149eb0 .scope module, "ALUOUT" "ComReg" 2 111, 3 1 0, S_00000000010e6290;
 .timescale 0 0;
    .port_info 0 /INPUT 32 "D";
    .port_info 1 /INPUT 1 "CLK";
    .port_info 2 /OUTPUT 32 "Q";
v0000000001151310_0 .net "CLK", 0 0, o0000000001166fd8;  alias, 0 drivers
v00000000011514f0_0 .net "D", 31 0, L_0000000001508370;  alias, 1 drivers
v0000000001150910_0 .var "Q", 31 0;
E_00000000011547c0 .event posedge, v0000000001151310_0;
S_000000000114a040 .scope module, "ALUSrcASel" "MUX32_2" 2 99, 4 1 0, S_00000000010e6290;
 .timescale 0 0;
    .port_info 0 /INPUT 32 "A";
    .port_info 1 /INPUT 32 "B";
    .port_info 2 /INPUT 1 "Select";
    .port_info 3 /OUTPUT 32 "S";
v00000000011505f0_0 .net "A", 31 0, v00000000014fe750_0;  alias, 1 drivers
v0000000001150cd0_0 .net "B", 31 0, v00000000014fd820_0;  alias, 1 drivers
v0000000001151810_0 .net "S", 31 0, L_0000000001507f10;  alias, 1 drivers
v00000000011500f0_0 .net "Select", 0 0, v00000000014ff330_0;  alias, 1 drivers
v00000000011518b0_0 .net *"_s0", 31 0, L_0000000001507d30;  1 drivers
L_0000000001509b20 .functor BUFT 1, C4<0000000000000000000000000000000>, C4<0>, C4<0>, C4<0>;
v00000000001ea540_0 .net *"_s3", 30 0, L_0000000001509b20;  1 drivers
L_0000000001509b68 .functor BUFT 1, C4<00000000000000000000000000000000>, C4<0>, C4<0>, C4<0>;
v00000000001ea220_0 .net/2u *"_s4", 31 0, L_0000000001509b68;  1 drivers
v00000000001ea680_0 .net *"_s6", 0 0, L_0000000001507e70;  1 drivers
L_0000000001507d30 .concat [ 1 31 0 0], v00000000014ff330_0, L_0000000001509b20;
L_0000000001507e70 .cmp/eq 32, L_0000000001507d30, L_0000000001509b68;
L_0000000001507f10 .functor MUXZ 32, v00000000014fd820_0, v00000000014fe750_0, L_0000000001507e70, C4<>;
S_0000000001116e30 .scope module, "ALUSrcBSel" "MUX32_4" 2 105, 5 1 0, S_00000000010e6290;
 .timescale 0 0;
    .port_info 0 /INPUT 2 "Select";
    .port_info 1 /INPUT 32 "A";
    .port_info 2 /INPUT 32 "B";
    .port_info 3 /INPUT 32 "C";
    .port_info 4 /INPUT 32 "D";
    .port_info 5 /OUTPUT 32 "S";
v00000000001ea900_0 .net "A", 31 0, v00000000014fda00_0;  alias, 1 drivers
L_0000000001509bb0 .functor BUFT 1, C4<00000000000000000000000000000100>, C4<0>, C4<0>, C4<0>;
v00000000014fd640_0 .net "B", 31 0, L_0000000001509bb0;  1 drivers
v00000000014fdd20_0 .net "C", 31 0, v00000000014fdf00_0;  alias, 1 drivers
v00000000014fce20_0 .net "D", 31 0, v0000000001501310_0;  alias, 1 drivers
v00000000014fd280_0 .var "S", 31 0;
v00000000014fcec0_0 .net "Select", 1 0, v00000000014ffa10_0;  alias, 1 drivers
E_0000000001154400/0 .event edge, v00000000014fcec0_0, v00000000001ea900_0, v00000000014fd640_0, v00000000014fdd20_0;
E_0000000001154400/1 .event edge, v00000000014fce20_0;
E_0000000001154400 .event/or E_0000000001154400/0, E_0000000001154400/1;
S_0000000001116fc0 .scope module, "ComRegA" "ComReg" 2 95, 3 1 0, S_00000000010e6290;
 .timescale 0 0;
    .port_info 0 /INPUT 32 "D";
    .port_info 1 /INPUT 1 "CLK";
    .port_info 2 /OUTPUT 32 "Q";
v00000000014fcf60_0 .net "CLK", 0 0, o0000000001166fd8;  alias, 0 drivers
v00000000014fcce0_0 .net "D", 31 0, L_00000000011443b0;  alias, 1 drivers
v00000000014fd820_0 .var "Q", 31 0;
S_000000000110d760 .scope module, "ComRegB" "ComReg" 2 97, 3 1 0, S_00000000010e6290;
 .timescale 0 0;
    .port_info 0 /INPUT 32 "D";
    .port_info 1 /INPUT 1 "CLK";
    .port_info 2 /OUTPUT 32 "Q";
v00000000014fd460_0 .net "CLK", 0 0, o0000000001166fd8;  alias, 0 drivers
v00000000014fd960_0 .net "D", 31 0, L_0000000001144260;  alias, 1 drivers
v00000000014fda00_0 .var "Q", 31 0;
S_000000000110d8f0 .scope module, "IDsel" "MUX32_2" 2 81, 4 1 0, S_00000000010e6290;
 .timescale 0 0;
    .port_info 0 /INPUT 32 "A";
    .port_info 1 /INPUT 32 "B";
    .port_info 2 /INPUT 1 "Select";
    .port_info 3 /OUTPUT 32 "S";
v00000000014fd320_0 .net "A", 31 0, v00000000014fe750_0;  alias, 1 drivers
v00000000014fd140_0 .net "B", 31 0, v0000000001150910_0;  alias, 1 drivers
v00000000014fc880_0 .net "S", 31 0, L_0000000001508550;  alias, 1 drivers
v00000000014fdb40_0 .net "Select", 0 0, v00000000014fe430_0;  alias, 1 drivers
v00000000014fc920_0 .net *"_s0", 31 0, L_0000000001508eb0;  1 drivers
L_0000000001509898 .functor BUFT 1, C4<0000000000000000000000000000000>, C4<0>, C4<0>, C4<0>;
v00000000014fd0a0_0 .net *"_s3", 30 0, L_0000000001509898;  1 drivers
L_00000000015098e0 .functor BUFT 1, C4<00000000000000000000000000000000>, C4<0>, C4<0>, C4<0>;
v00000000014fd780_0 .net/2u *"_s4", 31 0, L_00000000015098e0;  1 drivers
v00000000014fcc40_0 .net *"_s6", 0 0, L_0000000001507b50;  1 drivers
L_0000000001508eb0 .concat [ 1 31 0 0], v00000000014fe430_0, L_0000000001509898;
L_0000000001507b50 .cmp/eq 32, L_0000000001508eb0, L_00000000015098e0;
L_0000000001508550 .functor MUXZ 32, v0000000001150910_0, v00000000014fe750_0, L_0000000001507b50, C4<>;
S_00000000011090b0 .scope module, "MemtoRegSel" "MUX32_2" 2 91, 4 1 0, S_00000000010e6290;
 .timescale 0 0;
    .port_info 0 /INPUT 32 "A";
    .port_info 1 /INPUT 32 "B";
    .port_info 2 /INPUT 1 "Select";
    .port_info 3 /OUTPUT 32 "S";
v00000000014fd5a0_0 .net "A", 31 0, v0000000001150910_0;  alias, 1 drivers
v00000000014fdaa0_0 .net "B", 31 0, v00000000014fe390_0;  alias, 1 drivers
v00000000014fcd80_0 .net "S", 31 0, L_0000000001508d70;  alias, 1 drivers
v00000000014fc100_0 .net "Select", 0 0, v00000000014ff150_0;  alias, 1 drivers
v00000000014fd6e0_0 .net *"_s0", 31 0, L_00000000015093b0;  1 drivers
L_0000000001509a00 .functor BUFT 1, C4<0000000000000000000000000000000>, C4<0>, C4<0>, C4<0>;
v00000000014fd8c0_0 .net *"_s3", 30 0, L_0000000001509a00;  1 drivers
L_0000000001509a48 .functor BUFT 1, C4<00000000000000000000000000000000>, C4<0>, C4<0>, C4<0>;
v00000000014fc7e0_0 .net/2u *"_s4", 31 0, L_0000000001509a48;  1 drivers
v00000000014fdbe0_0 .net *"_s6", 0 0, L_0000000001507970;  1 drivers
L_00000000015093b0 .concat [ 1 31 0 0], v00000000014ff150_0, L_0000000001509a00;
L_0000000001507970 .cmp/eq 32, L_00000000015093b0, L_0000000001509a48;
L_0000000001508d70 .functor MUXZ 32, v00000000014fe390_0, v0000000001150910_0, L_0000000001507970, C4<>;
S_0000000001109240 .scope module, "PCSrcSel" "MUX32_4" 2 115, 5 1 0, S_00000000010e6290;
 .timescale 0 0;
    .port_info 0 /INPUT 2 "Select";
    .port_info 1 /INPUT 32 "A";
    .port_info 2 /INPUT 32 "B";
    .port_info 3 /INPUT 32 "C";
    .port_info 4 /INPUT 32 "D";
    .port_info 5 /OUTPUT 32 "S";
v00000000014fd3c0_0 .net "A", 31 0, L_0000000001508370;  alias, 1 drivers
v00000000014fc420_0 .net "B", 31 0, v0000000001150910_0;  alias, 1 drivers
v00000000014fde60_0 .net "C", 31 0, v0000000001502210_0;  alias, 1 drivers
o0000000001167b18 .functor BUFZ 32, C4<zzzzzzzzzzzzzzzzzzzzzzzzzzzzzzzz>; HiZ drive
v00000000014fdc80_0 .net "D", 31 0, o0000000001167b18;  0 drivers
v00000000014fd000_0 .var "S", 31 0;
v00000000014fc600_0 .net "Select", 1 0, v00000000014fe9d0_0;  alias, 1 drivers
E_0000000001154b00/0 .event edge, v00000000014fc600_0, v00000000011514f0_0, v0000000001150910_0, v00000000014fde60_0;
E_0000000001154b00/1 .event edge, v00000000014fdc80_0;
E_0000000001154b00 .event/or E_0000000001154b00/0, E_0000000001154b00/1;
S_0000000001108480 .scope module, "RegDstSel" "MUX5" 2 89, 6 1 0, S_00000000010e6290;
 .timescale 0 0;
    .port_info 0 /INPUT 5 "A";
    .port_info 1 /INPUT 5 "B";
    .port_info 2 /INPUT 1 "Select";
    .port_info 3 /OUTPUT 5 "S";
v00000000014fd1e0_0 .net "A", 4 0, L_0000000001507bf0;  1 drivers
v00000000014fc1a0_0 .net "B", 4 0, L_0000000001508b90;  1 drivers
v00000000014fc9c0_0 .net "S", 4 0, L_0000000001509310;  alias, 1 drivers
v00000000014fcb00_0 .net "Select", 0 0, v00000000014fe110_0;  alias, 1 drivers
v00000000014fca60_0 .net *"_s0", 31 0, L_0000000001508050;  1 drivers
L_0000000001509970 .functor BUFT 1, C4<0000000000000000000000000000000>, C4<0>, C4<0>, C4<0>;
v00000000014fddc0_0 .net *"_s3", 30 0, L_0000000001509970;  1 drivers
L_00000000015099b8 .functor BUFT 1, C4<00000000000000000000000000000000>, C4<0>, C4<0>, C4<0>;
v00000000014fc4c0_0 .net/2u *"_s4", 31 0, L_00000000015099b8;  1 drivers
v00000000014fd500_0 .net *"_s6", 0 0, L_00000000015089b0;  1 drivers
L_0000000001508050 .concat [ 1 31 0 0], v00000000014fe110_0, L_0000000001509970;
L_00000000015089b0 .cmp/eq 32, L_0000000001508050, L_00000000015099b8;
L_0000000001509310 .functor MUXZ 5, L_0000000001508b90, L_0000000001507bf0, L_00000000015089b0, C4<>;
S_0000000001108610 .scope module, "Sig" "SigExit16_32" 2 101, 7 1 0, S_00000000010e6290;
 .timescale 0 0;
    .port_info 0 /INPUT 16 "Inst";
    .port_info 1 /OUTPUT 32 "Addr";
v00000000014fdf00_0 .var "Addr", 31 0;
v00000000014fc060_0 .net "Inst", 15 0, L_0000000001507fb0;  1 drivers
E_0000000001154480 .event edge, v00000000014fc060_0;
S_0000000001106fb0 .scope module, "alu" "ALU" 2 109, 8 1 0, S_00000000010e6290;
 .timescale 0 0;
    .port_info 0 /INPUT 32 "A";
    .port_info 1 /INPUT 32 "B";
    .port_info 2 /INPUT 3 "Mod";
    .port_info 3 /OUTPUT 32 "C";
    .port_info 4 /OUTPUT 1 "Z";
    .port_info 5 /OUTPUT 1 "O";
P_0000000001107140 .param/l "Add" 0 8 9, C4<100>;
P_0000000001107178 .param/l "Addu" 0 8 11, C4<100>;
P_00000000011071b0 .param/l "And" 0 8 12, C4<000>;
P_00000000011071e8 .param/l "Or" 0 8 13, C4<001>;
P_0000000001107220 .param/l "Slt" 0 8 14, C4<011>;
P_0000000001107258 .param/l "Sub" 0 8 10, C4<110>;
P_0000000001107290 .param/l "bits" 0 8 16, +C4<00000000000000000000000000011111>;
L_00000000011442d0 .functor BUFZ 32, v00000000014fd280_0, C4<00000000000000000000000000000000>, C4<00000000000000000000000000000000>, C4<00000000000000000000000000000000>;
L_00000000011446c0 .functor BUFZ 32, L_0000000001507f10, C4<00000000000000000000000000000000>, C4<00000000000000000000000000000000>, C4<00000000000000000000000000000000>;
v00000000014fc240_0 .net "A", 31 0, L_0000000001507f10;  alias, 1 drivers
v00000000014fc2e0_0 .net "B", 31 0, v00000000014fd280_0;  alias, 1 drivers
v00000000014fc380_0 .net "C", 31 0, L_0000000001508370;  alias, 1 drivers
v00000000014fc560_0 .net "Mod", 2 0, v00000000014feb10_0;  alias, 1 drivers
v00000000014fc6a0_0 .net "O", 0 0, L_00000000015626c0;  alias, 1 drivers
v00000000014fcba0_0 .net/s "SA", 31 0, L_00000000011446c0;  1 drivers
v00000000014fc740_0 .net/s "SB", 31 0, L_00000000011442d0;  1 drivers
v00000000014ff010_0 .net "Z", 0 0, L_0000000001562120;  alias, 1 drivers
L_0000000001509c40 .functor BUFT 1, C4<01>, C4<0>, C4<0>, C4<0>;
v00000000014fe6b0_0 .net/2s *"_s10", 1 0, L_0000000001509c40;  1 drivers
L_0000000001509c88 .functor BUFT 1, C4<00>, C4<0>, C4<0>, C4<0>;
v00000000014fe1b0_0 .net/2s *"_s12", 1 0, L_0000000001509c88;  1 drivers
v00000000014ff510_0 .net *"_s14", 1 0, L_0000000001563340;  1 drivers
L_0000000001509bf8 .functor BUFT 1, C4<00000000000000000000000000000000>, C4<0>, C4<0>, C4<0>;
v00000000014ff5b0_0 .net/2u *"_s6", 31 0, L_0000000001509bf8;  1 drivers
v00000000014fec50_0 .net *"_s8", 0 0, L_0000000001508410;  1 drivers
v00000000014ff8d0_0 .var "result", 32 0;
E_0000000001154a00/0 .event edge, v00000000014fc560_0, v0000000001151810_0, v00000000014fd280_0, v00000000014fcba0_0;
E_0000000001154a00/1 .event edge, v00000000014fc740_0;
E_0000000001154a00 .event/or E_0000000001154a00/0, E_0000000001154a00/1;
L_0000000001508370 .part v00000000014ff8d0_0, 0, 32;
L_0000000001508410 .cmp/eq 32, L_0000000001508370, L_0000000001509bf8;
L_0000000001563340 .functor MUXZ 2, L_0000000001509c88, L_0000000001509c40, L_0000000001508410, C4<>;
L_0000000001562120 .part L_0000000001563340, 0, 1;
L_00000000015626c0 .part v00000000014ff8d0_0, 32, 1;
S_00000000011032d0 .scope module, "alucu" "ALUCU" 2 107, 9 1 0, S_00000000010e6290;
 .timescale 0 0;
    .port_info 0 /INPUT 6 "funct";
    .port_info 1 /INPUT 2 "ALUOp";
    .port_info 2 /OUTPUT 3 "ALUCtrl";
v00000000014feb10_0 .var "ALUCtrl", 2 0;
v00000000014ff650_0 .net "ALUOp", 1 0, v00000000014fef70_0;  alias, 1 drivers
v00000000014ffdd0_0 .net "funct", 5 0, L_0000000001508190;  1 drivers
E_0000000001154000 .event edge, v00000000014ff650_0, v00000000014ffdd0_0;
S_0000000001103460 .scope module, "andgate" "AndGate" 2 117, 10 1 0, S_00000000010e6290;
 .timescale 0 0;
    .port_info 0 /OUTPUT 1 "R";
    .port_info 1 /INPUT 1 "A";
    .port_info 2 /INPUT 1 "B";
L_0000000001144490 .functor AND 1, L_0000000001562120, v00000000014ff0b0_0, C4<1>, C4<1>;
v00000000014ff970_0 .net "A", 0 0, L_0000000001562120;  alias, 1 drivers
v00000000014fecf0_0 .net "B", 0 0, v00000000014ff0b0_0;  alias, 1 drivers
v00000000014ff6f0_0 .net "R", 0 0, L_0000000001144490;  alias, 1 drivers
S_0000000001102a00 .scope module, "cu" "CU" 2 62, 11 1 0, S_00000000010e6290;
 .timescale 0 0;
    .port_info 0 /INPUT 6 "Op";
    .port_info 1 /INPUT 4 "S";
    .port_info 2 /OUTPUT 1 "PCWr";
    .port_info 3 /OUTPUT 1 "PCWrCond";
    .port_info 4 /OUTPUT 1 "IorD";
    .port_info 5 /OUTPUT 1 "MemRd";
    .port_info 6 /OUTPUT 1 "MemWr";
    .port_info 7 /OUTPUT 1 "IRWr";
    .port_info 8 /OUTPUT 1 "MemtoReg";
    .port_info 9 /OUTPUT 2 "PCSrc";
    .port_info 10 /OUTPUT 2 "ALUOp";
    .port_info 11 /OUTPUT 2 "ALUSrcB";
    .port_info 12 /OUTPUT 1 "ALUSrcA";
    .port_info 13 /NODIR 0 "";
    .port_info 14 /OUTPUT 1 "RegWr";
    .port_info 15 /OUTPUT 1 "RegDst";
    .port_info 16 /OUTPUT 4 "NS";
v00000000014fef70_0 .var "ALUOp", 1 0;
v00000000014ff330_0 .var "ALUSrcA", 0 0;
v00000000014ffa10_0 .var "ALUSrcB", 1 0;
v00000000014fe250_0 .var "IRWr", 0 0;
v00000000014fe430_0 .var "IorD", 0 0;
v00000000014ff790_0 .var "MemRd", 0 0;
v00000000014ffab0_0 .var "MemWr", 0 0;
v00000000014ff150_0 .var "MemtoReg", 0 0;
v00000000014fe930_0 .var "NS", 3 0;
v00000000014ffb50_0 .net "Op", 5 0, L_0000000001508870;  alias, 1 drivers
v00000000014fe9d0_0 .var "PCSrc", 1 0;
v00000000014fe2f0_0 .var "PCWr", 0 0;
v00000000014ff0b0_0 .var "PCWrCond", 0 0;
v00000000014fe110_0 .var "RegDst", 0 0;
v00000000014ff830_0 .var "RegWr", 0 0;
o00000000011685f8 .functor BUFZ 1, C4<z>; HiZ drive
v00000000014fe4d0_0 .net "Rst", 0 0, o00000000011685f8;  0 drivers
v00000000014ffd30_0 .net "S", 3 0, v00000000015027b0_0;  alias, 1 drivers
E_0000000001154500 .event edge, v00000000014ffd30_0, v00000000014ffb50_0;
S_0000000001102b90 .scope module, "ir" "IR" 2 87, 12 1 0, S_00000000010e6290;
 .timescale 0 0;
    .port_info 0 /INPUT 1 "CLK";
    .port_info 1 /INPUT 32 "D";
    .port_info 2 /INPUT 1 "IRWr";
    .port_info 3 /OUTPUT 32 "Inst";
v00000000014feed0_0 .net "CLK", 0 0, o0000000001166fd8;  alias, 0 drivers
v00000000014fe890_0 .net "D", 31 0, L_0000000001508910;  alias, 1 drivers
v00000000014fed90_0 .net "IRWr", 0 0, v00000000014fe250_0;  alias, 1 drivers
v00000000014fe7f0_0 .var "Inst", 31 0;
S_0000000001500b70 .scope module, "mdr" "MDR" 2 85, 13 1 0, S_00000000010e6290;
 .timescale 0 0;
    .port_info 0 /INPUT 32 "D";
    .port_info 1 /INPUT 1 "CLK";
    .port_info 2 /OUTPUT 32 "Q";
v00000000014ffbf0_0 .net "CLK", 0 0, o0000000001166fd8;  alias, 0 drivers
v00000000014fea70_0 .net "D", 31 0, L_0000000001508910;  alias, 1 drivers
v00000000014fe390_0 .var "Q", 31 0;
S_0000000001500850 .scope module, "orgate" "OrGate" 2 119, 14 1 0, S_00000000010e6290;
 .timescale 0 0;
    .port_info 0 /INPUT 1 "A";
    .port_info 1 /INPUT 1 "B";
    .port_info 2 /OUTPUT 1 "R";
L_0000000001144570 .functor OR 1, L_0000000001144490, v00000000014fe2f0_0, C4<0>, C4<0>;
v00000000014ff1f0_0 .net "A", 0 0, L_0000000001144490;  alias, 1 drivers
v00000000014ffc90_0 .net "B", 0 0, v00000000014fe2f0_0;  alias, 1 drivers
v00000000014ff290_0 .net "R", 0 0, L_0000000001144570;  alias, 1 drivers
S_00000000015009e0 .scope module, "pc" "PC" 2 79, 15 1 0, S_00000000010e6290;
 .timescale 0 0;
    .port_info 0 /INPUT 1 "CLK";
    .port_info 1 /INPUT 1 "Rst";
    .port_info 2 /INPUT 1 "PCW";
    .port_info 3 /INPUT 32 "D";
    .port_info 4 /OUTPUT 32 "Q";
P_0000000001153d00 .param/l "WIDTH" 0 15 1, +C4<00000000000000000000000000100000>;
v00000000014fe570_0 .net "CLK", 0 0, o0000000001166fd8;  alias, 0 drivers
v00000000014ffe70_0 .net "D", 31 0, v00000000014fd000_0;  alias, 1 drivers
v00000000014ff3d0_0 .net "PCW", 0 0, L_0000000001144570;  alias, 1 drivers
v00000000014fe750_0 .var "Q", 31 0;
v00000000014fee30_0 .net "Rst", 0 0, o0000000001168bc8;  alias, 0 drivers
E_0000000001154940 .event posedge, v00000000014fee30_0, v0000000001151310_0;
S_0000000001500d00 .scope module, "ram" "RAM" 2 83, 16 1 0, S_00000000010e6290;
 .timescale 0 0;
    .port_info 0 /INPUT 32 "Addr";
    .port_info 1 /OUTPUT 32 "R_data";
    .port_info 2 /INPUT 1 "R";
    .port_info 3 /INPUT 1 "W";
    .port_info 4 /INPUT 32 "W_data";
P_00000000010e59a0 .param/l "AddrWidth" 0 16 5, +C4<00000000000000000000000000100000>;
P_00000000010e59d8 .param/l "DataDepth" 0 16 6, +C4<00000000000000000000000100000000>;
P_00000000010e5a10 .param/l "DataWidth" 0 16 4, +C4<00000000000000000000000000100000>;
v00000000014fff10_0 .net "Addr", 31 0, L_0000000001508550;  alias, 1 drivers
o0000000001168ce8 .functor BUFZ 1, C4<z>; HiZ drive
v00000000014fe610_0 .net "CLK", 0 0, o0000000001168ce8;  0 drivers
v00000000014fe070_0 .net "R", 0 0, v00000000014ff790_0;  alias, 1 drivers
v00000000014ff470_0 .net "R_data", 31 0, L_0000000001508910;  alias, 1 drivers
v00000000014febb0_0 .net "W", 0 0, v00000000014ffab0_0;  alias, 1 drivers
v0000000001501c70_0 .net "W_data", 31 0, o0000000001168d18;  alias, 0 drivers
L_0000000001509928 .functor BUFT 1, C4<000000000000000000000000zzzzzzzz>, C4<0>, C4<0>, C4<0>;
v0000000001501a90_0 .net *"_s0", 31 0, L_0000000001509928;  1 drivers
v0000000001502e90_0 .var "data_out", 31 0;
v0000000001501090_0 .var/i "i", 31 0;
v0000000001501db0 .array "mem", 255 0, 31 0;
v0000000001501db0_0 .array/port v0000000001501db0, 0;
v0000000001501db0_1 .array/port v0000000001501db0, 1;
v0000000001501db0_2 .array/port v0000000001501db0, 2;
E_0000000001154580/0 .event edge, v00000000014fc880_0, v0000000001501db0_0, v0000000001501db0_1, v0000000001501db0_2;
v0000000001501db0_3 .array/port v0000000001501db0, 3;
v0000000001501db0_4 .array/port v0000000001501db0, 4;
v0000000001501db0_5 .array/port v0000000001501db0, 5;
v0000000001501db0_6 .array/port v0000000001501db0, 6;
E_0000000001154580/1 .event edge, v0000000001501db0_3, v0000000001501db0_4, v0000000001501db0_5, v0000000001501db0_6;
v0000000001501db0_7 .array/port v0000000001501db0, 7;
v0000000001501db0_8 .array/port v0000000001501db0, 8;
v0000000001501db0_9 .array/port v0000000001501db0, 9;
v0000000001501db0_10 .array/port v0000000001501db0, 10;
E_0000000001154580/2 .event edge, v0000000001501db0_7, v0000000001501db0_8, v0000000001501db0_9, v0000000001501db0_10;
v0000000001501db0_11 .array/port v0000000001501db0, 11;
v0000000001501db0_12 .array/port v0000000001501db0, 12;
v0000000001501db0_13 .array/port v0000000001501db0, 13;
v0000000001501db0_14 .array/port v0000000001501db0, 14;
E_0000000001154580/3 .event edge, v0000000001501db0_11, v0000000001501db0_12, v0000000001501db0_13, v0000000001501db0_14;
v0000000001501db0_15 .array/port v0000000001501db0, 15;
v0000000001501db0_16 .array/port v0000000001501db0, 16;
v0000000001501db0_17 .array/port v0000000001501db0, 17;
v0000000001501db0_18 .array/port v0000000001501db0, 18;
E_0000000001154580/4 .event edge, v0000000001501db0_15, v0000000001501db0_16, v0000000001501db0_17, v0000000001501db0_18;
v0000000001501db0_19 .array/port v0000000001501db0, 19;
v0000000001501db0_20 .array/port v0000000001501db0, 20;
v0000000001501db0_21 .array/port v0000000001501db0, 21;
v0000000001501db0_22 .array/port v0000000001501db0, 22;
E_0000000001154580/5 .event edge, v0000000001501db0_19, v0000000001501db0_20, v0000000001501db0_21, v0000000001501db0_22;
v0000000001501db0_23 .array/port v0000000001501db0, 23;
v0000000001501db0_24 .array/port v0000000001501db0, 24;
v0000000001501db0_25 .array/port v0000000001501db0, 25;
v0000000001501db0_26 .array/port v0000000001501db0, 26;
E_0000000001154580/6 .event edge, v0000000001501db0_23, v0000000001501db0_24, v0000000001501db0_25, v0000000001501db0_26;
v0000000001501db0_27 .array/port v0000000001501db0, 27;
v0000000001501db0_28 .array/port v0000000001501db0, 28;
v0000000001501db0_29 .array/port v0000000001501db0, 29;
v0000000001501db0_30 .array/port v0000000001501db0, 30;
E_0000000001154580/7 .event edge, v0000000001501db0_27, v0000000001501db0_28, v0000000001501db0_29, v0000000001501db0_30;
v0000000001501db0_31 .array/port v0000000001501db0, 31;
v0000000001501db0_32 .array/port v0000000001501db0, 32;
v0000000001501db0_33 .array/port v0000000001501db0, 33;
v0000000001501db0_34 .array/port v0000000001501db0, 34;
E_0000000001154580/8 .event edge, v0000000001501db0_31, v0000000001501db0_32, v0000000001501db0_33, v0000000001501db0_34;
v0000000001501db0_35 .array/port v0000000001501db0, 35;
v0000000001501db0_36 .array/port v0000000001501db0, 36;
v0000000001501db0_37 .array/port v0000000001501db0, 37;
v0000000001501db0_38 .array/port v0000000001501db0, 38;
E_0000000001154580/9 .event edge, v0000000001501db0_35, v0000000001501db0_36, v0000000001501db0_37, v0000000001501db0_38;
v0000000001501db0_39 .array/port v0000000001501db0, 39;
v0000000001501db0_40 .array/port v0000000001501db0, 40;
v0000000001501db0_41 .array/port v0000000001501db0, 41;
v0000000001501db0_42 .array/port v0000000001501db0, 42;
E_0000000001154580/10 .event edge, v0000000001501db0_39, v0000000001501db0_40, v0000000001501db0_41, v0000000001501db0_42;
v0000000001501db0_43 .array/port v0000000001501db0, 43;
v0000000001501db0_44 .array/port v0000000001501db0, 44;
v0000000001501db0_45 .array/port v0000000001501db0, 45;
v0000000001501db0_46 .array/port v0000000001501db0, 46;
E_0000000001154580/11 .event edge, v0000000001501db0_43, v0000000001501db0_44, v0000000001501db0_45, v0000000001501db0_46;
v0000000001501db0_47 .array/port v0000000001501db0, 47;
v0000000001501db0_48 .array/port v0000000001501db0, 48;
v0000000001501db0_49 .array/port v0000000001501db0, 49;
v0000000001501db0_50 .array/port v0000000001501db0, 50;
E_0000000001154580/12 .event edge, v0000000001501db0_47, v0000000001501db0_48, v0000000001501db0_49, v0000000001501db0_50;
v0000000001501db0_51 .array/port v0000000001501db0, 51;
v0000000001501db0_52 .array/port v0000000001501db0, 52;
v0000000001501db0_53 .array/port v0000000001501db0, 53;
v0000000001501db0_54 .array/port v0000000001501db0, 54;
E_0000000001154580/13 .event edge, v0000000001501db0_51, v0000000001501db0_52, v0000000001501db0_53, v0000000001501db0_54;
v0000000001501db0_55 .array/port v0000000001501db0, 55;
v0000000001501db0_56 .array/port v0000000001501db0, 56;
v0000000001501db0_57 .array/port v0000000001501db0, 57;
v0000000001501db0_58 .array/port v0000000001501db0, 58;
E_0000000001154580/14 .event edge, v0000000001501db0_55, v0000000001501db0_56, v0000000001501db0_57, v0000000001501db0_58;
v0000000001501db0_59 .array/port v0000000001501db0, 59;
v0000000001501db0_60 .array/port v0000000001501db0, 60;
v0000000001501db0_61 .array/port v0000000001501db0, 61;
v0000000001501db0_62 .array/port v0000000001501db0, 62;
E_0000000001154580/15 .event edge, v0000000001501db0_59, v0000000001501db0_60, v0000000001501db0_61, v0000000001501db0_62;
v0000000001501db0_63 .array/port v0000000001501db0, 63;
v0000000001501db0_64 .array/port v0000000001501db0, 64;
v0000000001501db0_65 .array/port v0000000001501db0, 65;
v0000000001501db0_66 .array/port v0000000001501db0, 66;
E_0000000001154580/16 .event edge, v0000000001501db0_63, v0000000001501db0_64, v0000000001501db0_65, v0000000001501db0_66;
v0000000001501db0_67 .array/port v0000000001501db0, 67;
v0000000001501db0_68 .array/port v0000000001501db0, 68;
v0000000001501db0_69 .array/port v0000000001501db0, 69;
v0000000001501db0_70 .array/port v0000000001501db0, 70;
E_0000000001154580/17 .event edge, v0000000001501db0_67, v0000000001501db0_68, v0000000001501db0_69, v0000000001501db0_70;
v0000000001501db0_71 .array/port v0000000001501db0, 71;
v0000000001501db0_72 .array/port v0000000001501db0, 72;
v0000000001501db0_73 .array/port v0000000001501db0, 73;
v0000000001501db0_74 .array/port v0000000001501db0, 74;
E_0000000001154580/18 .event edge, v0000000001501db0_71, v0000000001501db0_72, v0000000001501db0_73, v0000000001501db0_74;
v0000000001501db0_75 .array/port v0000000001501db0, 75;
v0000000001501db0_76 .array/port v0000000001501db0, 76;
v0000000001501db0_77 .array/port v0000000001501db0, 77;
v0000000001501db0_78 .array/port v0000000001501db0, 78;
E_0000000001154580/19 .event edge, v0000000001501db0_75, v0000000001501db0_76, v0000000001501db0_77, v0000000001501db0_78;
v0000000001501db0_79 .array/port v0000000001501db0, 79;
v0000000001501db0_80 .array/port v0000000001501db0, 80;
v0000000001501db0_81 .array/port v0000000001501db0, 81;
v0000000001501db0_82 .array/port v0000000001501db0, 82;
E_0000000001154580/20 .event edge, v0000000001501db0_79, v0000000001501db0_80, v0000000001501db0_81, v0000000001501db0_82;
v0000000001501db0_83 .array/port v0000000001501db0, 83;
v0000000001501db0_84 .array/port v0000000001501db0, 84;
v0000000001501db0_85 .array/port v0000000001501db0, 85;
v0000000001501db0_86 .array/port v0000000001501db0, 86;
E_0000000001154580/21 .event edge, v0000000001501db0_83, v0000000001501db0_84, v0000000001501db0_85, v0000000001501db0_86;
v0000000001501db0_87 .array/port v0000000001501db0, 87;
v0000000001501db0_88 .array/port v0000000001501db0, 88;
v0000000001501db0_89 .array/port v0000000001501db0, 89;
v0000000001501db0_90 .array/port v0000000001501db0, 90;
E_0000000001154580/22 .event edge, v0000000001501db0_87, v0000000001501db0_88, v0000000001501db0_89, v0000000001501db0_90;
v0000000001501db0_91 .array/port v0000000001501db0, 91;
v0000000001501db0_92 .array/port v0000000001501db0, 92;
v0000000001501db0_93 .array/port v0000000001501db0, 93;
v0000000001501db0_94 .array/port v0000000001501db0, 94;
E_0000000001154580/23 .event edge, v0000000001501db0_91, v0000000001501db0_92, v0000000001501db0_93, v0000000001501db0_94;
v0000000001501db0_95 .array/port v0000000001501db0, 95;
v0000000001501db0_96 .array/port v0000000001501db0, 96;
v0000000001501db0_97 .array/port v0000000001501db0, 97;
v0000000001501db0_98 .array/port v0000000001501db0, 98;
E_0000000001154580/24 .event edge, v0000000001501db0_95, v0000000001501db0_96, v0000000001501db0_97, v0000000001501db0_98;
v0000000001501db0_99 .array/port v0000000001501db0, 99;
v0000000001501db0_100 .array/port v0000000001501db0, 100;
v0000000001501db0_101 .array/port v0000000001501db0, 101;
v0000000001501db0_102 .array/port v0000000001501db0, 102;
E_0000000001154580/25 .event edge, v0000000001501db0_99, v0000000001501db0_100, v0000000001501db0_101, v0000000001501db0_102;
v0000000001501db0_103 .array/port v0000000001501db0, 103;
v0000000001501db0_104 .array/port v0000000001501db0, 104;
v0000000001501db0_105 .array/port v0000000001501db0, 105;
v0000000001501db0_106 .array/port v0000000001501db0, 106;
E_0000000001154580/26 .event edge, v0000000001501db0_103, v0000000001501db0_104, v0000000001501db0_105, v0000000001501db0_106;
v0000000001501db0_107 .array/port v0000000001501db0, 107;
v0000000001501db0_108 .array/port v0000000001501db0, 108;
v0000000001501db0_109 .array/port v0000000001501db0, 109;
v0000000001501db0_110 .array/port v0000000001501db0, 110;
E_0000000001154580/27 .event edge, v0000000001501db0_107, v0000000001501db0_108, v0000000001501db0_109, v0000000001501db0_110;
v0000000001501db0_111 .array/port v0000000001501db0, 111;
v0000000001501db0_112 .array/port v0000000001501db0, 112;
v0000000001501db0_113 .array/port v0000000001501db0, 113;
v0000000001501db0_114 .array/port v0000000001501db0, 114;
E_0000000001154580/28 .event edge, v0000000001501db0_111, v0000000001501db0_112, v0000000001501db0_113, v0000000001501db0_114;
v0000000001501db0_115 .array/port v0000000001501db0, 115;
v0000000001501db0_116 .array/port v0000000001501db0, 116;
v0000000001501db0_117 .array/port v0000000001501db0, 117;
v0000000001501db0_118 .array/port v0000000001501db0, 118;
E_0000000001154580/29 .event edge, v0000000001501db0_115, v0000000001501db0_116, v0000000001501db0_117, v0000000001501db0_118;
v0000000001501db0_119 .array/port v0000000001501db0, 119;
v0000000001501db0_120 .array/port v0000000001501db0, 120;
v0000000001501db0_121 .array/port v0000000001501db0, 121;
v0000000001501db0_122 .array/port v0000000001501db0, 122;
E_0000000001154580/30 .event edge, v0000000001501db0_119, v0000000001501db0_120, v0000000001501db0_121, v0000000001501db0_122;
v0000000001501db0_123 .array/port v0000000001501db0, 123;
v0000000001501db0_124 .array/port v0000000001501db0, 124;
v0000000001501db0_125 .array/port v0000000001501db0, 125;
v0000000001501db0_126 .array/port v0000000001501db0, 126;
E_0000000001154580/31 .event edge, v0000000001501db0_123, v0000000001501db0_124, v0000000001501db0_125, v0000000001501db0_126;
v0000000001501db0_127 .array/port v0000000001501db0, 127;
v0000000001501db0_128 .array/port v0000000001501db0, 128;
v0000000001501db0_129 .array/port v0000000001501db0, 129;
v0000000001501db0_130 .array/port v0000000001501db0, 130;
E_0000000001154580/32 .event edge, v0000000001501db0_127, v0000000001501db0_128, v0000000001501db0_129, v0000000001501db0_130;
v0000000001501db0_131 .array/port v0000000001501db0, 131;
v0000000001501db0_132 .array/port v0000000001501db0, 132;
v0000000001501db0_133 .array/port v0000000001501db0, 133;
v0000000001501db0_134 .array/port v0000000001501db0, 134;
E_0000000001154580/33 .event edge, v0000000001501db0_131, v0000000001501db0_132, v0000000001501db0_133, v0000000001501db0_134;
v0000000001501db0_135 .array/port v0000000001501db0, 135;
v0000000001501db0_136 .array/port v0000000001501db0, 136;
v0000000001501db0_137 .array/port v0000000001501db0, 137;
v0000000001501db0_138 .array/port v0000000001501db0, 138;
E_0000000001154580/34 .event edge, v0000000001501db0_135, v0000000001501db0_136, v0000000001501db0_137, v0000000001501db0_138;
v0000000001501db0_139 .array/port v0000000001501db0, 139;
v0000000001501db0_140 .array/port v0000000001501db0, 140;
v0000000001501db0_141 .array/port v0000000001501db0, 141;
v0000000001501db0_142 .array/port v0000000001501db0, 142;
E_0000000001154580/35 .event edge, v0000000001501db0_139, v0000000001501db0_140, v0000000001501db0_141, v0000000001501db0_142;
v0000000001501db0_143 .array/port v0000000001501db0, 143;
v0000000001501db0_144 .array/port v0000000001501db0, 144;
v0000000001501db0_145 .array/port v0000000001501db0, 145;
v0000000001501db0_146 .array/port v0000000001501db0, 146;
E_0000000001154580/36 .event edge, v0000000001501db0_143, v0000000001501db0_144, v0000000001501db0_145, v0000000001501db0_146;
v0000000001501db0_147 .array/port v0000000001501db0, 147;
v0000000001501db0_148 .array/port v0000000001501db0, 148;
v0000000001501db0_149 .array/port v0000000001501db0, 149;
v0000000001501db0_150 .array/port v0000000001501db0, 150;
E_0000000001154580/37 .event edge, v0000000001501db0_147, v0000000001501db0_148, v0000000001501db0_149, v0000000001501db0_150;
v0000000001501db0_151 .array/port v0000000001501db0, 151;
v0000000001501db0_152 .array/port v0000000001501db0, 152;
v0000000001501db0_153 .array/port v0000000001501db0, 153;
v0000000001501db0_154 .array/port v0000000001501db0, 154;
E_0000000001154580/38 .event edge, v0000000001501db0_151, v0000000001501db0_152, v0000000001501db0_153, v0000000001501db0_154;
v0000000001501db0_155 .array/port v0000000001501db0, 155;
v0000000001501db0_156 .array/port v0000000001501db0, 156;
v0000000001501db0_157 .array/port v0000000001501db0, 157;
v0000000001501db0_158 .array/port v0000000001501db0, 158;
E_0000000001154580/39 .event edge, v0000000001501db0_155, v0000000001501db0_156, v0000000001501db0_157, v0000000001501db0_158;
v0000000001501db0_159 .array/port v0000000001501db0, 159;
v0000000001501db0_160 .array/port v0000000001501db0, 160;
v0000000001501db0_161 .array/port v0000000001501db0, 161;
v0000000001501db0_162 .array/port v0000000001501db0, 162;
E_0000000001154580/40 .event edge, v0000000001501db0_159, v0000000001501db0_160, v0000000001501db0_161, v0000000001501db0_162;
v0000000001501db0_163 .array/port v0000000001501db0, 163;
v0000000001501db0_164 .array/port v0000000001501db0, 164;
v0000000001501db0_165 .array/port v0000000001501db0, 165;
v0000000001501db0_166 .array/port v0000000001501db0, 166;
E_0000000001154580/41 .event edge, v0000000001501db0_163, v0000000001501db0_164, v0000000001501db0_165, v0000000001501db0_166;
v0000000001501db0_167 .array/port v0000000001501db0, 167;
v0000000001501db0_168 .array/port v0000000001501db0, 168;
v0000000001501db0_169 .array/port v0000000001501db0, 169;
v0000000001501db0_170 .array/port v0000000001501db0, 170;
E_0000000001154580/42 .event edge, v0000000001501db0_167, v0000000001501db0_168, v0000000001501db0_169, v0000000001501db0_170;
v0000000001501db0_171 .array/port v0000000001501db0, 171;
v0000000001501db0_172 .array/port v0000000001501db0, 172;
v0000000001501db0_173 .array/port v0000000001501db0, 173;
v0000000001501db0_174 .array/port v0000000001501db0, 174;
E_0000000001154580/43 .event edge, v0000000001501db0_171, v0000000001501db0_172, v0000000001501db0_173, v0000000001501db0_174;
v0000000001501db0_175 .array/port v0000000001501db0, 175;
v0000000001501db0_176 .array/port v0000000001501db0, 176;
v0000000001501db0_177 .array/port v0000000001501db0, 177;
v0000000001501db0_178 .array/port v0000000001501db0, 178;
E_0000000001154580/44 .event edge, v0000000001501db0_175, v0000000001501db0_176, v0000000001501db0_177, v0000000001501db0_178;
v0000000001501db0_179 .array/port v0000000001501db0, 179;
v0000000001501db0_180 .array/port v0000000001501db0, 180;
v0000000001501db0_181 .array/port v0000000001501db0, 181;
v0000000001501db0_182 .array/port v0000000001501db0, 182;
E_0000000001154580/45 .event edge, v0000000001501db0_179, v0000000001501db0_180, v0000000001501db0_181, v0000000001501db0_182;
v0000000001501db0_183 .array/port v0000000001501db0, 183;
v0000000001501db0_184 .array/port v0000000001501db0, 184;
v0000000001501db0_185 .array/port v0000000001501db0, 185;
v0000000001501db0_186 .array/port v0000000001501db0, 186;
E_0000000001154580/46 .event edge, v0000000001501db0_183, v0000000001501db0_184, v0000000001501db0_185, v0000000001501db0_186;
v0000000001501db0_187 .array/port v0000000001501db0, 187;
v0000000001501db0_188 .array/port v0000000001501db0, 188;
v0000000001501db0_189 .array/port v0000000001501db0, 189;
v0000000001501db0_190 .array/port v0000000001501db0, 190;
E_0000000001154580/47 .event edge, v0000000001501db0_187, v0000000001501db0_188, v0000000001501db0_189, v0000000001501db0_190;
v0000000001501db0_191 .array/port v0000000001501db0, 191;
v0000000001501db0_192 .array/port v0000000001501db0, 192;
v0000000001501db0_193 .array/port v0000000001501db0, 193;
v0000000001501db0_194 .array/port v0000000001501db0, 194;
E_0000000001154580/48 .event edge, v0000000001501db0_191, v0000000001501db0_192, v0000000001501db0_193, v0000000001501db0_194;
v0000000001501db0_195 .array/port v0000000001501db0, 195;
v0000000001501db0_196 .array/port v0000000001501db0, 196;
v0000000001501db0_197 .array/port v0000000001501db0, 197;
v0000000001501db0_198 .array/port v0000000001501db0, 198;
E_0000000001154580/49 .event edge, v0000000001501db0_195, v0000000001501db0_196, v0000000001501db0_197, v0000000001501db0_198;
v0000000001501db0_199 .array/port v0000000001501db0, 199;
v0000000001501db0_200 .array/port v0000000001501db0, 200;
v0000000001501db0_201 .array/port v0000000001501db0, 201;
v0000000001501db0_202 .array/port v0000000001501db0, 202;
E_0000000001154580/50 .event edge, v0000000001501db0_199, v0000000001501db0_200, v0000000001501db0_201, v0000000001501db0_202;
v0000000001501db0_203 .array/port v0000000001501db0, 203;
v0000000001501db0_204 .array/port v0000000001501db0, 204;
v0000000001501db0_205 .array/port v0000000001501db0, 205;
v0000000001501db0_206 .array/port v0000000001501db0, 206;
E_0000000001154580/51 .event edge, v0000000001501db0_203, v0000000001501db0_204, v0000000001501db0_205, v0000000001501db0_206;
v0000000001501db0_207 .array/port v0000000001501db0, 207;
v0000000001501db0_208 .array/port v0000000001501db0, 208;
v0000000001501db0_209 .array/port v0000000001501db0, 209;
v0000000001501db0_210 .array/port v0000000001501db0, 210;
E_0000000001154580/52 .event edge, v0000000001501db0_207, v0000000001501db0_208, v0000000001501db0_209, v0000000001501db0_210;
v0000000001501db0_211 .array/port v0000000001501db0, 211;
v0000000001501db0_212 .array/port v0000000001501db0, 212;
v0000000001501db0_213 .array/port v0000000001501db0, 213;
v0000000001501db0_214 .array/port v0000000001501db0, 214;
E_0000000001154580/53 .event edge, v0000000001501db0_211, v0000000001501db0_212, v0000000001501db0_213, v0000000001501db0_214;
v0000000001501db0_215 .array/port v0000000001501db0, 215;
v0000000001501db0_216 .array/port v0000000001501db0, 216;
v0000000001501db0_217 .array/port v0000000001501db0, 217;
v0000000001501db0_218 .array/port v0000000001501db0, 218;
E_0000000001154580/54 .event edge, v0000000001501db0_215, v0000000001501db0_216, v0000000001501db0_217, v0000000001501db0_218;
v0000000001501db0_219 .array/port v0000000001501db0, 219;
v0000000001501db0_220 .array/port v0000000001501db0, 220;
v0000000001501db0_221 .array/port v0000000001501db0, 221;
v0000000001501db0_222 .array/port v0000000001501db0, 222;
E_0000000001154580/55 .event edge, v0000000001501db0_219, v0000000001501db0_220, v0000000001501db0_221, v0000000001501db0_222;
v0000000001501db0_223 .array/port v0000000001501db0, 223;
v0000000001501db0_224 .array/port v0000000001501db0, 224;
v0000000001501db0_225 .array/port v0000000001501db0, 225;
v0000000001501db0_226 .array/port v0000000001501db0, 226;
E_0000000001154580/56 .event edge, v0000000001501db0_223, v0000000001501db0_224, v0000000001501db0_225, v0000000001501db0_226;
v0000000001501db0_227 .array/port v0000000001501db0, 227;
v0000000001501db0_228 .array/port v0000000001501db0, 228;
v0000000001501db0_229 .array/port v0000000001501db0, 229;
v0000000001501db0_230 .array/port v0000000001501db0, 230;
E_0000000001154580/57 .event edge, v0000000001501db0_227, v0000000001501db0_228, v0000000001501db0_229, v0000000001501db0_230;
v0000000001501db0_231 .array/port v0000000001501db0, 231;
v0000000001501db0_232 .array/port v0000000001501db0, 232;
v0000000001501db0_233 .array/port v0000000001501db0, 233;
v0000000001501db0_234 .array/port v0000000001501db0, 234;
E_0000000001154580/58 .event edge, v0000000001501db0_231, v0000000001501db0_232, v0000000001501db0_233, v0000000001501db0_234;
v0000000001501db0_235 .array/port v0000000001501db0, 235;
v0000000001501db0_236 .array/port v0000000001501db0, 236;
v0000000001501db0_237 .array/port v0000000001501db0, 237;
v0000000001501db0_238 .array/port v0000000001501db0, 238;
E_0000000001154580/59 .event edge, v0000000001501db0_235, v0000000001501db0_236, v0000000001501db0_237, v0000000001501db0_238;
v0000000001501db0_239 .array/port v0000000001501db0, 239;
v0000000001501db0_240 .array/port v0000000001501db0, 240;
v0000000001501db0_241 .array/port v0000000001501db0, 241;
v0000000001501db0_242 .array/port v0000000001501db0, 242;
E_0000000001154580/60 .event edge, v0000000001501db0_239, v0000000001501db0_240, v0000000001501db0_241, v0000000001501db0_242;
v0000000001501db0_243 .array/port v0000000001501db0, 243;
v0000000001501db0_244 .array/port v0000000001501db0, 244;
v0000000001501db0_245 .array/port v0000000001501db0, 245;
v0000000001501db0_246 .array/port v0000000001501db0, 246;
E_0000000001154580/61 .event edge, v0000000001501db0_243, v0000000001501db0_244, v0000000001501db0_245, v0000000001501db0_246;
v0000000001501db0_247 .array/port v0000000001501db0, 247;
v0000000001501db0_248 .array/port v0000000001501db0, 248;
v0000000001501db0_249 .array/port v0000000001501db0, 249;
v0000000001501db0_250 .array/port v0000000001501db0, 250;
E_0000000001154580/62 .event edge, v0000000001501db0_247, v0000000001501db0_248, v0000000001501db0_249, v0000000001501db0_250;
v0000000001501db0_251 .array/port v0000000001501db0, 251;
v0000000001501db0_252 .array/port v0000000001501db0, 252;
v0000000001501db0_253 .array/port v0000000001501db0, 253;
v0000000001501db0_254 .array/port v0000000001501db0, 254;
E_0000000001154580/63 .event edge, v0000000001501db0_251, v0000000001501db0_252, v0000000001501db0_253, v0000000001501db0_254;
v0000000001501db0_255 .array/port v0000000001501db0, 255;
E_0000000001154580/64 .event edge, v0000000001501db0_255;
E_0000000001154580 .event/or E_0000000001154580/0, E_0000000001154580/1, E_0000000001154580/2, E_0000000001154580/3, E_0000000001154580/4, E_0000000001154580/5, E_0000000001154580/6, E_0000000001154580/7, E_0000000001154580/8, E_0000000001154580/9, E_0000000001154580/10, E_0000000001154580/11, E_0000000001154580/12, E_0000000001154580/13, E_0000000001154580/14, E_0000000001154580/15, E_0000000001154580/16, E_0000000001154580/17, E_0000000001154580/18, E_0000000001154580/19, E_0000000001154580/20, E_0000000001154580/21, E_0000000001154580/22, E_0000000001154580/23, E_0000000001154580/24, E_0000000001154580/25, E_0000000001154580/26, E_0000000001154580/27, E_0000000001154580/28, E_0000000001154580/29, E_0000000001154580/30, E_0000000001154580/31, E_0000000001154580/32, E_0000000001154580/33, E_0000000001154580/34, E_0000000001154580/35, E_0000000001154580/36, E_0000000001154580/37, E_0000000001154580/38, E_0000000001154580/39, E_0000000001154580/40, E_0000000001154580/41, E_0000000001154580/42, E_0000000001154580/43, E_0000000001154580/44, E_0000000001154580/45, E_0000000001154580/46, E_0000000001154580/47, E_0000000001154580/48, E_0000000001154580/49, E_0000000001154580/50, E_0000000001154580/51, E_0000000001154580/52, E_0000000001154580/53, E_0000000001154580/54, E_0000000001154580/55, E_0000000001154580/56, E_0000000001154580/57, E_0000000001154580/58, E_0000000001154580/59, E_0000000001154580/60, E_0000000001154580/61, E_0000000001154580/62, E_0000000001154580/63, E_0000000001154580/64;
E_0000000001154040 .event edge, v00000000014ffab0_0, v0000000001501c70_0, v00000000014fc880_0;
L_0000000001508910 .functor MUXZ 32, L_0000000001509928, v0000000001502e90_0, v00000000014ff790_0, C4<>;
S_0000000001500210 .scope begin, "MEM_READ" "MEM_READ" 16 28, 16 28 0, S_0000000001500d00;
 .timescale 0 0;
S_00000000015003a0 .scope begin, "MEM_WRITE" "MEM_WRITE" 16 21, 16 21 0, S_0000000001500d00;
 .timescale 0 0;
S_0000000001500e90 .scope module, "rf" "RF" 2 93, 17 1 0, S_00000000010e6290;
 .timescale 0 0;
    .port_info 0 /INPUT 1 "CLK";
    .port_info 1 /INPUT 32 "W_data";
    .port_info 2 /INPUT 5 "R_Reg1";
    .port_info 3 /INPUT 5 "R_Reg2";
    .port_info 4 /INPUT 5 "W_Reg";
    .port_info 5 /OUTPUT 32 "R_data1";
    .port_info 6 /OUTPUT 32 "R_data2";
    .port_info 7 /INPUT 1 "W";
P_000000000114a1d0 .param/l "AddrWidth" 0 17 5, +C4<00000000000000000000000000000101>;
P_000000000114a208 .param/l "DataDepth" 0 17 6, +C4<0000000000000000000000000000000100000>;
P_000000000114a240 .param/l "DataWidth" 0 17 4, +C4<00000000000000000000000000100000>;
L_00000000011443b0 .functor BUFZ 32, L_0000000001508f50, C4<00000000000000000000000000000000>, C4<00000000000000000000000000000000>, C4<00000000000000000000000000000000>;
L_0000000001144260 .functor BUFZ 32, L_00000000015082d0, C4<00000000000000000000000000000000>, C4<00000000000000000000000000000000>, C4<00000000000000000000000000000000>;
v0000000001501d10_0 .net "CLK", 0 0, o0000000001166fd8;  alias, 0 drivers
v0000000001502990_0 .net "R_Reg1", 4 0, L_0000000001509090;  1 drivers
v0000000001501ef0_0 .net "R_Reg2", 4 0, L_0000000001507c90;  1 drivers
v00000000015011d0_0 .net "R_data1", 31 0, L_00000000011443b0;  alias, 1 drivers
v0000000001501950_0 .net "R_data2", 31 0, L_0000000001144260;  alias, 1 drivers
v0000000001501630_0 .net "W", 0 0, v00000000014ff830_0;  alias, 1 drivers
v0000000001502ad0_0 .net "W_Reg", 4 0, L_0000000001509310;  alias, 1 drivers
v0000000001502f30_0 .net "W_data", 31 0, L_0000000001508d70;  alias, 1 drivers
v0000000001501e50_0 .net *"_s0", 31 0, L_0000000001508f50;  1 drivers
v00000000015016d0_0 .net *"_s10", 6 0, L_0000000001507dd0;  1 drivers
L_0000000001509ad8 .functor BUFT 1, C4<00>, C4<0>, C4<0>, C4<0>;
v0000000001501b30_0 .net *"_s13", 1 0, L_0000000001509ad8;  1 drivers
v00000000015023f0_0 .net *"_s2", 6 0, L_0000000001508a50;  1 drivers
L_0000000001509a90 .functor BUFT 1, C4<00>, C4<0>, C4<0>, C4<0>;
v0000000001501810_0 .net *"_s5", 1 0, L_0000000001509a90;  1 drivers
v0000000001501f90_0 .net *"_s8", 31 0, L_00000000015082d0;  1 drivers
v0000000001501bd0_0 .var/i "i", 31 0;
v0000000001501130 .array "rf", 0 31, 31 0;
L_0000000001508f50 .array/port v0000000001501130, L_0000000001508a50;
L_0000000001508a50 .concat [ 5 2 0 0], L_0000000001509090, L_0000000001509a90;
L_00000000015082d0 .array/port v0000000001501130, L_0000000001507dd0;
L_0000000001507dd0 .concat [ 5 2 0 0], L_0000000001507c90, L_0000000001509ad8;
S_0000000001500080 .scope begin, "MEM_WRITE" "MEM_WRITE" 17 17, 17 17 0, S_0000000001500e90;
 .timescale 0 0;
S_0000000001500530 .scope module, "shl2_26" "SHL2_26" 2 113, 18 1 0, S_00000000010e6290;
 .timescale 0 0;
    .port_info 0 /INPUT 26 "data";
    .port_info 1 /INPUT 4 "data1";
    .port_info 2 /OUTPUT 32 "odata";
v0000000001502030_0 .net "data", 25 0, L_0000000001508cd0;  alias, 1 drivers
v0000000001501770_0 .net "data1", 3 0, L_00000000015621c0;  1 drivers
v0000000001502210_0 .var "odata", 31 0;
E_0000000001154380 .event edge, v0000000001501770_0, v0000000001502030_0;
S_00000000015006c0 .scope module, "shl2_32" "SHL2_32" 2 103, 19 1 0, S_00000000010e6290;
 .timescale 0 0;
    .port_info 0 /INPUT 32 "data";
    .port_info 1 /OUTPUT 32 "odata";
v00000000015014f0_0 .net "data", 31 0, v00000000014fdf00_0;  alias, 1 drivers
v0000000001501310_0 .var "odata", 31 0;
E_0000000001154080 .event edge, v00000000014fdd20_0;
S_00000000015043a0 .scope module, "sr" "SR" 2 60, 20 1 0, S_00000000010e6290;
 .timescale 0 0;
    .port_info 0 /INPUT 1 "CLK";
    .port_info 1 /OUTPUT 4 "S";
    .port_info 2 /INPUT 4 "NS";
    .port_info 3 /INPUT 1 "Rst";
v00000000015022b0_0 .net "CLK", 0 0, o0000000001166fd8;  alias, 0 drivers
v0000000001501450_0 .net "NS", 3 0, v00000000014fe930_0;  alias, 1 drivers
v00000000015020d0_0 .net "Rst", 0 0, o0000000001168bc8;  alias, 0 drivers
v00000000015027b0_0 .var "S", 3 0;
    .scope S_00000000015043a0;
T_0 ;
    %wait E_0000000001154940;
    %load/vec4 v00000000015020d0_0;
    %flag_set/vec4 8;
    %jmp/0xz  T_0.0, 8;
    %pushi/vec4 0, 0, 4;
    %assign/vec4 v00000000015027b0_0, 0;
    %jmp T_0.1;
T_0.0 ;
    %load/vec4 v0000000001501450_0;
    %store/vec4 v00000000015027b0_0, 0, 4;
T_0.1 ;
    %jmp T_0;
    .thread T_0;
    .scope S_00000000015043a0;
T_1 ;
    %pushi/vec4 0, 0, 4;
    %store/vec4 v00000000015027b0_0, 0, 4;
    %end;
    .thread T_1;
    .scope S_0000000001102a00;
T_2 ;
    %wait E_0000000001154500;
    %load/vec4 v00000000014ffd30_0;
    %dup/vec4;
    %pushi/vec4 0, 0, 4;
    %cmp/u;
    %jmp/1 T_2.0, 6;
    %dup/vec4;
    %pushi/vec4 1, 0, 4;
    %cmp/u;
    %jmp/1 T_2.1, 6;
    %dup/vec4;
    %pushi/vec4 2, 0, 4;
    %cmp/u;
    %jmp/1 T_2.2, 6;
    %dup/vec4;
    %pushi/vec4 3, 0, 4;
    %cmp/u;
    %jmp/1 T_2.3, 6;
    %dup/vec4;
    %pushi/vec4 4, 0, 4;
    %cmp/u;
    %jmp/1 T_2.4, 6;
    %dup/vec4;
    %pushi/vec4 5, 0, 4;
    %cmp/u;
    %jmp/1 T_2.5, 6;
    %dup/vec4;
    %pushi/vec4 6, 0, 4;
    %cmp/u;
    %jmp/1 T_2.6, 6;
    %dup/vec4;
    %pushi/vec4 7, 0, 4;
    %cmp/u;
    %jmp/1 T_2.7, 6;
    %dup/vec4;
    %pushi/vec4 8, 0, 4;
    %cmp/u;
    %jmp/1 T_2.8, 6;
    %dup/vec4;
    %pushi/vec4 9, 0, 4;
    %cmp/u;
    %jmp/1 T_2.9, 6;
    %jmp T_2.10;
T_2.0 ;
    %pushi/vec4 37896, 0, 16;
    %split/vec4 1;
    %store/vec4 v00000000014fe110_0, 0, 1;
    %split/vec4 1;
    %store/vec4 v00000000014ff830_0, 0, 1;
    %split/vec4 1;
    %store/vec4 v00000000014ff330_0, 0, 1;
    %split/vec4 2;
    %store/vec4 v00000000014ffa10_0, 0, 2;
    %split/vec4 2;
    %store/vec4 v00000000014fef70_0, 0, 2;
    %split/vec4 2;
    %store/vec4 v00000000014fe9d0_0, 0, 2;
    %split/vec4 1;
    %store/vec4 v00000000014ff150_0, 0, 1;
    %split/vec4 1;
    %store/vec4 v00000000014fe250_0, 0, 1;
    %split/vec4 1;
    %store/vec4 v00000000014ffab0_0, 0, 1;
    %split/vec4 1;
    %store/vec4 v00000000014ff790_0, 0, 1;
    %split/vec4 1;
    %store/vec4 v00000000014fe430_0, 0, 1;
    %split/vec4 1;
    %store/vec4 v00000000014ff0b0_0, 0, 1;
    %store/vec4 v00000000014fe2f0_0, 0, 1;
    %pushi/vec4 1, 0, 4;
    %store/vec4 v00000000014fe930_0, 0, 4;
    %jmp T_2.10;
T_2.1 ;
    %pushi/vec4 24, 0, 16;
    %split/vec4 1;
    %store/vec4 v00000000014fe110_0, 0, 1;
    %split/vec4 1;
    %store/vec4 v00000000014ff830_0, 0, 1;
    %split/vec4 1;
    %store/vec4 v00000000014ff330_0, 0, 1;
    %split/vec4 2;
    %store/vec4 v00000000014ffa10_0, 0, 2;
    %split/vec4 2;
    %store/vec4 v00000000014fef70_0, 0, 2;
    %split/vec4 2;
    %store/vec4 v00000000014fe9d0_0, 0, 2;
    %split/vec4 1;
    %store/vec4 v00000000014ff150_0, 0, 1;
    %split/vec4 1;
    %store/vec4 v00000000014fe250_0, 0, 1;
    %split/vec4 1;
    %store/vec4 v00000000014ffab0_0, 0, 1;
    %split/vec4 1;
    %store/vec4 v00000000014ff790_0, 0, 1;
    %split/vec4 1;
    %store/vec4 v00000000014fe430_0, 0, 1;
    %split/vec4 1;
    %store/vec4 v00000000014ff0b0_0, 0, 1;
    %store/vec4 v00000000014fe2f0_0, 0, 1;
    %load/vec4 v00000000014ffb50_0;
    %dup/vec4;
    %pushi/vec4 2, 0, 6;
    %cmp/u;
    %jmp/1 T_2.11, 6;
    %dup/vec4;
    %pushi/vec4 4, 0, 6;
    %cmp/u;
    %jmp/1 T_2.12, 6;
    %dup/vec4;
    %pushi/vec4 0, 0, 6;
    %cmp/u;
    %jmp/1 T_2.13, 6;
    %dup/vec4;
    %pushi/vec4 43, 0, 6;
    %cmp/u;
    %jmp/1 T_2.14, 6;
    %dup/vec4;
    %pushi/vec4 35, 0, 6;
    %cmp/u;
    %jmp/1 T_2.15, 6;
    %jmp T_2.16;
T_2.11 ;
    %pushi/vec4 9, 0, 4;
    %store/vec4 v00000000014fe930_0, 0, 4;
    %jmp T_2.16;
T_2.12 ;
    %pushi/vec4 8, 0, 4;
    %store/vec4 v00000000014fe930_0, 0, 4;
    %jmp T_2.16;
T_2.13 ;
    %pushi/vec4 6, 0, 4;
    %store/vec4 v00000000014fe930_0, 0, 4;
    %jmp T_2.16;
T_2.14 ;
    %pushi/vec4 2, 0, 4;
    %store/vec4 v00000000014fe930_0, 0, 4;
    %jmp T_2.16;
T_2.15 ;
    %pushi/vec4 2, 0, 4;
    %store/vec4 v00000000014fe930_0, 0, 4;
    %jmp T_2.16;
T_2.16 ;
    %pop/vec4 1;
    %jmp T_2.10;
T_2.2 ;
    %pushi/vec4 20, 0, 16;
    %split/vec4 1;
    %store/vec4 v00000000014fe110_0, 0, 1;
    %split/vec4 1;
    %store/vec4 v00000000014ff830_0, 0, 1;
    %split/vec4 1;
    %store/vec4 v00000000014ff330_0, 0, 1;
    %split/vec4 2;
    %store/vec4 v00000000014ffa10_0, 0, 2;
    %split/vec4 2;
    %store/vec4 v00000000014fef70_0, 0, 2;
    %split/vec4 2;
    %store/vec4 v00000000014fe9d0_0, 0, 2;
    %split/vec4 1;
    %store/vec4 v00000000014ff150_0, 0, 1;
    %split/vec4 1;
    %store/vec4 v00000000014fe250_0, 0, 1;
    %split/vec4 1;
    %store/vec4 v00000000014ffab0_0, 0, 1;
    %split/vec4 1;
    %store/vec4 v00000000014ff790_0, 0, 1;
    %split/vec4 1;
    %store/vec4 v00000000014fe430_0, 0, 1;
    %split/vec4 1;
    %store/vec4 v00000000014ff0b0_0, 0, 1;
    %store/vec4 v00000000014fe2f0_0, 0, 1;
    %load/vec4 v00000000014ffb50_0;
    %dup/vec4;
    %pushi/vec4 35, 0, 6;
    %cmp/u;
    %jmp/1 T_2.17, 6;
    %dup/vec4;
    %pushi/vec4 43, 0, 6;
    %cmp/u;
    %jmp/1 T_2.18, 6;
    %jmp T_2.19;
T_2.17 ;
    %pushi/vec4 3, 0, 4;
    %store/vec4 v00000000014fe930_0, 0, 4;
    %jmp T_2.19;
T_2.18 ;
    %pushi/vec4 5, 0, 4;
    %store/vec4 v00000000014fe930_0, 0, 4;
    %jmp T_2.19;
T_2.19 ;
    %pop/vec4 1;
    %jmp T_2.10;
T_2.3 ;
    %pushi/vec4 12288, 0, 16;
    %split/vec4 1;
    %store/vec4 v00000000014fe110_0, 0, 1;
    %split/vec4 1;
    %store/vec4 v00000000014ff830_0, 0, 1;
    %split/vec4 1;
    %store/vec4 v00000000014ff330_0, 0, 1;
    %split/vec4 2;
    %store/vec4 v00000000014ffa10_0, 0, 2;
    %split/vec4 2;
    %store/vec4 v00000000014fef70_0, 0, 2;
    %split/vec4 2;
    %store/vec4 v00000000014fe9d0_0, 0, 2;
    %split/vec4 1;
    %store/vec4 v00000000014ff150_0, 0, 1;
    %split/vec4 1;
    %store/vec4 v00000000014fe250_0, 0, 1;
    %split/vec4 1;
    %store/vec4 v00000000014ffab0_0, 0, 1;
    %split/vec4 1;
    %store/vec4 v00000000014ff790_0, 0, 1;
    %split/vec4 1;
    %store/vec4 v00000000014fe430_0, 0, 1;
    %split/vec4 1;
    %store/vec4 v00000000014ff0b0_0, 0, 1;
    %store/vec4 v00000000014fe2f0_0, 0, 1;
    %pushi/vec4 4, 0, 4;
    %store/vec4 v00000000014fe930_0, 0, 4;
    %jmp T_2.10;
T_2.4 ;
    %pushi/vec4 514, 0, 16;
    %split/vec4 1;
    %store/vec4 v00000000014fe110_0, 0, 1;
    %split/vec4 1;
    %store/vec4 v00000000014ff830_0, 0, 1;
    %split/vec4 1;
    %store/vec4 v00000000014ff330_0, 0, 1;
    %split/vec4 2;
    %store/vec4 v00000000014ffa10_0, 0, 2;
    %split/vec4 2;
    %store/vec4 v00000000014fef70_0, 0, 2;
    %split/vec4 2;
    %store/vec4 v00000000014fe9d0_0, 0, 2;
    %split/vec4 1;
    %store/vec4 v00000000014ff150_0, 0, 1;
    %split/vec4 1;
    %store/vec4 v00000000014fe250_0, 0, 1;
    %split/vec4 1;
    %store/vec4 v00000000014ffab0_0, 0, 1;
    %split/vec4 1;
    %store/vec4 v00000000014ff790_0, 0, 1;
    %split/vec4 1;
    %store/vec4 v00000000014fe430_0, 0, 1;
    %split/vec4 1;
    %store/vec4 v00000000014ff0b0_0, 0, 1;
    %store/vec4 v00000000014fe2f0_0, 0, 1;
    %pushi/vec4 0, 0, 4;
    %store/vec4 v00000000014fe930_0, 0, 4;
    %jmp T_2.10;
T_2.5 ;
    %pushi/vec4 10240, 0, 16;
    %split/vec4 1;
    %store/vec4 v00000000014fe110_0, 0, 1;
    %split/vec4 1;
    %store/vec4 v00000000014ff830_0, 0, 1;
    %split/vec4 1;
    %store/vec4 v00000000014ff330_0, 0, 1;
    %split/vec4 2;
    %store/vec4 v00000000014ffa10_0, 0, 2;
    %split/vec4 2;
    %store/vec4 v00000000014fef70_0, 0, 2;
    %split/vec4 2;
    %store/vec4 v00000000014fe9d0_0, 0, 2;
    %split/vec4 1;
    %store/vec4 v00000000014ff150_0, 0, 1;
    %split/vec4 1;
    %store/vec4 v00000000014fe250_0, 0, 1;
    %split/vec4 1;
    %store/vec4 v00000000014ffab0_0, 0, 1;
    %split/vec4 1;
    %store/vec4 v00000000014ff790_0, 0, 1;
    %split/vec4 1;
    %store/vec4 v00000000014fe430_0, 0, 1;
    %split/vec4 1;
    %store/vec4 v00000000014ff0b0_0, 0, 1;
    %store/vec4 v00000000014fe2f0_0, 0, 1;
    %pushi/vec4 0, 0, 4;
    %store/vec4 v00000000014fe930_0, 0, 4;
    %jmp T_2.10;
T_2.6 ;
    %pushi/vec4 68, 0, 16;
    %split/vec4 1;
    %store/vec4 v00000000014fe110_0, 0, 1;
    %split/vec4 1;
    %store/vec4 v00000000014ff830_0, 0, 1;
    %split/vec4 1;
    %store/vec4 v00000000014ff330_0, 0, 1;
    %split/vec4 2;
    %store/vec4 v00000000014ffa10_0, 0, 2;
    %split/vec4 2;
    %store/vec4 v00000000014fef70_0, 0, 2;
    %split/vec4 2;
    %store/vec4 v00000000014fe9d0_0, 0, 2;
    %split/vec4 1;
    %store/vec4 v00000000014ff150_0, 0, 1;
    %split/vec4 1;
    %store/vec4 v00000000014fe250_0, 0, 1;
    %split/vec4 1;
    %store/vec4 v00000000014ffab0_0, 0, 1;
    %split/vec4 1;
    %store/vec4 v00000000014ff790_0, 0, 1;
    %split/vec4 1;
    %store/vec4 v00000000014fe430_0, 0, 1;
    %split/vec4 1;
    %store/vec4 v00000000014ff0b0_0, 0, 1;
    %store/vec4 v00000000014fe2f0_0, 0, 1;
    %pushi/vec4 7, 0, 4;
    %store/vec4 v00000000014fe930_0, 0, 4;
    %jmp T_2.10;
T_2.7 ;
    %pushi/vec4 3, 0, 16;
    %split/vec4 1;
    %store/vec4 v00000000014fe110_0, 0, 1;
    %split/vec4 1;
    %store/vec4 v00000000014ff830_0, 0, 1;
    %split/vec4 1;
    %store/vec4 v00000000014ff330_0, 0, 1;
    %split/vec4 2;
    %store/vec4 v00000000014ffa10_0, 0, 2;
    %split/vec4 2;
    %store/vec4 v00000000014fef70_0, 0, 2;
    %split/vec4 2;
    %store/vec4 v00000000014fe9d0_0, 0, 2;
    %split/vec4 1;
    %store/vec4 v00000000014ff150_0, 0, 1;
    %split/vec4 1;
    %store/vec4 v00000000014fe250_0, 0, 1;
    %split/vec4 1;
    %store/vec4 v00000000014ffab0_0, 0, 1;
    %split/vec4 1;
    %store/vec4 v00000000014ff790_0, 0, 1;
    %split/vec4 1;
    %store/vec4 v00000000014fe430_0, 0, 1;
    %split/vec4 1;
    %store/vec4 v00000000014ff0b0_0, 0, 1;
    %store/vec4 v00000000014fe2f0_0, 0, 1;
    %pushi/vec4 0, 0, 4;
    %store/vec4 v00000000014fe930_0, 0, 4;
    %jmp T_2.10;
T_2.8 ;
    %pushi/vec4 16548, 0, 16;
    %split/vec4 1;
    %store/vec4 v00000000014fe110_0, 0, 1;
    %split/vec4 1;
    %store/vec4 v00000000014ff830_0, 0, 1;
    %split/vec4 1;
    %store/vec4 v00000000014ff330_0, 0, 1;
    %split/vec4 2;
    %store/vec4 v00000000014ffa10_0, 0, 2;
    %split/vec4 2;
    %store/vec4 v00000000014fef70_0, 0, 2;
    %split/vec4 2;
    %store/vec4 v00000000014fe9d0_0, 0, 2;
    %split/vec4 1;
    %store/vec4 v00000000014ff150_0, 0, 1;
    %split/vec4 1;
    %store/vec4 v00000000014fe250_0, 0, 1;
    %split/vec4 1;
    %store/vec4 v00000000014ffab0_0, 0, 1;
    %split/vec4 1;
    %store/vec4 v00000000014ff790_0, 0, 1;
    %split/vec4 1;
    %store/vec4 v00000000014fe430_0, 0, 1;
    %split/vec4 1;
    %store/vec4 v00000000014ff0b0_0, 0, 1;
    %store/vec4 v00000000014fe2f0_0, 0, 1;
    %pushi/vec4 0, 0, 4;
    %store/vec4 v00000000014fe930_0, 0, 4;
    %jmp T_2.10;
T_2.9 ;
    %pushi/vec4 33024, 0, 16;
    %split/vec4 1;
    %store/vec4 v00000000014fe110_0, 0, 1;
    %split/vec4 1;
    %store/vec4 v00000000014ff830_0, 0, 1;
    %split/vec4 1;
    %store/vec4 v00000000014ff330_0, 0, 1;
    %split/vec4 2;
    %store/vec4 v00000000014ffa10_0, 0, 2;
    %split/vec4 2;
    %store/vec4 v00000000014fef70_0, 0, 2;
    %split/vec4 2;
    %store/vec4 v00000000014fe9d0_0, 0, 2;
    %split/vec4 1;
    %store/vec4 v00000000014ff150_0, 0, 1;
    %split/vec4 1;
    %store/vec4 v00000000014fe250_0, 0, 1;
    %split/vec4 1;
    %store/vec4 v00000000014ffab0_0, 0, 1;
    %split/vec4 1;
    %store/vec4 v00000000014ff790_0, 0, 1;
    %split/vec4 1;
    %store/vec4 v00000000014fe430_0, 0, 1;
    %split/vec4 1;
    %store/vec4 v00000000014ff0b0_0, 0, 1;
    %store/vec4 v00000000014fe2f0_0, 0, 1;
    %pushi/vec4 0, 0, 4;
    %store/vec4 v00000000014fe930_0, 0, 4;
    %jmp T_2.10;
T_2.10 ;
    %pop/vec4 1;
    %jmp T_2;
    .thread T_2, $push;
    .scope S_00000000015009e0;
T_3 ;
    %pushi/vec4 0, 0, 32;
    %store/vec4 v00000000014fe750_0, 0, 32;
    %end;
    .thread T_3;
    .scope S_00000000015009e0;
T_4 ;
    %wait E_0000000001154940;
    %load/vec4 v00000000014fee30_0;
    %flag_set/vec4 8;
    %jmp/0xz  T_4.0, 8;
    %pushi/vec4 0, 0, 32;
    %assign/vec4 v00000000014fe750_0, 0;
    %jmp T_4.1;
T_4.0 ;
    %load/vec4 v00000000014ff3d0_0;
    %flag_set/vec4 8;
    %jmp/0xz  T_4.2, 8;
    %load/vec4 v00000000014ffe70_0;
    %assign/vec4 v00000000014fe750_0, 0;
T_4.2 ;
T_4.1 ;
    %jmp T_4;
    .thread T_4;
    .scope S_0000000001500d00;
T_5 ;
    %pushi/vec4 0, 0, 32;
    %store/vec4 v0000000001501090_0, 0, 32;
T_5.0 ;
    %load/vec4 v0000000001501090_0;
    %cmpi/ne 256, 0, 32;
    %jmp/0xz T_5.1, 4;
    %pushi/vec4 0, 0, 32;
    %ix/getv/s 4, v0000000001501090_0;
    %store/vec4a v0000000001501db0, 4, 0;
    %load/vec4 v0000000001501090_0;
    %addi 1, 0, 32;
    %store/vec4 v0000000001501090_0, 0, 32;
    %jmp T_5.0;
T_5.1 ;
    %end;
    .thread T_5;
    .scope S_0000000001500d00;
T_6 ;
    %wait E_0000000001154040;
    %fork t_1, S_00000000015003a0;
    %jmp t_0;
    .scope S_00000000015003a0;
t_1 ;
    %load/vec4 v00000000014febb0_0;
    %flag_set/vec4 8;
    %jmp/0xz  T_6.0, 8;
    %load/vec4 v0000000001501c70_0;
    %load/vec4 v00000000014fff10_0;
    %parti/s 8, 2, 3;
    %pad/u 10;
    %ix/vec4 4;
    %store/vec4a v0000000001501db0, 4, 0;
T_6.0 ;
    %end;
    .scope S_0000000001500d00;
t_0 %join;
    %jmp T_6;
    .thread T_6, $push;
    .scope S_0000000001500d00;
T_7 ;
    %wait E_0000000001154580;
    %fork t_3, S_0000000001500210;
    %jmp t_2;
    .scope S_0000000001500210;
t_3 ;
    %load/vec4 v00000000014fff10_0;
    %parti/s 8, 2, 3;
    %pad/u 10;
    %ix/vec4 4;
    %load/vec4a v0000000001501db0, 4;
    %store/vec4 v0000000001502e90_0, 0, 32;
    %end;
    .scope S_0000000001500d00;
t_2 %join;
    %jmp T_7;
    .thread T_7, $push;
    .scope S_0000000001500d00;
T_8 ;
    %pushi/vec4 2894266428, 0, 32;
    %ix/load 4, 0, 0;
    %flag_set/imm 4, 0;
    %store/vec4a v0000000001501db0, 4, 0;
    %end;
    .thread T_8;
    .scope S_0000000001500b70;
T_9 ;
    %wait E_00000000011547c0;
    %load/vec4 v00000000014fea70_0;
    %assign/vec4 v00000000014fe390_0, 0;
    %jmp T_9;
    .thread T_9;
    .scope S_0000000001102b90;
T_10 ;
    %wait E_00000000011547c0;
    %load/vec4 v00000000014fed90_0;
    %flag_set/vec4 8;
    %jmp/0xz  T_10.0, 8;
    %load/vec4 v00000000014fe890_0;
    %store/vec4 v00000000014fe7f0_0, 0, 32;
T_10.0 ;
    %jmp T_10;
    .thread T_10;
    .scope S_0000000001500e90;
T_11 ;
    %wait E_00000000011547c0;
    %fork t_5, S_0000000001500080;
    %jmp t_4;
    .scope S_0000000001500080;
t_5 ;
    %load/vec4 v0000000001501630_0;
    %flag_set/vec4 8;
    %jmp/0xz  T_11.0, 8;
    %load/vec4 v0000000001502f30_0;
    %load/vec4 v0000000001502ad0_0;
    %pad/u 7;
    %ix/vec4 4;
    %store/vec4a v0000000001501130, 4, 0;
T_11.0 ;
    %end;
    .scope S_0000000001500e90;
t_4 %join;
    %jmp T_11;
    .thread T_11;
    .scope S_0000000001500e90;
T_12 ;
    %pushi/vec4 0, 0, 32;
    %store/vec4 v0000000001501bd0_0, 0, 32;
T_12.0 ;
    %load/vec4 v0000000001501bd0_0;
    %pad/s 37;
    %cmpi/ne 32, 0, 37;
    %jmp/0xz T_12.1, 4;
    %load/vec4 v0000000001501bd0_0;
    %ix/getv/s 4, v0000000001501bd0_0;
    %store/vec4a v0000000001501130, 4, 0;
    %load/vec4 v0000000001501bd0_0;
    %addi 1, 0, 32;
    %store/vec4 v0000000001501bd0_0, 0, 32;
    %jmp T_12.0;
T_12.1 ;
    %end;
    .thread T_12;
    .scope S_0000000001116fc0;
T_13 ;
    %wait E_00000000011547c0;
    %load/vec4 v00000000014fcce0_0;
    %assign/vec4 v00000000014fd820_0, 0;
    %jmp T_13;
    .thread T_13;
    .scope S_000000000110d760;
T_14 ;
    %wait E_00000000011547c0;
    %load/vec4 v00000000014fd960_0;
    %assign/vec4 v00000000014fda00_0, 0;
    %jmp T_14;
    .thread T_14;
    .scope S_0000000001108610;
T_15 ;
    %wait E_0000000001154480;
    %load/vec4 v00000000014fc060_0;
    %parti/s 1, 15, 5;
    %pad/u 32;
    %cmpi/e 1, 0, 32;
    %jmp/0xz  T_15.0, 4;
    %pushi/vec4 65535, 0, 16;
    %ix/load 4, 16, 0;
    %flag_set/imm 4, 0;
    %store/vec4 v00000000014fdf00_0, 4, 16;
    %jmp T_15.1;
T_15.0 ;
    %pushi/vec4 0, 0, 16;
    %ix/load 4, 16, 0;
    %flag_set/imm 4, 0;
    %store/vec4 v00000000014fdf00_0, 4, 16;
T_15.1 ;
    %load/vec4 v00000000014fc060_0;
    %ix/load 4, 0, 0;
    %flag_set/imm 4, 0;
    %store/vec4 v00000000014fdf00_0, 4, 16;
    %jmp T_15;
    .thread T_15, $push;
    .scope S_00000000015006c0;
T_16 ;
    %wait E_0000000001154080;
    %load/vec4 v00000000015014f0_0;
    %parti/s 30, 0, 2;
    %ix/load 4, 2, 0;
    %ix/load 5, 0, 0;
    %flag_set/imm 4, 0;
    %assign/vec4/off/d v0000000001501310_0, 4, 5;
    %pushi/vec4 0, 0, 2;
    %ix/load 4, 0, 0;
    %ix/load 5, 0, 0;
    %flag_set/imm 4, 0;
    %assign/vec4/off/d v0000000001501310_0, 4, 5;
    %jmp T_16;
    .thread T_16, $push;
    .scope S_0000000001116e30;
T_17 ;
    %wait E_0000000001154400;
    %load/vec4 v00000000014fcec0_0;
    %dup/vec4;
    %pushi/vec4 0, 0, 2;
    %cmp/u;
    %jmp/1 T_17.0, 6;
    %dup/vec4;
    %pushi/vec4 1, 0, 2;
    %cmp/u;
    %jmp/1 T_17.1, 6;
    %dup/vec4;
    %pushi/vec4 2, 0, 2;
    %cmp/u;
    %jmp/1 T_17.2, 6;
    %dup/vec4;
    %pushi/vec4 3, 0, 2;
    %cmp/u;
    %jmp/1 T_17.3, 6;
    %pushi/vec4 0, 4294967295, 32;
    %assign/vec4 v00000000014fd280_0, 0;
    %jmp T_17.5;
T_17.0 ;
    %load/vec4 v00000000001ea900_0;
    %assign/vec4 v00000000014fd280_0, 0;
    %jmp T_17.5;
T_17.1 ;
    %load/vec4 v00000000014fd640_0;
    %assign/vec4 v00000000014fd280_0, 0;
    %jmp T_17.5;
T_17.2 ;
    %load/vec4 v00000000014fdd20_0;
    %assign/vec4 v00000000014fd280_0, 0;
    %jmp T_17.5;
T_17.3 ;
    %load/vec4 v00000000014fce20_0;
    %assign/vec4 v00000000014fd280_0, 0;
    %jmp T_17.5;
T_17.5 ;
    %pop/vec4 1;
    %jmp T_17;
    .thread T_17, $push;
    .scope S_00000000011032d0;
T_18 ;
    %wait E_0000000001154000;
    %load/vec4 v00000000014ff650_0;
    %dup/vec4;
    %pushi/vec4 0, 0, 2;
    %cmp/u;
    %jmp/1 T_18.0, 6;
    %dup/vec4;
    %pushi/vec4 1, 0, 2;
    %cmp/u;
    %jmp/1 T_18.1, 6;
    %load/vec4 v00000000014ffdd0_0;
    %dup/vec4;
    %pushi/vec4 32, 0, 6;
    %cmp/u;
    %jmp/1 T_18.4, 6;
    %dup/vec4;
    %pushi/vec4 33, 0, 6;
    %cmp/u;
    %jmp/1 T_18.5, 6;
    %dup/vec4;
    %pushi/vec4 34, 0, 6;
    %cmp/u;
    %jmp/1 T_18.6, 6;
    %dup/vec4;
    %pushi/vec4 36, 0, 6;
    %cmp/u;
    %jmp/1 T_18.7, 6;
    %dup/vec4;
    %pushi/vec4 37, 0, 6;
    %cmp/u;
    %jmp/1 T_18.8, 6;
    %dup/vec4;
    %pushi/vec4 42, 0, 6;
    %cmp/u;
    %jmp/1 T_18.9, 6;
    %pushi/vec4 7, 7, 3;
    %assign/vec4 v00000000014feb10_0, 0;
    %jmp T_18.11;
T_18.4 ;
    %pushi/vec4 4, 0, 3;
    %assign/vec4 v00000000014feb10_0, 0;
    %jmp T_18.11;
T_18.5 ;
    %pushi/vec4 5, 0, 3;
    %assign/vec4 v00000000014feb10_0, 0;
    %jmp T_18.11;
T_18.6 ;
    %pushi/vec4 6, 0, 3;
    %assign/vec4 v00000000014feb10_0, 0;
    %jmp T_18.11;
T_18.7 ;
    %pushi/vec4 0, 0, 3;
    %assign/vec4 v00000000014feb10_0, 0;
    %jmp T_18.11;
T_18.8 ;
    %pushi/vec4 1, 0, 3;
    %assign/vec4 v00000000014feb10_0, 0;
    %jmp T_18.11;
T_18.9 ;
    %pushi/vec4 3, 0, 3;
    %assign/vec4 v00000000014feb10_0, 0;
    %jmp T_18.11;
T_18.11 ;
    %pop/vec4 1;
    %jmp T_18.3;
T_18.0 ;
    %pushi/vec4 4, 0, 3;
    %assign/vec4 v00000000014feb10_0, 0;
    %jmp T_18.3;
T_18.1 ;
    %pushi/vec4 6, 0, 3;
    %assign/vec4 v00000000014feb10_0, 0;
    %jmp T_18.3;
T_18.3 ;
    %pop/vec4 1;
    %jmp T_18;
    .thread T_18, $push;
    .scope S_0000000001106fb0;
T_19 ;
    %wait E_0000000001154a00;
    %load/vec4 v00000000014fc560_0;
    %dup/vec4;
    %pushi/vec4 4, 0, 3;
    %cmp/u;
    %jmp/1 T_19.0, 6;
    %dup/vec4;
    %pushi/vec4 4, 0, 3;
    %cmp/u;
    %jmp/1 T_19.1, 6;
    %dup/vec4;
    %pushi/vec4 6, 0, 3;
    %cmp/u;
    %jmp/1 T_19.2, 6;
    %dup/vec4;
    %pushi/vec4 0, 0, 3;
    %cmp/u;
    %jmp/1 T_19.3, 6;
    %dup/vec4;
    %pushi/vec4 1, 0, 3;
    %cmp/u;
    %jmp/1 T_19.4, 6;
    %dup/vec4;
    %pushi/vec4 3, 0, 3;
    %cmp/u;
    %jmp/1 T_19.5, 6;
    %load/vec4 v00000000014fc240_0;
    %pad/u 33;
    %load/vec4 v00000000014fc2e0_0;
    %pad/u 33;
    %add;
    %store/vec4 v00000000014ff8d0_0, 0, 33;
    %jmp T_19.7;
T_19.0 ;
    %load/vec4 v00000000014fc240_0;
    %pad/u 33;
    %load/vec4 v00000000014fc2e0_0;
    %pad/u 33;
    %add;
    %store/vec4 v00000000014ff8d0_0, 0, 33;
    %jmp T_19.7;
T_19.1 ;
    %load/vec4 v00000000014fcba0_0;
    %pad/s 33;
    %load/vec4 v00000000014fc740_0;
    %pad/s 33;
    %add;
    %store/vec4 v00000000014ff8d0_0, 0, 33;
    %jmp T_19.7;
T_19.2 ;
    %load/vec4 v00000000014fcba0_0;
    %pad/s 33;
    %load/vec4 v00000000014fc740_0;
    %pad/s 33;
    %sub;
    %store/vec4 v00000000014ff8d0_0, 0, 33;
    %jmp T_19.7;
T_19.3 ;
    %load/vec4 v00000000014fc240_0;
    %pad/u 33;
    %load/vec4 v00000000014fc2e0_0;
    %pad/u 33;
    %and;
    %store/vec4 v00000000014ff8d0_0, 0, 33;
    %jmp T_19.7;
T_19.4 ;
    %load/vec4 v00000000014fc240_0;
    %pad/u 33;
    %load/vec4 v00000000014fc2e0_0;
    %pad/u 33;
    %or;
    %store/vec4 v00000000014ff8d0_0, 0, 33;
    %jmp T_19.7;
T_19.5 ;
    %load/vec4 v00000000014fcba0_0;
    %load/vec4 v00000000014fc740_0;
    %cmp/s;
    %flag_mov 8, 5;
    %jmp/0 T_19.8, 8;
    %pushi/vec4 1, 0, 33;
    %jmp/1 T_19.9, 8;
T_19.8 ; End of true expr.
    %pushi/vec4 0, 0, 33;
    %jmp/0 T_19.9, 8;
 ; End of false expr.
    %blend;
T_19.9;
    %store/vec4 v00000000014ff8d0_0, 0, 33;
    %jmp T_19.7;
T_19.7 ;
    %pop/vec4 1;
    %jmp T_19;
    .thread T_19, $push;
    .scope S_0000000001149eb0;
T_20 ;
    %wait E_00000000011547c0;
    %load/vec4 v00000000011514f0_0;
    %assign/vec4 v0000000001150910_0, 0;
    %jmp T_20;
    .thread T_20;
    .scope S_0000000001500530;
T_21 ;
    %wait E_0000000001154380;
    %load/vec4 v0000000001502030_0;
    %ix/load 4, 2, 0;
    %ix/load 5, 0, 0;
    %flag_set/imm 4, 0;
    %assign/vec4/off/d v0000000001502210_0, 4, 5;
    %pushi/vec4 0, 0, 2;
    %ix/load 4, 0, 0;
    %ix/load 5, 0, 0;
    %flag_set/imm 4, 0;
    %assign/vec4/off/d v0000000001502210_0, 4, 5;
    %load/vec4 v0000000001501770_0;
    %ix/load 4, 28, 0;
    %ix/load 5, 0, 0;
    %flag_set/imm 4, 0;
    %assign/vec4/off/d v0000000001502210_0, 4, 5;
    %jmp T_21;
    .thread T_21, $push;
    .scope S_0000000001109240;
T_22 ;
    %wait E_0000000001154b00;
    %load/vec4 v00000000014fc600_0;
    %dup/vec4;
    %pushi/vec4 0, 0, 2;
    %cmp/u;
    %jmp/1 T_22.0, 6;
    %dup/vec4;
    %pushi/vec4 1, 0, 2;
    %cmp/u;
    %jmp/1 T_22.1, 6;
    %dup/vec4;
    %pushi/vec4 2, 0, 2;
    %cmp/u;
    %jmp/1 T_22.2, 6;
    %dup/vec4;
    %pushi/vec4 3, 0, 2;
    %cmp/u;
    %jmp/1 T_22.3, 6;
    %pushi/vec4 0, 4294967295, 32;
    %assign/vec4 v00000000014fd000_0, 0;
    %jmp T_22.5;
T_22.0 ;
    %load/vec4 v00000000014fd3c0_0;
    %assign/vec4 v00000000014fd000_0, 0;
    %jmp T_22.5;
T_22.1 ;
    %load/vec4 v00000000014fc420_0;
    %assign/vec4 v00000000014fd000_0, 0;
    %jmp T_22.5;
T_22.2 ;
    %load/vec4 v00000000014fde60_0;
    %assign/vec4 v00000000014fd000_0, 0;
    %jmp T_22.5;
T_22.3 ;
    %load/vec4 v00000000014fdc80_0;
    %assign/vec4 v00000000014fd000_0, 0;
    %jmp T_22.5;
T_22.5 ;
    %pop/vec4 1;
    %jmp T_22;
    .thread T_22, $push;
# The file index is used to find the file name in the following table.
:file_names 21;
    "N/A";
    "<interactive>";
    "CPU.v";
    "./ComReg.v";
    "./MUX32_2.v";
    "./MUX32_4.v";
    "./MUX5.v";
    "./SigExit16_32.v";
    "./ALU.v";
    "./ALUCU.v";
    "./AndGate.v";
    "./CU.v";
    "./IR.v";
    "./MDR.v";
    "./OrGate.v";
    "./PC.v";
    "./RAM.v";
    "./RF.v";
    "./SHL2_26.v";
    "./SHL2_32.v";
    "./SR.v";
