#! /usr/local/iverilog/bin/vvp
:ivl_version "11.0 (devel)" "(s20150603-642-g3bdb50da)";
:ivl_delay_selection "TYPICAL";
:vpi_time_precision + 0;
:vpi_module "system";
:vpi_module "vhdl_sys";
:vpi_module "vhdl_textio";
:vpi_module "v2005_math";
:vpi_module "va_math";
S_0000000001246ba0 .scope module, "RAM" "RAM" 2 1;
 .timescale 0 0;
    .port_info 0 /INPUT 32 "Addr";
    .port_info 1 /OUTPUT 32 "R_data";
    .port_info 2 /INPUT 1 "R";
    .port_info 3 /INPUT 1 "W";
    .port_info 4 /INPUT 32 "W_data";
P_0000000001246d30 .param/l "AddrWidth" 0 2 5, +C4<00000000000000000000000000100000>;
P_0000000001246d68 .param/l "DataDepth" 0 2 6, +C4<00000000000000000000000100000000>;
P_0000000001246da0 .param/l "DataWidth" 0 2 4, +C4<00000000000000000000000000100000>;
o0000000001118fd8 .functor BUFZ 32, C4<zzzzzzzzzzzzzzzzzzzzzzzzzzzzzzzz>; HiZ drive
v000000000110a970_0 .net "Addr", 31 0, o0000000001118fd8;  0 drivers
o0000000001119008 .functor BUFZ 1, C4<z>; HiZ drive
v000000000110ae10_0 .net "CLK", 0 0, o0000000001119008;  0 drivers
o0000000001119038 .functor BUFZ 1, C4<z>; HiZ drive
v000000000110aeb0_0 .net "R", 0 0, o0000000001119038;  0 drivers
v0000000001111ff0_0 .net "R_data", 31 0, L_0000000001112cc0;  1 drivers
o0000000001119098 .functor BUFZ 1, C4<z>; HiZ drive
v0000000001112090_0 .net "W", 0 0, o0000000001119098;  0 drivers
o00000000011190c8 .functor BUFZ 32, C4<zzzzzzzzzzzzzzzzzzzzzzzzzzzzzzzz>; HiZ drive
v0000000001112130_0 .net "W_data", 31 0, o00000000011190c8;  0 drivers
L_000000000116d878 .functor BUFT 1, C4<000000000000000000000000zzzzzzzz>, C4<0>, C4<0>, C4<0>;
v00000000011121d0_0 .net *"_s0", 31 0, L_000000000116d878;  1 drivers
v0000000001112270_0 .var "data_out", 31 0;
v0000000001112d60_0 .var/i "i", 31 0;
v0000000001113260 .array "mem", 255 0, 31 0;
v0000000001113260_0 .array/port v0000000001113260, 0;
v0000000001113260_1 .array/port v0000000001113260, 1;
v0000000001113260_2 .array/port v0000000001113260, 2;
E_0000000001116890/0 .event edge, v000000000110a970_0, v0000000001113260_0, v0000000001113260_1, v0000000001113260_2;
v0000000001113260_3 .array/port v0000000001113260, 3;
v0000000001113260_4 .array/port v0000000001113260, 4;
v0000000001113260_5 .array/port v0000000001113260, 5;
v0000000001113260_6 .array/port v0000000001113260, 6;
E_0000000001116890/1 .event edge, v0000000001113260_3, v0000000001113260_4, v0000000001113260_5, v0000000001113260_6;
v0000000001113260_7 .array/port v0000000001113260, 7;
v0000000001113260_8 .array/port v0000000001113260, 8;
v0000000001113260_9 .array/port v0000000001113260, 9;
v0000000001113260_10 .array/port v0000000001113260, 10;
E_0000000001116890/2 .event edge, v0000000001113260_7, v0000000001113260_8, v0000000001113260_9, v0000000001113260_10;
v0000000001113260_11 .array/port v0000000001113260, 11;
v0000000001113260_12 .array/port v0000000001113260, 12;
v0000000001113260_13 .array/port v0000000001113260, 13;
v0000000001113260_14 .array/port v0000000001113260, 14;
E_0000000001116890/3 .event edge, v0000000001113260_11, v0000000001113260_12, v0000000001113260_13, v0000000001113260_14;
v0000000001113260_15 .array/port v0000000001113260, 15;
v0000000001113260_16 .array/port v0000000001113260, 16;
v0000000001113260_17 .array/port v0000000001113260, 17;
v0000000001113260_18 .array/port v0000000001113260, 18;
E_0000000001116890/4 .event edge, v0000000001113260_15, v0000000001113260_16, v0000000001113260_17, v0000000001113260_18;
v0000000001113260_19 .array/port v0000000001113260, 19;
v0000000001113260_20 .array/port v0000000001113260, 20;
v0000000001113260_21 .array/port v0000000001113260, 21;
v0000000001113260_22 .array/port v0000000001113260, 22;
E_0000000001116890/5 .event edge, v0000000001113260_19, v0000000001113260_20, v0000000001113260_21, v0000000001113260_22;
v0000000001113260_23 .array/port v0000000001113260, 23;
v0000000001113260_24 .array/port v0000000001113260, 24;
v0000000001113260_25 .array/port v0000000001113260, 25;
v0000000001113260_26 .array/port v0000000001113260, 26;
E_0000000001116890/6 .event edge, v0000000001113260_23, v0000000001113260_24, v0000000001113260_25, v0000000001113260_26;
v0000000001113260_27 .array/port v0000000001113260, 27;
v0000000001113260_28 .array/port v0000000001113260, 28;
v0000000001113260_29 .array/port v0000000001113260, 29;
v0000000001113260_30 .array/port v0000000001113260, 30;
E_0000000001116890/7 .event edge, v0000000001113260_27, v0000000001113260_28, v0000000001113260_29, v0000000001113260_30;
v0000000001113260_31 .array/port v0000000001113260, 31;
v0000000001113260_32 .array/port v0000000001113260, 32;
v0000000001113260_33 .array/port v0000000001113260, 33;
v0000000001113260_34 .array/port v0000000001113260, 34;
E_0000000001116890/8 .event edge, v0000000001113260_31, v0000000001113260_32, v0000000001113260_33, v0000000001113260_34;
v0000000001113260_35 .array/port v0000000001113260, 35;
v0000000001113260_36 .array/port v0000000001113260, 36;
v0000000001113260_37 .array/port v0000000001113260, 37;
v0000000001113260_38 .array/port v0000000001113260, 38;
E_0000000001116890/9 .event edge, v0000000001113260_35, v0000000001113260_36, v0000000001113260_37, v0000000001113260_38;
v0000000001113260_39 .array/port v0000000001113260, 39;
v0000000001113260_40 .array/port v0000000001113260, 40;
v0000000001113260_41 .array/port v0000000001113260, 41;
v0000000001113260_42 .array/port v0000000001113260, 42;
E_0000000001116890/10 .event edge, v0000000001113260_39, v0000000001113260_40, v0000000001113260_41, v0000000001113260_42;
v0000000001113260_43 .array/port v0000000001113260, 43;
v0000000001113260_44 .array/port v0000000001113260, 44;
v0000000001113260_45 .array/port v0000000001113260, 45;
v0000000001113260_46 .array/port v0000000001113260, 46;
E_0000000001116890/11 .event edge, v0000000001113260_43, v0000000001113260_44, v0000000001113260_45, v0000000001113260_46;
v0000000001113260_47 .array/port v0000000001113260, 47;
v0000000001113260_48 .array/port v0000000001113260, 48;
v0000000001113260_49 .array/port v0000000001113260, 49;
v0000000001113260_50 .array/port v0000000001113260, 50;
E_0000000001116890/12 .event edge, v0000000001113260_47, v0000000001113260_48, v0000000001113260_49, v0000000001113260_50;
v0000000001113260_51 .array/port v0000000001113260, 51;
v0000000001113260_52 .array/port v0000000001113260, 52;
v0000000001113260_53 .array/port v0000000001113260, 53;
v0000000001113260_54 .array/port v0000000001113260, 54;
E_0000000001116890/13 .event edge, v0000000001113260_51, v0000000001113260_52, v0000000001113260_53, v0000000001113260_54;
v0000000001113260_55 .array/port v0000000001113260, 55;
v0000000001113260_56 .array/port v0000000001113260, 56;
v0000000001113260_57 .array/port v0000000001113260, 57;
v0000000001113260_58 .array/port v0000000001113260, 58;
E_0000000001116890/14 .event edge, v0000000001113260_55, v0000000001113260_56, v0000000001113260_57, v0000000001113260_58;
v0000000001113260_59 .array/port v0000000001113260, 59;
v0000000001113260_60 .array/port v0000000001113260, 60;
v0000000001113260_61 .array/port v0000000001113260, 61;
v0000000001113260_62 .array/port v0000000001113260, 62;
E_0000000001116890/15 .event edge, v0000000001113260_59, v0000000001113260_60, v0000000001113260_61, v0000000001113260_62;
v0000000001113260_63 .array/port v0000000001113260, 63;
v0000000001113260_64 .array/port v0000000001113260, 64;
v0000000001113260_65 .array/port v0000000001113260, 65;
v0000000001113260_66 .array/port v0000000001113260, 66;
E_0000000001116890/16 .event edge, v0000000001113260_63, v0000000001113260_64, v0000000001113260_65, v0000000001113260_66;
v0000000001113260_67 .array/port v0000000001113260, 67;
v0000000001113260_68 .array/port v0000000001113260, 68;
v0000000001113260_69 .array/port v0000000001113260, 69;
v0000000001113260_70 .array/port v0000000001113260, 70;
E_0000000001116890/17 .event edge, v0000000001113260_67, v0000000001113260_68, v0000000001113260_69, v0000000001113260_70;
v0000000001113260_71 .array/port v0000000001113260, 71;
v0000000001113260_72 .array/port v0000000001113260, 72;
v0000000001113260_73 .array/port v0000000001113260, 73;
v0000000001113260_74 .array/port v0000000001113260, 74;
E_0000000001116890/18 .event edge, v0000000001113260_71, v0000000001113260_72, v0000000001113260_73, v0000000001113260_74;
v0000000001113260_75 .array/port v0000000001113260, 75;
v0000000001113260_76 .array/port v0000000001113260, 76;
v0000000001113260_77 .array/port v0000000001113260, 77;
v0000000001113260_78 .array/port v0000000001113260, 78;
E_0000000001116890/19 .event edge, v0000000001113260_75, v0000000001113260_76, v0000000001113260_77, v0000000001113260_78;
v0000000001113260_79 .array/port v0000000001113260, 79;
v0000000001113260_80 .array/port v0000000001113260, 80;
v0000000001113260_81 .array/port v0000000001113260, 81;
v0000000001113260_82 .array/port v0000000001113260, 82;
E_0000000001116890/20 .event edge, v0000000001113260_79, v0000000001113260_80, v0000000001113260_81, v0000000001113260_82;
v0000000001113260_83 .array/port v0000000001113260, 83;
v0000000001113260_84 .array/port v0000000001113260, 84;
v0000000001113260_85 .array/port v0000000001113260, 85;
v0000000001113260_86 .array/port v0000000001113260, 86;
E_0000000001116890/21 .event edge, v0000000001113260_83, v0000000001113260_84, v0000000001113260_85, v0000000001113260_86;
v0000000001113260_87 .array/port v0000000001113260, 87;
v0000000001113260_88 .array/port v0000000001113260, 88;
v0000000001113260_89 .array/port v0000000001113260, 89;
v0000000001113260_90 .array/port v0000000001113260, 90;
E_0000000001116890/22 .event edge, v0000000001113260_87, v0000000001113260_88, v0000000001113260_89, v0000000001113260_90;
v0000000001113260_91 .array/port v0000000001113260, 91;
v0000000001113260_92 .array/port v0000000001113260, 92;
v0000000001113260_93 .array/port v0000000001113260, 93;
v0000000001113260_94 .array/port v0000000001113260, 94;
E_0000000001116890/23 .event edge, v0000000001113260_91, v0000000001113260_92, v0000000001113260_93, v0000000001113260_94;
v0000000001113260_95 .array/port v0000000001113260, 95;
v0000000001113260_96 .array/port v0000000001113260, 96;
v0000000001113260_97 .array/port v0000000001113260, 97;
v0000000001113260_98 .array/port v0000000001113260, 98;
E_0000000001116890/24 .event edge, v0000000001113260_95, v0000000001113260_96, v0000000001113260_97, v0000000001113260_98;
v0000000001113260_99 .array/port v0000000001113260, 99;
v0000000001113260_100 .array/port v0000000001113260, 100;
v0000000001113260_101 .array/port v0000000001113260, 101;
v0000000001113260_102 .array/port v0000000001113260, 102;
E_0000000001116890/25 .event edge, v0000000001113260_99, v0000000001113260_100, v0000000001113260_101, v0000000001113260_102;
v0000000001113260_103 .array/port v0000000001113260, 103;
v0000000001113260_104 .array/port v0000000001113260, 104;
v0000000001113260_105 .array/port v0000000001113260, 105;
v0000000001113260_106 .array/port v0000000001113260, 106;
E_0000000001116890/26 .event edge, v0000000001113260_103, v0000000001113260_104, v0000000001113260_105, v0000000001113260_106;
v0000000001113260_107 .array/port v0000000001113260, 107;
v0000000001113260_108 .array/port v0000000001113260, 108;
v0000000001113260_109 .array/port v0000000001113260, 109;
v0000000001113260_110 .array/port v0000000001113260, 110;
E_0000000001116890/27 .event edge, v0000000001113260_107, v0000000001113260_108, v0000000001113260_109, v0000000001113260_110;
v0000000001113260_111 .array/port v0000000001113260, 111;
v0000000001113260_112 .array/port v0000000001113260, 112;
v0000000001113260_113 .array/port v0000000001113260, 113;
v0000000001113260_114 .array/port v0000000001113260, 114;
E_0000000001116890/28 .event edge, v0000000001113260_111, v0000000001113260_112, v0000000001113260_113, v0000000001113260_114;
v0000000001113260_115 .array/port v0000000001113260, 115;
v0000000001113260_116 .array/port v0000000001113260, 116;
v0000000001113260_117 .array/port v0000000001113260, 117;
v0000000001113260_118 .array/port v0000000001113260, 118;
E_0000000001116890/29 .event edge, v0000000001113260_115, v0000000001113260_116, v0000000001113260_117, v0000000001113260_118;
v0000000001113260_119 .array/port v0000000001113260, 119;
v0000000001113260_120 .array/port v0000000001113260, 120;
v0000000001113260_121 .array/port v0000000001113260, 121;
v0000000001113260_122 .array/port v0000000001113260, 122;
E_0000000001116890/30 .event edge, v0000000001113260_119, v0000000001113260_120, v0000000001113260_121, v0000000001113260_122;
v0000000001113260_123 .array/port v0000000001113260, 123;
v0000000001113260_124 .array/port v0000000001113260, 124;
v0000000001113260_125 .array/port v0000000001113260, 125;
v0000000001113260_126 .array/port v0000000001113260, 126;
E_0000000001116890/31 .event edge, v0000000001113260_123, v0000000001113260_124, v0000000001113260_125, v0000000001113260_126;
v0000000001113260_127 .array/port v0000000001113260, 127;
v0000000001113260_128 .array/port v0000000001113260, 128;
v0000000001113260_129 .array/port v0000000001113260, 129;
v0000000001113260_130 .array/port v0000000001113260, 130;
E_0000000001116890/32 .event edge, v0000000001113260_127, v0000000001113260_128, v0000000001113260_129, v0000000001113260_130;
v0000000001113260_131 .array/port v0000000001113260, 131;
v0000000001113260_132 .array/port v0000000001113260, 132;
v0000000001113260_133 .array/port v0000000001113260, 133;
v0000000001113260_134 .array/port v0000000001113260, 134;
E_0000000001116890/33 .event edge, v0000000001113260_131, v0000000001113260_132, v0000000001113260_133, v0000000001113260_134;
v0000000001113260_135 .array/port v0000000001113260, 135;
v0000000001113260_136 .array/port v0000000001113260, 136;
v0000000001113260_137 .array/port v0000000001113260, 137;
v0000000001113260_138 .array/port v0000000001113260, 138;
E_0000000001116890/34 .event edge, v0000000001113260_135, v0000000001113260_136, v0000000001113260_137, v0000000001113260_138;
v0000000001113260_139 .array/port v0000000001113260, 139;
v0000000001113260_140 .array/port v0000000001113260, 140;
v0000000001113260_141 .array/port v0000000001113260, 141;
v0000000001113260_142 .array/port v0000000001113260, 142;
E_0000000001116890/35 .event edge, v0000000001113260_139, v0000000001113260_140, v0000000001113260_141, v0000000001113260_142;
v0000000001113260_143 .array/port v0000000001113260, 143;
v0000000001113260_144 .array/port v0000000001113260, 144;
v0000000001113260_145 .array/port v0000000001113260, 145;
v0000000001113260_146 .array/port v0000000001113260, 146;
E_0000000001116890/36 .event edge, v0000000001113260_143, v0000000001113260_144, v0000000001113260_145, v0000000001113260_146;
v0000000001113260_147 .array/port v0000000001113260, 147;
v0000000001113260_148 .array/port v0000000001113260, 148;
v0000000001113260_149 .array/port v0000000001113260, 149;
v0000000001113260_150 .array/port v0000000001113260, 150;
E_0000000001116890/37 .event edge, v0000000001113260_147, v0000000001113260_148, v0000000001113260_149, v0000000001113260_150;
v0000000001113260_151 .array/port v0000000001113260, 151;
v0000000001113260_152 .array/port v0000000001113260, 152;
v0000000001113260_153 .array/port v0000000001113260, 153;
v0000000001113260_154 .array/port v0000000001113260, 154;
E_0000000001116890/38 .event edge, v0000000001113260_151, v0000000001113260_152, v0000000001113260_153, v0000000001113260_154;
v0000000001113260_155 .array/port v0000000001113260, 155;
v0000000001113260_156 .array/port v0000000001113260, 156;
v0000000001113260_157 .array/port v0000000001113260, 157;
v0000000001113260_158 .array/port v0000000001113260, 158;
E_0000000001116890/39 .event edge, v0000000001113260_155, v0000000001113260_156, v0000000001113260_157, v0000000001113260_158;
v0000000001113260_159 .array/port v0000000001113260, 159;
v0000000001113260_160 .array/port v0000000001113260, 160;
v0000000001113260_161 .array/port v0000000001113260, 161;
v0000000001113260_162 .array/port v0000000001113260, 162;
E_0000000001116890/40 .event edge, v0000000001113260_159, v0000000001113260_160, v0000000001113260_161, v0000000001113260_162;
v0000000001113260_163 .array/port v0000000001113260, 163;
v0000000001113260_164 .array/port v0000000001113260, 164;
v0000000001113260_165 .array/port v0000000001113260, 165;
v0000000001113260_166 .array/port v0000000001113260, 166;
E_0000000001116890/41 .event edge, v0000000001113260_163, v0000000001113260_164, v0000000001113260_165, v0000000001113260_166;
v0000000001113260_167 .array/port v0000000001113260, 167;
v0000000001113260_168 .array/port v0000000001113260, 168;
v0000000001113260_169 .array/port v0000000001113260, 169;
v0000000001113260_170 .array/port v0000000001113260, 170;
E_0000000001116890/42 .event edge, v0000000001113260_167, v0000000001113260_168, v0000000001113260_169, v0000000001113260_170;
v0000000001113260_171 .array/port v0000000001113260, 171;
v0000000001113260_172 .array/port v0000000001113260, 172;
v0000000001113260_173 .array/port v0000000001113260, 173;
v0000000001113260_174 .array/port v0000000001113260, 174;
E_0000000001116890/43 .event edge, v0000000001113260_171, v0000000001113260_172, v0000000001113260_173, v0000000001113260_174;
v0000000001113260_175 .array/port v0000000001113260, 175;
v0000000001113260_176 .array/port v0000000001113260, 176;
v0000000001113260_177 .array/port v0000000001113260, 177;
v0000000001113260_178 .array/port v0000000001113260, 178;
E_0000000001116890/44 .event edge, v0000000001113260_175, v0000000001113260_176, v0000000001113260_177, v0000000001113260_178;
v0000000001113260_179 .array/port v0000000001113260, 179;
v0000000001113260_180 .array/port v0000000001113260, 180;
v0000000001113260_181 .array/port v0000000001113260, 181;
v0000000001113260_182 .array/port v0000000001113260, 182;
E_0000000001116890/45 .event edge, v0000000001113260_179, v0000000001113260_180, v0000000001113260_181, v0000000001113260_182;
v0000000001113260_183 .array/port v0000000001113260, 183;
v0000000001113260_184 .array/port v0000000001113260, 184;
v0000000001113260_185 .array/port v0000000001113260, 185;
v0000000001113260_186 .array/port v0000000001113260, 186;
E_0000000001116890/46 .event edge, v0000000001113260_183, v0000000001113260_184, v0000000001113260_185, v0000000001113260_186;
v0000000001113260_187 .array/port v0000000001113260, 187;
v0000000001113260_188 .array/port v0000000001113260, 188;
v0000000001113260_189 .array/port v0000000001113260, 189;
v0000000001113260_190 .array/port v0000000001113260, 190;
E_0000000001116890/47 .event edge, v0000000001113260_187, v0000000001113260_188, v0000000001113260_189, v0000000001113260_190;
v0000000001113260_191 .array/port v0000000001113260, 191;
v0000000001113260_192 .array/port v0000000001113260, 192;
v0000000001113260_193 .array/port v0000000001113260, 193;
v0000000001113260_194 .array/port v0000000001113260, 194;
E_0000000001116890/48 .event edge, v0000000001113260_191, v0000000001113260_192, v0000000001113260_193, v0000000001113260_194;
v0000000001113260_195 .array/port v0000000001113260, 195;
v0000000001113260_196 .array/port v0000000001113260, 196;
v0000000001113260_197 .array/port v0000000001113260, 197;
v0000000001113260_198 .array/port v0000000001113260, 198;
E_0000000001116890/49 .event edge, v0000000001113260_195, v0000000001113260_196, v0000000001113260_197, v0000000001113260_198;
v0000000001113260_199 .array/port v0000000001113260, 199;
v0000000001113260_200 .array/port v0000000001113260, 200;
v0000000001113260_201 .array/port v0000000001113260, 201;
v0000000001113260_202 .array/port v0000000001113260, 202;
E_0000000001116890/50 .event edge, v0000000001113260_199, v0000000001113260_200, v0000000001113260_201, v0000000001113260_202;
v0000000001113260_203 .array/port v0000000001113260, 203;
v0000000001113260_204 .array/port v0000000001113260, 204;
v0000000001113260_205 .array/port v0000000001113260, 205;
v0000000001113260_206 .array/port v0000000001113260, 206;
E_0000000001116890/51 .event edge, v0000000001113260_203, v0000000001113260_204, v0000000001113260_205, v0000000001113260_206;
v0000000001113260_207 .array/port v0000000001113260, 207;
v0000000001113260_208 .array/port v0000000001113260, 208;
v0000000001113260_209 .array/port v0000000001113260, 209;
v0000000001113260_210 .array/port v0000000001113260, 210;
E_0000000001116890/52 .event edge, v0000000001113260_207, v0000000001113260_208, v0000000001113260_209, v0000000001113260_210;
v0000000001113260_211 .array/port v0000000001113260, 211;
v0000000001113260_212 .array/port v0000000001113260, 212;
v0000000001113260_213 .array/port v0000000001113260, 213;
v0000000001113260_214 .array/port v0000000001113260, 214;
E_0000000001116890/53 .event edge, v0000000001113260_211, v0000000001113260_212, v0000000001113260_213, v0000000001113260_214;
v0000000001113260_215 .array/port v0000000001113260, 215;
v0000000001113260_216 .array/port v0000000001113260, 216;
v0000000001113260_217 .array/port v0000000001113260, 217;
v0000000001113260_218 .array/port v0000000001113260, 218;
E_0000000001116890/54 .event edge, v0000000001113260_215, v0000000001113260_216, v0000000001113260_217, v0000000001113260_218;
v0000000001113260_219 .array/port v0000000001113260, 219;
v0000000001113260_220 .array/port v0000000001113260, 220;
v0000000001113260_221 .array/port v0000000001113260, 221;
v0000000001113260_222 .array/port v0000000001113260, 222;
E_0000000001116890/55 .event edge, v0000000001113260_219, v0000000001113260_220, v0000000001113260_221, v0000000001113260_222;
v0000000001113260_223 .array/port v0000000001113260, 223;
v0000000001113260_224 .array/port v0000000001113260, 224;
v0000000001113260_225 .array/port v0000000001113260, 225;
v0000000001113260_226 .array/port v0000000001113260, 226;
E_0000000001116890/56 .event edge, v0000000001113260_223, v0000000001113260_224, v0000000001113260_225, v0000000001113260_226;
v0000000001113260_227 .array/port v0000000001113260, 227;
v0000000001113260_228 .array/port v0000000001113260, 228;
v0000000001113260_229 .array/port v0000000001113260, 229;
v0000000001113260_230 .array/port v0000000001113260, 230;
E_0000000001116890/57 .event edge, v0000000001113260_227, v0000000001113260_228, v0000000001113260_229, v0000000001113260_230;
v0000000001113260_231 .array/port v0000000001113260, 231;
v0000000001113260_232 .array/port v0000000001113260, 232;
v0000000001113260_233 .array/port v0000000001113260, 233;
v0000000001113260_234 .array/port v0000000001113260, 234;
E_0000000001116890/58 .event edge, v0000000001113260_231, v0000000001113260_232, v0000000001113260_233, v0000000001113260_234;
v0000000001113260_235 .array/port v0000000001113260, 235;
v0000000001113260_236 .array/port v0000000001113260, 236;
v0000000001113260_237 .array/port v0000000001113260, 237;
v0000000001113260_238 .array/port v0000000001113260, 238;
E_0000000001116890/59 .event edge, v0000000001113260_235, v0000000001113260_236, v0000000001113260_237, v0000000001113260_238;
v0000000001113260_239 .array/port v0000000001113260, 239;
v0000000001113260_240 .array/port v0000000001113260, 240;
v0000000001113260_241 .array/port v0000000001113260, 241;
v0000000001113260_242 .array/port v0000000001113260, 242;
E_0000000001116890/60 .event edge, v0000000001113260_239, v0000000001113260_240, v0000000001113260_241, v0000000001113260_242;
v0000000001113260_243 .array/port v0000000001113260, 243;
v0000000001113260_244 .array/port v0000000001113260, 244;
v0000000001113260_245 .array/port v0000000001113260, 245;
v0000000001113260_246 .array/port v0000000001113260, 246;
E_0000000001116890/61 .event edge, v0000000001113260_243, v0000000001113260_244, v0000000001113260_245, v0000000001113260_246;
v0000000001113260_247 .array/port v0000000001113260, 247;
v0000000001113260_248 .array/port v0000000001113260, 248;
v0000000001113260_249 .array/port v0000000001113260, 249;
v0000000001113260_250 .array/port v0000000001113260, 250;
E_0000000001116890/62 .event edge, v0000000001113260_247, v0000000001113260_248, v0000000001113260_249, v0000000001113260_250;
v0000000001113260_251 .array/port v0000000001113260, 251;
v0000000001113260_252 .array/port v0000000001113260, 252;
v0000000001113260_253 .array/port v0000000001113260, 253;
v0000000001113260_254 .array/port v0000000001113260, 254;
E_0000000001116890/63 .event edge, v0000000001113260_251, v0000000001113260_252, v0000000001113260_253, v0000000001113260_254;
v0000000001113260_255 .array/port v0000000001113260, 255;
E_0000000001116890/64 .event edge, v0000000001113260_255;
E_0000000001116890 .event/or E_0000000001116890/0, E_0000000001116890/1, E_0000000001116890/2, E_0000000001116890/3, E_0000000001116890/4, E_0000000001116890/5, E_0000000001116890/6, E_0000000001116890/7, E_0000000001116890/8, E_0000000001116890/9, E_0000000001116890/10, E_0000000001116890/11, E_0000000001116890/12, E_0000000001116890/13, E_0000000001116890/14, E_0000000001116890/15, E_0000000001116890/16, E_0000000001116890/17, E_0000000001116890/18, E_0000000001116890/19, E_0000000001116890/20, E_0000000001116890/21, E_0000000001116890/22, E_0000000001116890/23, E_0000000001116890/24, E_0000000001116890/25, E_0000000001116890/26, E_0000000001116890/27, E_0000000001116890/28, E_0000000001116890/29, E_0000000001116890/30, E_0000000001116890/31, E_0000000001116890/32, E_0000000001116890/33, E_0000000001116890/34, E_0000000001116890/35, E_0000000001116890/36, E_0000000001116890/37, E_0000000001116890/38, E_0000000001116890/39, E_0000000001116890/40, E_0000000001116890/41, E_0000000001116890/42, E_0000000001116890/43, E_0000000001116890/44, E_0000000001116890/45, E_0000000001116890/46, E_0000000001116890/47, E_0000000001116890/48, E_0000000001116890/49, E_0000000001116890/50, E_0000000001116890/51, E_0000000001116890/52, E_0000000001116890/53, E_0000000001116890/54, E_0000000001116890/55, E_0000000001116890/56, E_0000000001116890/57, E_0000000001116890/58, E_0000000001116890/59, E_0000000001116890/60, E_0000000001116890/61, E_0000000001116890/62, E_0000000001116890/63, E_0000000001116890/64;
E_0000000001116910 .event edge, v0000000001112090_0, v0000000001112130_0, v000000000110a970_0;
L_0000000001112cc0 .functor MUXZ 32, L_000000000116d878, v0000000001112270_0, o0000000001119038, C4<>;
S_0000000001246de0 .scope begin, "MEM_READ" "MEM_READ" 2 28, 2 28 0, S_0000000001246ba0;
 .timescale 0 0;
S_000000000110a7e0 .scope begin, "MEM_WRITE" "MEM_WRITE" 2 21, 2 21 0, S_0000000001246ba0;
 .timescale 0 0;
    .scope S_0000000001246ba0;
T_0 ;
    %pushi/vec4 0, 0, 32;
    %store/vec4 v0000000001112d60_0, 0, 32;
T_0.0 ;
    %load/vec4 v0000000001112d60_0;
    %cmpi/ne 256, 0, 32;
    %jmp/0xz T_0.1, 4;
    %pushi/vec4 0, 0, 32;
    %ix/getv/s 4, v0000000001112d60_0;
    %store/vec4a v0000000001113260, 4, 0;
    %load/vec4 v0000000001112d60_0;
    %addi 1, 0, 32;
    %store/vec4 v0000000001112d60_0, 0, 32;
    %jmp T_0.0;
T_0.1 ;
    %end;
    .thread T_0;
    .scope S_0000000001246ba0;
T_1 ;
    %wait E_0000000001116910;
    %fork t_1, S_000000000110a7e0;
    %jmp t_0;
    .scope S_000000000110a7e0;
t_1 ;
    %load/vec4 v0000000001112090_0;
    %flag_set/vec4 8;
    %jmp/0xz  T_1.0, 8;
    %load/vec4 v0000000001112130_0;
    %load/vec4 v000000000110a970_0;
    %parti/s 8, 2, 3;
    %pad/u 10;
    %ix/vec4 4;
    %store/vec4a v0000000001113260, 4, 0;
T_1.0 ;
    %end;
    .scope S_0000000001246ba0;
t_0 %join;
    %jmp T_1;
    .thread T_1, $push;
    .scope S_0000000001246ba0;
T_2 ;
    %wait E_0000000001116890;
    %fork t_3, S_0000000001246de0;
    %jmp t_2;
    .scope S_0000000001246de0;
t_3 ;
    %load/vec4 v000000000110a970_0;
    %parti/s 8, 2, 3;
    %pad/u 10;
    %ix/vec4 4;
    %load/vec4a v0000000001113260, 4;
    %store/vec4 v0000000001112270_0, 0, 32;
    %end;
    .scope S_0000000001246ba0;
t_2 %join;
    %jmp T_2;
    .thread T_2, $push;
    .scope S_0000000001246ba0;
T_3 ;
    %pushi/vec4 2894266428, 0, 32;
    %ix/load 4, 0, 0;
    %flag_set/imm 4, 0;
    %store/vec4a v0000000001113260, 4, 0;
    %end;
    .thread T_3;
# The file index is used to find the file name in the following table.
:file_names 3;
    "N/A";
    "<interactive>";
    "RAM.v";
